#
# A fatal error has been detected by the Java Runtime Environment:
#
#  EXCEPTION_ACCESS_VIOLATION (0xc0000005) at pc=0x00007ffe8ed30ae1, pid=1528, tid=8280
#
# JRE version: OpenJDK Runtime Environment JBR-17.0.12+1-1207.37-nomod (17.0.12+1) (build 17.0.12+1-b1207.37)
# Java VM: OpenJDK 64-Bit Server VM JBR-17.0.12+1-1207.37-nomod (17.0.12+1-b1207.37, mixed mode, sharing, tiered, compressed oops, compressed class ptrs, g1 gc, windows-amd64)
# Problematic frame:
# V  [jvm.dll+0x6b0ae1]  PhaseCCP::transform+0x311
#
# No core dump will be written. Minidumps are not enabled by default on client versions of Windows
#
# If you would like to submit a bug report, please visit:
#   https://youtrack.jetbrains.com/issues/JBR
#

---------------  S U M M A R Y ------------

Command Line: -Dmaven.multiModuleProjectDirectory=C:\Users\Mega-PC\Desktop\pidev\PidevWorksphere -Djansi.passthrough=true -Dmaven.home=C:\Program Files\JetBrains\IntelliJ IDEA 2024.3.1.1\plugins\maven\lib\maven3 -Dclassworlds.conf=C:\Program Files\JetBrains\IntelliJ IDEA 2024.3.1.1\plugins\maven\lib\maven3\bin\m2.conf -Dmaven.ext.class.path=C:\Program Files\JetBrains\IntelliJ IDEA 2024.3.1.1\plugins\maven\lib\maven-event-listener.jar -javaagent:C:\Program Files\JetBrains\IntelliJ IDEA 2024.3.1.1\lib\idea_rt.jar=62404:C:\Program Files\JetBrains\IntelliJ IDEA 2024.3.1.1\bin -Dfile.encoding=UTF-8 org.codehaus.classworlds.Launcher -Didea.version=2024.3.1.1 javafx:run

Host: 12th Gen Intel(R) Core(TM) i5-12400F, 12 cores, 31G,  Windows 10 , 64 bit Build 19041 (10.0.19041.5438)
Time: Mon Mar  3 22:59:06 2025 Romance Standard Time elapsed time: 1.544081 seconds (0d 0h 0m 1s)

---------------  T H R E A D  ---------------

Current thread (0x000001594f6a6290):  JavaThread "C2 CompilerThread0" daemon [_thread_in_native, id=8280, stack(0x0000001225800000,0x0000001225900000)]


Current CompileTask:
C2:   1544 4625       4       org.codehaus.plexus.interpolation.PrefixedValueSourceWrapper::getValue (39 bytes)

Stack: [0x0000001225800000,0x0000001225900000],  sp=0x00000012258fb3b0,  free space=1004k
Native frames: (J=compiled Java code, j=interpreted, Vv=VM code, C=native code)
V  [jvm.dll+0x6b0ae1]  PhaseCCP::transform+0x311  (phaseX.cpp:1975)
V  [jvm.dll+0x6aee1a]  PhaseCCP::do_transform+0x1a  (phaseX.cpp:1931)
V  [jvm.dll+0x21dc74]  Compile::Optimize+0xea4  (compile.cpp:2239)
V  [jvm.dll+0x21b2e1]  Compile::Compile+0xd51  (compile.cpp:791)
V  [jvm.dll+0x1a68ed]  C2Compiler::compile_method+0xad  (c2compiler.cpp:112)
V  [jvm.dll+0x22b2de]  CompileBroker::invoke_compiler_on_method+0x82e  (compileBroker.cpp:2366)
V  [jvm.dll+0x229445]  CompileBroker::compiler_thread_loop+0x405  (compileBroker.cpp:2027)
V  [jvm.dll+0x7f7917]  JavaThread::run+0x147  (thread.cpp:1299)
V  [jvm.dll+0x7f1cec]  Thread::call_run+0x8c  (thread.cpp:405)
V  [jvm.dll+0x688be7]  thread_native_entry+0x77  (os_windows.cpp:550)
C  [ucrtbase.dll+0x21bb2]
C  [KERNEL32.DLL+0x17374]
C  [ntdll.dll+0x4cc91]


siginfo: EXCEPTION_ACCESS_VIOLATION (0xc0000005), reading address 0xffffffffffffffff


Registers:
RAX=0x0000015997b8a090, RBX=0x00200159964afc28, RCX=0x0000000000000001, RDX=0x0000015996809250
RSP=0x00000012258fb3b0, RBP=0x00000012258fb419, RSI=0x0000015950cf46a0, RDI=0x0000000000000c41
R8 =0x0000000000000002, R9 =0x0000000000002a29, R10=0x0000000000007fff, R11=0x00000159502483b0
R12=0x00000012258fcac0, R13=0x0000015996809250, R14=0x0000000000000067, R15=0x0000000000000066
RIP=0x00007ffe8ed30ae1, EFLAGS=0x0000000000010206


Register to memory mapping:

RIP=0x00007ffe8ed30ae1 jvm.dll::PhaseCCP::transform + 0x311
RAX=0x0000015997b8a090 points into unknown readable memory: 0x0000000000000000 | 00 00 00 00 00 00 00 00
RBX=0x00200159964afc28 is an unknown value
RCX=0x0000000000000001 is an unknown value
RDX=0x0000015996809250 points into unknown readable memory: 0x00007ffe8f02d218 | 18 d2 02 8f fe 7f 00 00
RSP=0x00000012258fb3b0 is pointing into the stack for thread: 0x000001594f6a6290
RBP=0x00000012258fb419 is pointing into the stack for thread: 0x000001594f6a6290
RSI=0x0000015950cf46a0 points into unknown readable memory: 0x00000159964afba0 | a0 fb 4a 96 59 01 00 00
RDI=0x0000000000000c41 is an unknown value
R8 =0x0000000000000002 is an unknown value
R9 =0x0000000000002a29 is an unknown value
R10=0x0000000000007fff is an unknown value
R11=0x00000159502483b0 points into unknown readable memory: 0x00007ffe8f05cee0 | e0 ce 05 8f fe 7f 00 00
R12=0x00000012258fcac0 is pointing into the stack for thread: 0x000001594f6a6290
R13=0x0000015996809250 points into unknown readable memory: 0x00007ffe8f02d218 | 18 d2 02 8f fe 7f 00 00
R14=0x0000000000000067 is an unknown value
R15=0x0000000000000066 is an unknown value


Top of Stack: (sp=0x00000012258fb3b0)
0x00000012258fb3b0:   00000012258fcac0 0000015950cf46a0
0x00000012258fb3c0:   00007ffe8efcffe0 0000015996809250
0x00000012258fb3d0:   0000000000000050 000000000000002e
0x00000012258fb3e0:   000001594f6a51b0 0000015900002000
0x00000012258fb3f0:   0000015996d10f30 00007ffe00001513
0x00000012258fb400:   0000015900000200 0000015950263cb0
0x00000012258fb410:   0000015900000200 000001594f6a51b0
0x00000012258fb420:   0000001200000000 00007ffe8e8a5720
0x00000012258fb430:   0000015900000000 0000000000000000
0x00000012258fb440:   00000159964afba0 0000015927803ec0
0x00000012258fb450:   00007ffe8efd0018 00007ffe8efcffe0
0x00000012258fb460:   00000012258fcac0 0000000000000050
0x00000012258fb470:   00000012258fb5b0 00007ffe8ed2ee1a
0x00000012258fb480:   00000012258fcac0 00000159964afba0
0x00000012258fb490:   0000015996809250 00000012258fcae0
0x00000012258fb4a0:   00000012258fe620 00007ffe8e89dc74
0x00000012258fb4b0:   00000012258fe620 00007ffe8efcffe0
0x00000012258fb4c0:   00007ffe8efcffe0 00000012258fb5b0
0x00000012258fb4d0:   0000015900000000 0000015996c5ef60
0x00000012258fb4e0:   000000120000000f 00000012258fe620
0x00000012258fb4f0:   00000012258fb660 0000015950d7b220
0x00000012258fb500:   0000015950d7b3c8 0000015950d7b7e8
0x00000012258fb510:   0000015950d7b850 0000015950d7b438
0x00000012258fb520:   0000015950d7b2a8 0000015950d7b310
0x00000012258fb530:   0000015950d7b8f8 0000015950d7b758
0x00000012258fb540:   0000015950aaef00 0000000000000020
0x00000012258fb550:   0000015900000000 0000000000000000
0x00000012258fb560:   00000159964afc28 00007ffe8e6fa800
0x00000012258fb570:   0000015996fe9928 00007ffe8efd0018
0x00000012258fb580:   0000000000000000 0000000000000000
0x00000012258fb590:   0000000000000000 00007ffe8efd0018
0x00000012258fb5a0:   0000000000000000 0000000000000018 

Instructions: (pc=0x00007ffe8ed30ae1)
0x00007ffe8ed309e1:   44 3b cf 7d 18 49 63 c1 44 8b c7 45 2b c1 33 d2
0x00007ffe8ed309f1:   49 c1 e0 03 48 8d 0c c3 e8 84 00 1f 00 48 8b f3
0x00007ffe8ed30a01:   49 63 c7 41 ff c6 41 ff c7 4c 89 2c c6 45 8b 65
0x00007ffe8ed30a11:   28 41 8b dc c1 eb 05 3b 5d e7 72 0b 8b d3 48 8d
0x00007ffe8ed30a21:   4d e7 e8 b8 b4 17 00 48 8b 45 ef 41 83 e4 1f 48
0x00007ffe8ed30a31:   8d 14 98 41 0f b6 cc 41 b8 01 00 00 00 41 d3 e0
0x00007ffe8ed30a41:   8b 0a 8b c1 41 0b c0 89 02 41 85 c8 75 21 8b 5d
0x00007ffe8ed30a51:   df 8d 43 01 89 45 df 3b 5d cf 72 0b 8b d3 48 8d
0x00007ffe8ed30a61:   4d c7 e8 b8 67 fb ff 48 8b 45 d7 4c 89 2c d8 8b
0x00007ffe8ed30a71:   45 77 4c 8b 65 67 ff c0 89 45 77 41 3b 84 24 40
0x00007ffe8ed30a81:   0a 00 00 0f 82 b6 fe ff ff 45 85 ff 0f 84 b5 01
0x00007ffe8ed30a91:   00 00 0f 1f 40 00 66 0f 1f 84 00 00 00 00 00 49
0x00007ffe8ed30aa1:   63 c7 45 8b f7 41 ff cf 48 8b 54 c6 f8 48 89 55
0x00007ffe8ed30ab1:   77 8b 42 18 85 c0 0f 84 82 01 00 00 33 db 48 89
0x00007ffe8ed30ac1:   45 bf 48 89 5d b7 66 0f 1f 84 00 00 00 00 00 48
0x00007ffe8ed30ad1:   8b 42 08 48 8b 1c 03 48 85 db 0f 84 47 01 00 00
0x00007ffe8ed30ae1:   8b 43 28 41 3b 44 24 28 73 12 8b c8 49 8b 44 24
0x00007ffe8ed30af1:   30 48 83 3c c8 00 0f 85 2b 01 00 00 49 8b 04 24
0x00007ffe8ed30b01:   48 8b d3 49 8b cc ff 50 30 4c 8b 65 7f 4c 8b e8
0x00007ffe8ed30b11:   8b 5b 28 41 3b 5c 24 08 72 0a 8b d3 49 8b cc e8
0x00007ffe8ed30b21:   fb 66 fb ff 49 8b 4c 24 10 4c 89 2c d9 44 3b ff
0x00007ffe8ed30b31:   75 7e 45 85 f6 74 0e 41 8d 46 ff 41 85 c6 75 05
0x00007ffe8ed30b41:   41 8b fe eb 0d 41 0f bd ce bf 01 00 00 00 ff c1
0x00007ffe8ed30b51:   d3 e7 ba 08 00 00 00 8b cf e8 01 0b ca ff 45 33
0x00007ffe8ed30b61:   c9 48 8b d8 45 85 ff 7e 27 48 8b c8 45 8b c7 48
0x00007ffe8ed30b71:   2b f0 45 8b cf 66 66 0f 1f 84 00 00 00 00 00 48
0x00007ffe8ed30b81:   8b 14 0e 48 89 11 48 8d 49 08 49 83 e8 01 75 ef
0x00007ffe8ed30b91:   44 3b cf 7d 18 49 63 c1 44 8b c7 45 2b c1 33 d2
0x00007ffe8ed30ba1:   49 c1 e0 03 48 8d 0c c3 e8 d4 fe 1e 00 48 8b f3
0x00007ffe8ed30bb1:   49 63 c7 41 ff c6 41 ff c7 4c 89 2c c6 45 8b 65
0x00007ffe8ed30bc1:   28 41 8b dc c1 eb 05 3b 5d e7 72 0b 8b d3 48 8d
0x00007ffe8ed30bd1:   4d e7 e8 08 b3 17 00 48 8b 45 ef 41 83 e4 1f 48 


Stack slot to memory mapping:
stack at sp + 0 slots: 0x00000012258fcac0 is pointing into the stack for thread: 0x000001594f6a6290
stack at sp + 1 slots: 0x0000015950cf46a0 points into unknown readable memory: 0x00000159964afba0 | a0 fb 4a 96 59 01 00 00
stack at sp + 2 slots: 0x00007ffe8efcffe0 jvm.dll::`string' + 0x0
stack at sp + 3 slots: 0x0000015996809250 points into unknown readable memory: 0x00007ffe8f02d218 | 18 d2 02 8f fe 7f 00 00
stack at sp + 4 slots: 0x0000000000000050 is an unknown value
stack at sp + 5 slots: 0x000000000000002e is an unknown value
stack at sp + 6 slots: 0x000001594f6a51b0 points into unknown readable memory: 0x0000000000000006 | 06 00 00 00 00 00 00 00
stack at sp + 7 slots: 0x0000015900002000 is an unknown value


---------------  P R O C E S S  ---------------

Threads class SMR info:
_java_thread_list=0x00000159962a44d0, length=16, elements={
0x00000159277ebc70, 0x000001594f68d1d0, 0x000001594f68e050, 0x000001594f69c580,
0x000001594f6a1150, 0x000001594f6a3b20, 0x000001594f6a54f0, 0x000001594f6a6290,
0x000001594f6a9a90, 0x000001594f6b31e0, 0x000001594f674840, 0x00000159501e6730,
0x000001595025db30, 0x000001595025e010, 0x000001595084ed80, 0x0000015996678b10
}

Java Threads: ( => current thread )
  0x00000159277ebc70 JavaThread "main" [_thread_in_native, id=25016, stack(0x0000001224b00000,0x0000001224c00000)]
  0x000001594f68d1d0 JavaThread "Reference Handler" daemon [_thread_blocked, id=11144, stack(0x0000001225200000,0x0000001225300000)]
  0x000001594f68e050 JavaThread "Finalizer" daemon [_thread_blocked, id=5880, stack(0x0000001225300000,0x0000001225400000)]
  0x000001594f69c580 JavaThread "Signal Dispatcher" daemon [_thread_blocked, id=15740, stack(0x0000001225400000,0x0000001225500000)]
  0x000001594f6a1150 JavaThread "Attach Listener" daemon [_thread_blocked, id=15860, stack(0x0000001225500000,0x0000001225600000)]
  0x000001594f6a3b20 JavaThread "Service Thread" daemon [_thread_blocked, id=14792, stack(0x0000001225600000,0x0000001225700000)]
  0x000001594f6a54f0 JavaThread "Monitor Deflation Thread" daemon [_thread_blocked, id=18716, stack(0x0000001225700000,0x0000001225800000)]
=>0x000001594f6a6290 JavaThread "C2 CompilerThread0" daemon [_thread_in_native, id=8280, stack(0x0000001225800000,0x0000001225900000)]
  0x000001594f6a9a90 JavaThread "C1 CompilerThread0" daemon [_thread_blocked, id=11764, stack(0x0000001225900000,0x0000001225a00000)]
  0x000001594f6b31e0 JavaThread "Sweeper thread" daemon [_thread_blocked, id=17344, stack(0x0000001225a00000,0x0000001225b00000)]
  0x000001594f674840 JavaThread "Common-Cleaner" daemon [_thread_blocked, id=16560, stack(0x0000001225b00000,0x0000001225c00000)]
  0x00000159501e6730 JavaThread "C2 CompilerThread1" daemon [_thread_in_native, id=15204, stack(0x0000001225c00000,0x0000001225d00000)]
  0x000001595025db30 JavaThread "Monitor Ctrl-Break" daemon [_thread_in_native, id=17036, stack(0x0000001225d00000,0x0000001225e00000)]
  0x000001595025e010 JavaThread "Notification Thread" daemon [_thread_blocked, id=22644, stack(0x0000001225e00000,0x0000001225f00000)]
  0x000001595084ed80 JavaThread "C2 CompilerThread2" daemon [_thread_in_native, id=18308, stack(0x0000001226000000,0x0000001226100000)]
  0x0000015996678b10 JavaThread "Thread-1" daemon [_thread_blocked, id=5548, stack(0x0000001226a00000,0x0000001226b00000)]

Other Threads:
  0x000001594f6865b0 VMThread "VM Thread" [stack: 0x0000001225100000,0x0000001225200000] [id=10744]
  0x000001595025ed00 WatcherThread [stack: 0x0000001225f00000,0x0000001226000000] [id=17976]
  0x0000015927897760 GCTaskThread "GC Thread#0" [stack: 0x0000001224c00000,0x0000001224d00000] [id=23168]
  0x000001595025b920 GCTaskThread "GC Thread#1" [stack: 0x0000001226100000,0x0000001226200000] [id=16968]
  0x000001595025c9a0 GCTaskThread "GC Thread#2" [stack: 0x0000001226200000,0x0000001226300000] [id=10828]
  0x000001595025cf20 GCTaskThread "GC Thread#3" [stack: 0x0000001226300000,0x0000001226400000] [id=16036]
  0x000001595025c6e0 GCTaskThread "GC Thread#4" [stack: 0x0000001226400000,0x0000001226500000] [id=9376]
  0x000001595025d1e0 GCTaskThread "GC Thread#5" [stack: 0x0000001226500000,0x0000001226600000] [id=22104]
  0x000001595025b660 GCTaskThread "GC Thread#6" [stack: 0x0000001226600000,0x0000001226700000] [id=17284]
  0x000001595025bbe0 GCTaskThread "GC Thread#7" [stack: 0x0000001226700000,0x0000001226800000] [id=6460]
  0x000001595025bea0 GCTaskThread "GC Thread#8" [stack: 0x0000001226800000,0x0000001226900000] [id=5436]
  0x000001595025c160 GCTaskThread "GC Thread#9" [stack: 0x0000001226900000,0x0000001226a00000] [id=20908]
  0x00000159278a9590 ConcurrentGCThread "G1 Main Marker" [stack: 0x0000001224d00000,0x0000001224e00000] [id=23400]
  0x00000159278aa750 ConcurrentGCThread "G1 Conc#0" [stack: 0x0000001224e00000,0x0000001224f00000] [id=25664]
  0x000001594f5bae00 ConcurrentGCThread "G1 Refine#0" [stack: 0x0000001224f00000,0x0000001225000000] [id=8056]
  0x000001594f5bd840 ConcurrentGCThread "G1 Service" [stack: 0x0000001225000000,0x0000001225100000] [id=14500]

Threads with active compile tasks:
C2 CompilerThread0     1603 4625       4       org.codehaus.plexus.interpolation.PrefixedValueSourceWrapper::getValue (39 bytes)
C2 CompilerThread1     1603 5114       4       java.io.DataInputStream::readUTF (501 bytes)
C2 CompilerThread2     1603 5116 %     4       java.util.zip.ZipFile$Source::initCEN @ 240 (591 bytes)

VM state: not at safepoint (normal execution)

VM Mutex/Monitor currently owned by a thread: None

Heap address: 0x0000000602400000, size: 8156 MB, Compressed Oops mode: Zero based, Oop shift amount: 3

CDS archive(s) mapped at: [0x0000015951000000-0x0000015951c00000-0x0000015951c00000), size 12582912, SharedBaseAddress: 0x0000015951000000, ArchiveRelocationMode: 1.
Compressed class space mapped at: 0x0000015952000000-0x0000015992000000, reserved size: 1073741824
Narrow klass base: 0x0000015951000000, Narrow klass shift: 0, Narrow klass range: 0x100000000

GC Precious Log:
 CPUs: 12 total, 12 available
 Memory: 32609M
 Large Page Support: Disabled
 NUMA Support: Disabled
 Compressed Oops: Enabled (Zero based)
 Heap Region Size: 4M
 Heap Min Capacity: 8M
 Heap Initial Capacity: 512M
 Heap Max Capacity: 8156M
 Pre-touch: Disabled
 Parallel Workers: 10
 Concurrent Workers: 3
 Concurrent Refinement Workers: 10
 Periodic GC: Disabled

Heap:
 garbage-first heap   total 524288K, used 136299K [0x0000000602400000, 0x0000000800000000)
  region size 4096K, 34 young (139264K), 2 survivors (8192K)
 Metaspace       used 20478K, committed 20736K, reserved 1114112K
  class space    used 2454K, committed 2560K, reserved 1048576K

Heap Regions: E=young(eden), S=young(survivor), O=old, HS=humongous(starts), HC=humongous(continues), CS=collection set, F=free, OA=open archive, CA=closed archive, TAMS=top-at-mark-start (previous, next)
|   0|0x0000000602400000, 0x000000060277f400, 0x0000000602800000| 87%| O|  |TAMS 0x0000000602400000, 0x0000000602400000| Untracked 
|   1|0x0000000602800000, 0x0000000602800000, 0x0000000602c00000|  0%| F|  |TAMS 0x0000000602800000, 0x0000000602800000| Untracked 
|   2|0x0000000602c00000, 0x0000000602c00000, 0x0000000603000000|  0%| F|  |TAMS 0x0000000602c00000, 0x0000000602c00000| Untracked 
|   3|0x0000000603000000, 0x0000000603000000, 0x0000000603400000|  0%| F|  |TAMS 0x0000000603000000, 0x0000000603000000| Untracked 
|   4|0x0000000603400000, 0x0000000603400000, 0x0000000603800000|  0%| F|  |TAMS 0x0000000603400000, 0x0000000603400000| Untracked 
|   5|0x0000000603800000, 0x0000000603800000, 0x0000000603c00000|  0%| F|  |TAMS 0x0000000603800000, 0x0000000603800000| Untracked 
|   6|0x0000000603c00000, 0x0000000603c00000, 0x0000000604000000|  0%| F|  |TAMS 0x0000000603c00000, 0x0000000603c00000| Untracked 
|   7|0x0000000604000000, 0x0000000604000000, 0x0000000604400000|  0%| F|  |TAMS 0x0000000604000000, 0x0000000604000000| Untracked 
|   8|0x0000000604400000, 0x0000000604400000, 0x0000000604800000|  0%| F|  |TAMS 0x0000000604400000, 0x0000000604400000| Untracked 
|   9|0x0000000604800000, 0x0000000604800000, 0x0000000604c00000|  0%| F|  |TAMS 0x0000000604800000, 0x0000000604800000| Untracked 
|  10|0x0000000604c00000, 0x0000000604c00000, 0x0000000605000000|  0%| F|  |TAMS 0x0000000604c00000, 0x0000000604c00000| Untracked 
|  11|0x0000000605000000, 0x0000000605000000, 0x0000000605400000|  0%| F|  |TAMS 0x0000000605000000, 0x0000000605000000| Untracked 
|  12|0x0000000605400000, 0x0000000605400000, 0x0000000605800000|  0%| F|  |TAMS 0x0000000605400000, 0x0000000605400000| Untracked 
|  13|0x0000000605800000, 0x0000000605800000, 0x0000000605c00000|  0%| F|  |TAMS 0x0000000605800000, 0x0000000605800000| Untracked 
|  14|0x0000000605c00000, 0x0000000605c00000, 0x0000000606000000|  0%| F|  |TAMS 0x0000000605c00000, 0x0000000605c00000| Untracked 
|  15|0x0000000606000000, 0x0000000606000000, 0x0000000606400000|  0%| F|  |TAMS 0x0000000606000000, 0x0000000606000000| Untracked 
|  16|0x0000000606400000, 0x0000000606400000, 0x0000000606800000|  0%| F|  |TAMS 0x0000000606400000, 0x0000000606400000| Untracked 
|  17|0x0000000606800000, 0x0000000606800000, 0x0000000606c00000|  0%| F|  |TAMS 0x0000000606800000, 0x0000000606800000| Untracked 
|  18|0x0000000606c00000, 0x0000000606c00000, 0x0000000607000000|  0%| F|  |TAMS 0x0000000606c00000, 0x0000000606c00000| Untracked 
|  19|0x0000000607000000, 0x0000000607000000, 0x0000000607400000|  0%| F|  |TAMS 0x0000000607000000, 0x0000000607000000| Untracked 
|  20|0x0000000607400000, 0x0000000607400000, 0x0000000607800000|  0%| F|  |TAMS 0x0000000607400000, 0x0000000607400000| Untracked 
|  21|0x0000000607800000, 0x0000000607800000, 0x0000000607c00000|  0%| F|  |TAMS 0x0000000607800000, 0x0000000607800000| Untracked 
|  22|0x0000000607c00000, 0x0000000607c00000, 0x0000000608000000|  0%| F|  |TAMS 0x0000000607c00000, 0x0000000607c00000| Untracked 
|  23|0x0000000608000000, 0x0000000608000000, 0x0000000608400000|  0%| F|  |TAMS 0x0000000608000000, 0x0000000608000000| Untracked 
|  24|0x0000000608400000, 0x0000000608400000, 0x0000000608800000|  0%| F|  |TAMS 0x0000000608400000, 0x0000000608400000| Untracked 
|  25|0x0000000608800000, 0x0000000608800000, 0x0000000608c00000|  0%| F|  |TAMS 0x0000000608800000, 0x0000000608800000| Untracked 
|  26|0x0000000608c00000, 0x0000000608c00000, 0x0000000609000000|  0%| F|  |TAMS 0x0000000608c00000, 0x0000000608c00000| Untracked 
|  27|0x0000000609000000, 0x0000000609000000, 0x0000000609400000|  0%| F|  |TAMS 0x0000000609000000, 0x0000000609000000| Untracked 
|  28|0x0000000609400000, 0x0000000609400000, 0x0000000609800000|  0%| F|  |TAMS 0x0000000609400000, 0x0000000609400000| Untracked 
|  29|0x0000000609800000, 0x0000000609800000, 0x0000000609c00000|  0%| F|  |TAMS 0x0000000609800000, 0x0000000609800000| Untracked 
|  30|0x0000000609c00000, 0x0000000609c00000, 0x000000060a000000|  0%| F|  |TAMS 0x0000000609c00000, 0x0000000609c00000| Untracked 
|  31|0x000000060a000000, 0x000000060a000000, 0x000000060a400000|  0%| F|  |TAMS 0x000000060a000000, 0x000000060a000000| Untracked 
|  32|0x000000060a400000, 0x000000060a400000, 0x000000060a800000|  0%| F|  |TAMS 0x000000060a400000, 0x000000060a400000| Untracked 
|  33|0x000000060a800000, 0x000000060a800000, 0x000000060ac00000|  0%| F|  |TAMS 0x000000060a800000, 0x000000060a800000| Untracked 
|  34|0x000000060ac00000, 0x000000060ac00000, 0x000000060b000000|  0%| F|  |TAMS 0x000000060ac00000, 0x000000060ac00000| Untracked 
|  35|0x000000060b000000, 0x000000060b000000, 0x000000060b400000|  0%| F|  |TAMS 0x000000060b000000, 0x000000060b000000| Untracked 
|  36|0x000000060b400000, 0x000000060b400000, 0x000000060b800000|  0%| F|  |TAMS 0x000000060b400000, 0x000000060b400000| Untracked 
|  37|0x000000060b800000, 0x000000060b800000, 0x000000060bc00000|  0%| F|  |TAMS 0x000000060b800000, 0x000000060b800000| Untracked 
|  38|0x000000060bc00000, 0x000000060bc00000, 0x000000060c000000|  0%| F|  |TAMS 0x000000060bc00000, 0x000000060bc00000| Untracked 
|  39|0x000000060c000000, 0x000000060c000000, 0x000000060c400000|  0%| F|  |TAMS 0x000000060c000000, 0x000000060c000000| Untracked 
|  40|0x000000060c400000, 0x000000060c400000, 0x000000060c800000|  0%| F|  |TAMS 0x000000060c400000, 0x000000060c400000| Untracked 
|  41|0x000000060c800000, 0x000000060c800000, 0x000000060cc00000|  0%| F|  |TAMS 0x000000060c800000, 0x000000060c800000| Untracked 
|  42|0x000000060cc00000, 0x000000060cc00000, 0x000000060d000000|  0%| F|  |TAMS 0x000000060cc00000, 0x000000060cc00000| Untracked 
|  43|0x000000060d000000, 0x000000060d000000, 0x000000060d400000|  0%| F|  |TAMS 0x000000060d000000, 0x000000060d000000| Untracked 
|  44|0x000000060d400000, 0x000000060d400000, 0x000000060d800000|  0%| F|  |TAMS 0x000000060d400000, 0x000000060d400000| Untracked 
|  45|0x000000060d800000, 0x000000060d800000, 0x000000060dc00000|  0%| F|  |TAMS 0x000000060d800000, 0x000000060d800000| Untracked 
|  46|0x000000060dc00000, 0x000000060dc00000, 0x000000060e000000|  0%| F|  |TAMS 0x000000060dc00000, 0x000000060dc00000| Untracked 
|  47|0x000000060e000000, 0x000000060e000000, 0x000000060e400000|  0%| F|  |TAMS 0x000000060e000000, 0x000000060e000000| Untracked 
|  48|0x000000060e400000, 0x000000060e400000, 0x000000060e800000|  0%| F|  |TAMS 0x000000060e400000, 0x000000060e400000| Untracked 
|  49|0x000000060e800000, 0x000000060e800000, 0x000000060ec00000|  0%| F|  |TAMS 0x000000060e800000, 0x000000060e800000| Untracked 
|  50|0x000000060ec00000, 0x000000060ec00000, 0x000000060f000000|  0%| F|  |TAMS 0x000000060ec00000, 0x000000060ec00000| Untracked 
|  51|0x000000060f000000, 0x000000060f000000, 0x000000060f400000|  0%| F|  |TAMS 0x000000060f000000, 0x000000060f000000| Untracked 
|  52|0x000000060f400000, 0x000000060f400000, 0x000000060f800000|  0%| F|  |TAMS 0x000000060f400000, 0x000000060f400000| Untracked 
|  53|0x000000060f800000, 0x000000060f800000, 0x000000060fc00000|  0%| F|  |TAMS 0x000000060f800000, 0x000000060f800000| Untracked 
|  54|0x000000060fc00000, 0x000000060fc00000, 0x0000000610000000|  0%| F|  |TAMS 0x000000060fc00000, 0x000000060fc00000| Untracked 
|  55|0x0000000610000000, 0x0000000610000000, 0x0000000610400000|  0%| F|  |TAMS 0x0000000610000000, 0x0000000610000000| Untracked 
|  56|0x0000000610400000, 0x0000000610400000, 0x0000000610800000|  0%| F|  |TAMS 0x0000000610400000, 0x0000000610400000| Untracked 
|  57|0x0000000610800000, 0x0000000610800000, 0x0000000610c00000|  0%| F|  |TAMS 0x0000000610800000, 0x0000000610800000| Untracked 
|  58|0x0000000610c00000, 0x0000000610c00000, 0x0000000611000000|  0%| F|  |TAMS 0x0000000610c00000, 0x0000000610c00000| Untracked 
|  59|0x0000000611000000, 0x0000000611000000, 0x0000000611400000|  0%| F|  |TAMS 0x0000000611000000, 0x0000000611000000| Untracked 
|  60|0x0000000611400000, 0x0000000611400000, 0x0000000611800000|  0%| F|  |TAMS 0x0000000611400000, 0x0000000611400000| Untracked 
|  61|0x0000000611800000, 0x0000000611800000, 0x0000000611c00000|  0%| F|  |TAMS 0x0000000611800000, 0x0000000611800000| Untracked 
|  62|0x0000000611c00000, 0x0000000611c00000, 0x0000000612000000|  0%| F|  |TAMS 0x0000000611c00000, 0x0000000611c00000| Untracked 
|  63|0x0000000612000000, 0x0000000612000000, 0x0000000612400000|  0%| F|  |TAMS 0x0000000612000000, 0x0000000612000000| Untracked 
|  64|0x0000000612400000, 0x0000000612400000, 0x0000000612800000|  0%| F|  |TAMS 0x0000000612400000, 0x0000000612400000| Untracked 
|  65|0x0000000612800000, 0x0000000612800000, 0x0000000612c00000|  0%| F|  |TAMS 0x0000000612800000, 0x0000000612800000| Untracked 
|  66|0x0000000612c00000, 0x0000000612c00000, 0x0000000613000000|  0%| F|  |TAMS 0x0000000612c00000, 0x0000000612c00000| Untracked 
|  67|0x0000000613000000, 0x0000000613000000, 0x0000000613400000|  0%| F|  |TAMS 0x0000000613000000, 0x0000000613000000| Untracked 
|  68|0x0000000613400000, 0x0000000613400000, 0x0000000613800000|  0%| F|  |TAMS 0x0000000613400000, 0x0000000613400000| Untracked 
|  69|0x0000000613800000, 0x0000000613800000, 0x0000000613c00000|  0%| F|  |TAMS 0x0000000613800000, 0x0000000613800000| Untracked 
|  70|0x0000000613c00000, 0x0000000613c00000, 0x0000000614000000|  0%| F|  |TAMS 0x0000000613c00000, 0x0000000613c00000| Untracked 
|  71|0x0000000614000000, 0x0000000614000000, 0x0000000614400000|  0%| F|  |TAMS 0x0000000614000000, 0x0000000614000000| Untracked 
|  72|0x0000000614400000, 0x0000000614400000, 0x0000000614800000|  0%| F|  |TAMS 0x0000000614400000, 0x0000000614400000| Untracked 
|  73|0x0000000614800000, 0x0000000614800000, 0x0000000614c00000|  0%| F|  |TAMS 0x0000000614800000, 0x0000000614800000| Untracked 
|  74|0x0000000614c00000, 0x0000000614c00000, 0x0000000615000000|  0%| F|  |TAMS 0x0000000614c00000, 0x0000000614c00000| Untracked 
|  75|0x0000000615000000, 0x0000000615000000, 0x0000000615400000|  0%| F|  |TAMS 0x0000000615000000, 0x0000000615000000| Untracked 
|  76|0x0000000615400000, 0x0000000615400000, 0x0000000615800000|  0%| F|  |TAMS 0x0000000615400000, 0x0000000615400000| Untracked 
|  77|0x0000000615800000, 0x0000000615800000, 0x0000000615c00000|  0%| F|  |TAMS 0x0000000615800000, 0x0000000615800000| Untracked 
|  78|0x0000000615c00000, 0x0000000615c00000, 0x0000000616000000|  0%| F|  |TAMS 0x0000000615c00000, 0x0000000615c00000| Untracked 
|  79|0x0000000616000000, 0x0000000616000000, 0x0000000616400000|  0%| F|  |TAMS 0x0000000616000000, 0x0000000616000000| Untracked 
|  80|0x0000000616400000, 0x0000000616400000, 0x0000000616800000|  0%| F|  |TAMS 0x0000000616400000, 0x0000000616400000| Untracked 
|  81|0x0000000616800000, 0x0000000616800000, 0x0000000616c00000|  0%| F|  |TAMS 0x0000000616800000, 0x0000000616800000| Untracked 
|  82|0x0000000616c00000, 0x0000000616c00000, 0x0000000617000000|  0%| F|  |TAMS 0x0000000616c00000, 0x0000000616c00000| Untracked 
|  83|0x0000000617000000, 0x0000000617000000, 0x0000000617400000|  0%| F|  |TAMS 0x0000000617000000, 0x0000000617000000| Untracked 
|  84|0x0000000617400000, 0x0000000617400000, 0x0000000617800000|  0%| F|  |TAMS 0x0000000617400000, 0x0000000617400000| Untracked 
|  85|0x0000000617800000, 0x0000000617800000, 0x0000000617c00000|  0%| F|  |TAMS 0x0000000617800000, 0x0000000617800000| Untracked 
|  86|0x0000000617c00000, 0x0000000617c00000, 0x0000000618000000|  0%| F|  |TAMS 0x0000000617c00000, 0x0000000617c00000| Untracked 
|  87|0x0000000618000000, 0x0000000618000000, 0x0000000618400000|  0%| F|  |TAMS 0x0000000618000000, 0x0000000618000000| Untracked 
|  88|0x0000000618400000, 0x0000000618400000, 0x0000000618800000|  0%| F|  |TAMS 0x0000000618400000, 0x0000000618400000| Untracked 
|  89|0x0000000618800000, 0x0000000618800000, 0x0000000618c00000|  0%| F|  |TAMS 0x0000000618800000, 0x0000000618800000| Untracked 
|  90|0x0000000618c00000, 0x0000000618c00000, 0x0000000619000000|  0%| F|  |TAMS 0x0000000618c00000, 0x0000000618c00000| Untracked 
|  91|0x0000000619000000, 0x0000000619000000, 0x0000000619400000|  0%| F|  |TAMS 0x0000000619000000, 0x0000000619000000| Untracked 
|  92|0x0000000619400000, 0x0000000619400000, 0x0000000619800000|  0%| F|  |TAMS 0x0000000619400000, 0x0000000619400000| Untracked 
|  93|0x0000000619800000, 0x0000000619800000, 0x0000000619c00000|  0%| F|  |TAMS 0x0000000619800000, 0x0000000619800000| Untracked 
|  94|0x0000000619c00000, 0x0000000619e00800, 0x000000061a000000| 50%| E|  |TAMS 0x0000000619c00000, 0x0000000619c00000| Complete 
|  95|0x000000061a000000, 0x000000061a400000, 0x000000061a400000|100%| E|CS|TAMS 0x000000061a000000, 0x000000061a000000| Complete 
|  96|0x000000061a400000, 0x000000061a800000, 0x000000061a800000|100%| E|CS|TAMS 0x000000061a400000, 0x000000061a400000| Complete 
|  97|0x000000061a800000, 0x000000061ac00000, 0x000000061ac00000|100%| E|CS|TAMS 0x000000061a800000, 0x000000061a800000| Complete 
|  98|0x000000061ac00000, 0x000000061b000000, 0x000000061b000000|100%| E|CS|TAMS 0x000000061ac00000, 0x000000061ac00000| Complete 
|  99|0x000000061b000000, 0x000000061b400000, 0x000000061b400000|100%| E|CS|TAMS 0x000000061b000000, 0x000000061b000000| Complete 
| 100|0x000000061b400000, 0x000000061b800000, 0x000000061b800000|100%| E|CS|TAMS 0x000000061b400000, 0x000000061b400000| Complete 
| 101|0x000000061b800000, 0x000000061bc00000, 0x000000061bc00000|100%| E|CS|TAMS 0x000000061b800000, 0x000000061b800000| Complete 
| 102|0x000000061bc00000, 0x000000061c000000, 0x000000061c000000|100%| E|CS|TAMS 0x000000061bc00000, 0x000000061bc00000| Complete 
| 103|0x000000061c000000, 0x000000061c400000, 0x000000061c400000|100%| E|CS|TAMS 0x000000061c000000, 0x000000061c000000| Complete 
| 104|0x000000061c400000, 0x000000061c800000, 0x000000061c800000|100%| E|CS|TAMS 0x000000061c400000, 0x000000061c400000| Complete 
| 105|0x000000061c800000, 0x000000061cc00000, 0x000000061cc00000|100%| E|CS|TAMS 0x000000061c800000, 0x000000061c800000| Complete 
| 106|0x000000061cc00000, 0x000000061d000000, 0x000000061d000000|100%| E|CS|TAMS 0x000000061cc00000, 0x000000061cc00000| Complete 
| 107|0x000000061d000000, 0x000000061d400000, 0x000000061d400000|100%| E|CS|TAMS 0x000000061d000000, 0x000000061d000000| Complete 
| 108|0x000000061d400000, 0x000000061d800000, 0x000000061d800000|100%| E|CS|TAMS 0x000000061d400000, 0x000000061d400000| Complete 
| 109|0x000000061d800000, 0x000000061d99bbb8, 0x000000061dc00000| 40%| S|CS|TAMS 0x000000061d800000, 0x000000061d800000| Complete 
| 110|0x000000061dc00000, 0x000000061e000000, 0x000000061e000000|100%| S|CS|TAMS 0x000000061dc00000, 0x000000061dc00000| Complete 
| 111|0x000000061e000000, 0x000000061e400000, 0x000000061e400000|100%| E|CS|TAMS 0x000000061e000000, 0x000000061e000000| Complete 
| 112|0x000000061e400000, 0x000000061e800000, 0x000000061e800000|100%| E|CS|TAMS 0x000000061e400000, 0x000000061e400000| Complete 
| 113|0x000000061e800000, 0x000000061ec00000, 0x000000061ec00000|100%| E|CS|TAMS 0x000000061e800000, 0x000000061e800000| Complete 
| 114|0x000000061ec00000, 0x000000061f000000, 0x000000061f000000|100%| E|CS|TAMS 0x000000061ec00000, 0x000000061ec00000| Complete 
| 115|0x000000061f000000, 0x000000061f400000, 0x000000061f400000|100%| E|CS|TAMS 0x000000061f000000, 0x000000061f000000| Complete 
| 116|0x000000061f400000, 0x000000061f800000, 0x000000061f800000|100%| E|CS|TAMS 0x000000061f400000, 0x000000061f400000| Complete 
| 117|0x000000061f800000, 0x000000061fc00000, 0x000000061fc00000|100%| E|CS|TAMS 0x000000061f800000, 0x000000061f800000| Complete 
| 118|0x000000061fc00000, 0x0000000620000000, 0x0000000620000000|100%| E|CS|TAMS 0x000000061fc00000, 0x000000061fc00000| Complete 
| 119|0x0000000620000000, 0x0000000620400000, 0x0000000620400000|100%| E|CS|TAMS 0x0000000620000000, 0x0000000620000000| Complete 
| 120|0x0000000620400000, 0x0000000620800000, 0x0000000620800000|100%| E|CS|TAMS 0x0000000620400000, 0x0000000620400000| Complete 
| 121|0x0000000620800000, 0x0000000620c00000, 0x0000000620c00000|100%| E|CS|TAMS 0x0000000620800000, 0x0000000620800000| Complete 
| 122|0x0000000620c00000, 0x0000000621000000, 0x0000000621000000|100%| E|CS|TAMS 0x0000000620c00000, 0x0000000620c00000| Complete 
| 123|0x0000000621000000, 0x0000000621400000, 0x0000000621400000|100%| E|CS|TAMS 0x0000000621000000, 0x0000000621000000| Complete 
| 124|0x0000000621400000, 0x0000000621800000, 0x0000000621800000|100%| E|CS|TAMS 0x0000000621400000, 0x0000000621400000| Complete 
| 125|0x0000000621800000, 0x0000000621c00000, 0x0000000621c00000|100%| E|CS|TAMS 0x0000000621800000, 0x0000000621800000| Complete 
| 126|0x0000000621c00000, 0x0000000622000000, 0x0000000622000000|100%| E|CS|TAMS 0x0000000621c00000, 0x0000000621c00000| Complete 
| 127|0x0000000622000000, 0x0000000622400000, 0x0000000622400000|100%| E|CS|TAMS 0x0000000622000000, 0x0000000622000000| Complete 

Card table byte_map: [0x000001593b510000,0x000001593c500000] _byte_map_base: 0x00000159384fe000

Marking Bits (Prev, Next): (CMBitMap*) 0x0000015927898d90, (CMBitMap*) 0x0000015927898dd0
 Prev Bits: [0x000001593d4f0000, 0x0000015945460000)
 Next Bits: [0x0000015945460000, 0x000001594d3d0000)

Polling page: 0x0000015925790000

Metaspace:

Usage:
  Non-class:     17.63 MB used.
      Class:      2.40 MB used.
       Both:     20.03 MB used.

Virtual space:
  Non-class space:       64.00 MB reserved,      17.81 MB ( 28%) committed,  1 nodes.
      Class space:        1.00 GB reserved,       2.56 MB ( <1%) committed,  1 nodes.
             Both:        1.06 GB reserved,      20.38 MB (  2%) committed. 

Chunk freelists:
   Non-Class:  14.03 MB
       Class:  13.44 MB
        Both:  27.46 MB

MaxMetaspaceSize: unlimited
CompressedClassSpaceSize: 1.00 GB
Initial GC threshold: 21.00 MB
Current GC threshold: 21.00 MB
CDS: on
MetaspaceReclaimPolicy: balanced
 - commit_granule_bytes: 65536.
 - commit_granule_words: 8192.
 - virtual_space_node_default_size: 8388608.
 - enlarge_chunks_in_place: 1.
 - new_chunks_are_fully_committed: 0.
 - uncommit_free_chunks: 1.
 - use_allocation_guard: 0.
 - handle_deallocations: 1.


Internal statistics:

num_allocs_failed_limit: 0.
num_arena_births: 138.
num_arena_deaths: 0.
num_vsnodes_births: 2.
num_vsnodes_deaths: 0.
num_space_committed: 326.
num_space_uncommitted: 0.
num_chunks_returned_to_freelist: 0.
num_chunks_taken_from_freelist: 907.
num_chunk_merges: 0.
num_chunk_splits: 583.
num_chunks_enlarged: 437.
num_inconsistent_stats: 0.

CodeHeap 'non-profiled nmethods': size=120000Kb used=2876Kb max_used=2876Kb free=117123Kb
 bounds [0x0000015932aa0000, 0x0000015932d70000, 0x0000015939fd0000]
CodeHeap 'profiled nmethods': size=120000Kb used=11358Kb max_used=11358Kb free=108641Kb
 bounds [0x000001592afd0000, 0x000001592baf0000, 0x0000015932500000]
CodeHeap 'non-nmethods': size=5760Kb used=1196Kb max_used=1271Kb free=4563Kb
 bounds [0x0000015932500000, 0x0000015932770000, 0x0000015932aa0000]
 total_blobs=5625 nmethods=5133 adapters=404
 compilation: enabled
              stopped_count=0, restarted_count=0
 full_count=0

Compilation events (20 events):
Event: 1.389 Thread 0x000001594f6a9a90 nmethod 4676 0x000001592b99b510 code [0x000001592b99b6e0, 0x000001592b99baf8]
Event: 1.389 Thread 0x000001594f6a9a90 4673       1       org.apache.maven.model.Model::setInceptionYear (6 bytes)
Event: 1.389 Thread 0x000001594f6a9a90 nmethod 4673 0x0000015932d1f990 code [0x0000015932d1fb20, 0x0000015932d1fc38]
Event: 1.389 Thread 0x00000159501e6730 nmethod 4655 0x0000015932d1fc90 code [0x0000015932d1fe20, 0x0000015932d200b8]
Event: 1.389 Thread 0x00000159501e6730 4647       4       java.util.LinkedHashMap::entrySet (27 bytes)
Event: 1.389 Thread 0x000001594f6a9a90 4678       2       org.eclipse.sisu.inject.LazyBeanEntry::getValue (10 bytes)
Event: 1.389 Thread 0x000001594f6a9a90 nmethod 4678 0x000001592b99bc90 code [0x000001592b99be20, 0x000001592b99bf48]
Event: 1.390 Thread 0x000001594f6a9a90 4680   !   3       java.io.PrintStream::newLine (73 bytes)
Event: 1.390 Thread 0x00000159501e6730 nmethod 4647 0x0000015932d20290 code [0x0000015932d20420, 0x0000015932d205d8]
Event: 1.390 Thread 0x00000159501e6730 4679       4       java.io.FilterOutputStream::write (51 bytes)
Event: 1.390 Thread 0x000001594f6a9a90 nmethod 4680 0x000001592b99c010 code [0x000001592b99c280, 0x000001592b99cd58]
Event: 1.391 Thread 0x000001594f6a9a90 4681       3       org.apache.maven.model.merge.ModelMerger::mergeDeploymentRepository (19 bytes)
Event: 1.391 Thread 0x000001594f6a9a90 nmethod 4681 0x000001592b99d310 code [0x000001592b99d4e0, 0x000001592b99da08]
Event: 1.391 Thread 0x000001594f6a9a90 4682       3       org.apache.maven.model.merge.ModelMerger::mergeRepository (28 bytes)
Event: 1.391 Thread 0x000001594f6a9a90 nmethod 4682 0x000001592b99db90 code [0x000001592b99dd40, 0x000001592b99e0c8]
Event: 1.391 Thread 0x00000159501e6730 nmethod 4679 0x0000015932d20690 code [0x0000015932d20820, 0x0000015932d209a8]
Event: 1.391 Thread 0x000001594f6a9a90 4683       3       org.apache.maven.model.merge.ModelMerger::mergeRepositoryBase (37 bytes)
Event: 1.391 Thread 0x00000159501e6730 4677       4       org.codehaus.plexus.interpolation.reflection.ReflectionValueExtractor$Tokenizer::skipChar (37 bytes)
Event: 1.391 Thread 0x000001594f6a9a90 nmethod 4683 0x000001592b99e210 code [0x000001592b99e3e0, 0x000001592b99e838]
Event: 1.391 Thread 0x000001594f6a9a90 4684       3       org.apache.maven.model.merge.ModelMerger::mergeRepositoryBase_Id (43 bytes)

GC Heap History (6 events):
Event: 0.280 GC heap before
{Heap before GC invocations=0 (full 0):
 garbage-first heap   total 524288K, used 24576K [0x0000000602400000, 0x0000000800000000)
  region size 4096K, 6 young (24576K), 0 survivors (0K)
 Metaspace       used 6006K, committed 6208K, reserved 1114112K
  class space    used 743K, committed 832K, reserved 1048576K
}
Event: 0.282 GC heap after
{Heap after GC invocations=1 (full 0):
 garbage-first heap   total 524288K, used 3876K [0x0000000602400000, 0x0000000800000000)
  region size 4096K, 1 young (4096K), 1 survivors (4096K)
 Metaspace       used 6006K, committed 6208K, reserved 1114112K
  class space    used 743K, committed 832K, reserved 1048576K
}
Event: 0.456 GC heap before
{Heap before GC invocations=1 (full 0):
 garbage-first heap   total 524288K, used 28452K [0x0000000602400000, 0x0000000800000000)
  region size 4096K, 7 young (28672K), 1 survivors (4096K)
 Metaspace       used 8770K, committed 8960K, reserved 1114112K
  class space    used 1082K, committed 1152K, reserved 1048576K
}
Event: 0.458 GC heap after
{Heap after GC invocations=2 (full 0):
 garbage-first heap   total 524288K, used 4867K [0x0000000602400000, 0x0000000800000000)
  region size 4096K, 1 young (4096K), 1 survivors (4096K)
 Metaspace       used 8770K, committed 8960K, reserved 1114112K
  class space    used 1082K, committed 1152K, reserved 1048576K
}
Event: 0.971 GC heap before
{Heap before GC invocations=2 (full 0):
 garbage-first heap   total 524288K, used 70403K [0x0000000602400000, 0x0000000800000000)
  region size 4096K, 17 young (69632K), 1 survivors (4096K)
 Metaspace       used 16387K, committed 16576K, reserved 1114112K
  class space    used 2037K, committed 2112K, reserved 1048576K
}
Event: 0.974 GC heap after
{Heap after GC invocations=3 (full 0):
 garbage-first heap   total 524288K, used 9323K [0x0000000602400000, 0x0000000800000000)
  region size 4096K, 2 young (8192K), 2 survivors (8192K)
 Metaspace       used 16387K, committed 16576K, reserved 1114112K
  class space    used 2037K, committed 2112K, reserved 1048576K
}

Dll operation events (4 events):
Event: 0.004 Loaded shared library C:\Users\Mega-PC\.jdks\jbr-17.0.12\bin\java.dll
Event: 0.015 Loaded shared library C:\Users\Mega-PC\.jdks\jbr-17.0.12\bin\jsvml.dll
Event: 0.039 Loaded shared library C:\Users\Mega-PC\.jdks\jbr-17.0.12\bin\zip.dll
Event: 0.105 Loaded shared library C:\Users\Mega-PC\.jdks\jbr-17.0.12\bin\verify.dll

Deoptimization events (20 events):
Event: 1.336 Thread 0x00000159277ebc70 DEOPT PACKING pc=0x000001592b61e003 sp=0x0000001224bfc8a0
Event: 1.336 Thread 0x00000159277ebc70 DEOPT UNPACKING pc=0x0000015932557143 sp=0x0000001224bfbd10 mode 0
Event: 1.363 Thread 0x00000159277ebc70 Uncommon trap: trap_request=0xffffffbe fr.pc=0x0000015932d1964c relative=0x000000000000022c
Event: 1.363 Thread 0x00000159277ebc70 Uncommon trap: reason=profile_predicate action=maybe_recompile pc=0x0000015932d1964c method=java.util.HashMap.keysToArray([Ljava/lang/Object;)[Ljava/lang/Object; @ 36 c2
Event: 1.363 Thread 0x00000159277ebc70 DEOPT PACKING pc=0x0000015932d1964c sp=0x0000001224bfbe80
Event: 1.363 Thread 0x00000159277ebc70 DEOPT UNPACKING pc=0x00000159325569a3 sp=0x0000001224bfbe10 mode 2
Event: 1.363 Thread 0x00000159277ebc70 Uncommon trap: trap_request=0xffffffbe fr.pc=0x0000015932d1964c relative=0x000000000000022c
Event: 1.363 Thread 0x00000159277ebc70 Uncommon trap: reason=profile_predicate action=maybe_recompile pc=0x0000015932d1964c method=java.util.HashMap.keysToArray([Ljava/lang/Object;)[Ljava/lang/Object; @ 36 c2
Event: 1.363 Thread 0x00000159277ebc70 DEOPT PACKING pc=0x0000015932d1964c sp=0x0000001224bfbd30
Event: 1.363 Thread 0x00000159277ebc70 DEOPT UNPACKING pc=0x00000159325569a3 sp=0x0000001224bfbcc0 mode 2
Event: 1.367 Thread 0x00000159277ebc70 Uncommon trap: trap_request=0xffffffbe fr.pc=0x0000015932d1964c relative=0x000000000000022c
Event: 1.367 Thread 0x00000159277ebc70 Uncommon trap: reason=profile_predicate action=maybe_recompile pc=0x0000015932d1964c method=java.util.HashMap.keysToArray([Ljava/lang/Object;)[Ljava/lang/Object; @ 36 c2
Event: 1.367 Thread 0x00000159277ebc70 DEOPT PACKING pc=0x0000015932d1964c sp=0x0000001224bfba40
Event: 1.367 Thread 0x00000159277ebc70 DEOPT UNPACKING pc=0x00000159325569a3 sp=0x0000001224bfb9d0 mode 2
Event: 1.367 Thread 0x00000159277ebc70 Uncommon trap: trap_request=0xffffffbe fr.pc=0x0000015932d1964c relative=0x000000000000022c
Event: 1.367 Thread 0x00000159277ebc70 Uncommon trap: reason=profile_predicate action=maybe_recompile pc=0x0000015932d1964c method=java.util.HashMap.keysToArray([Ljava/lang/Object;)[Ljava/lang/Object; @ 36 c2
Event: 1.367 Thread 0x00000159277ebc70 DEOPT PACKING pc=0x0000015932d1964c sp=0x0000001224bfba60
Event: 1.367 Thread 0x00000159277ebc70 DEOPT UNPACKING pc=0x00000159325569a3 sp=0x0000001224bfb9f0 mode 2
Event: 1.390 Thread 0x00000159277ebc70 DEOPT PACKING pc=0x000001592b61e70e sp=0x0000001224bfb890
Event: 1.390 Thread 0x00000159277ebc70 DEOPT UNPACKING pc=0x0000015932557143 sp=0x0000001224bfad40 mode 0

Classes loaded (20 events):
Event: 1.223 Loading class java/lang/Character$UnicodeBlock
Event: 1.223 Loading class java/lang/Character$Subset
Event: 1.223 Loading class java/lang/Character$Subset done
Event: 1.223 Loading class java/lang/Character$UnicodeBlock done
Event: 1.232 Loading class java/nio/file/attribute/PosixFileAttributes
Event: 1.232 Loading class java/nio/file/attribute/PosixFileAttributes done
Event: 1.289 Loading class java/io/FileWriter
Event: 1.289 Loading class java/io/FileWriter done
Event: 1.297 Loading class jdk/internal/reflect/UnsafeIntegerFieldAccessorImpl
Event: 1.297 Loading class jdk/internal/reflect/UnsafeIntegerFieldAccessorImpl done
Event: 1.298 Loading class java/util/concurrent/ConcurrentLinkedDeque
Event: 1.298 Loading class java/util/concurrent/ConcurrentLinkedDeque done
Event: 1.298 Loading class java/util/concurrent/ConcurrentLinkedDeque$Node
Event: 1.298 Loading class java/util/concurrent/ConcurrentLinkedDeque$Node done
Event: 1.299 Loading class java/util/ServiceConfigurationError
Event: 1.299 Loading class java/util/ServiceConfigurationError done
Event: 1.310 Loading class java/nio/file/attribute/FileTime$1
Event: 1.310 Loading class java/nio/file/attribute/FileTime$1 done
Event: 1.321 Loading class java/util/Comparators$NaturalOrderComparator
Event: 1.321 Loading class java/util/Comparators$NaturalOrderComparator done

Classes unloaded (0 events):
No events

Classes redefined (0 events):
No events

Internal exceptions (20 events):
Event: 0.565 Thread 0x00000159277ebc70 Exception <a 'java/lang/ExceptionInInitializerError'{0x000000062147c1d0}> (0x000000062147c1d0) 
thrown [s\src\hotspot\share\oops\instanceKlass.cpp, line 1233]
Event: 0.577 Thread 0x00000159277ebc70 Implicit null exception at 0x0000015932b385af to 0x0000015932b38710
Event: 0.578 Thread 0x00000159277ebc70 Exception <a 'java/lang/NoSuchMethodError'{0x00000006215910a8}: 'java.lang.Object java.lang.invoke.Invokers$Holder.invokeExact_MT(java.lang.Object, int, java.lang.Object)'> (0x00000006215910a8) 
thrown [s\src\hotspot\share\interpreter\linkResolver.cpp, line 771]
Event: 0.584 Thread 0x00000159277ebc70 Exception <a 'java/lang/NoSuchMethodError'{0x0000000621633230}: 'int java.lang.invoke.DirectMethodHandle$Holder.invokeSpecial(java.lang.Object, java.lang.Object, java.lang.Object, java.lang.Object)'> (0x0000000621633230) 
thrown [s\src\hotspot\share\interpreter\linkResolver.cpp, line 771]
Event: 0.668 Thread 0x00000159277ebc70 Exception <a 'java/lang/NoClassDefFoundError'{0x0000000620e93ac0}: com/google/inject/servlet/ServletModuleTargetVisitor> (0x0000000620e93ac0) 
thrown [s\src\hotspot\share\classfile\systemDictionary.cpp, line 245]
Event: 0.689 Thread 0x00000159277ebc70 Exception <a 'java/lang/NoSuchMethodError'{0x000000062091bf68}: 'void java.lang.invoke.DirectMethodHandle$Holder.invokeVirtual(java.lang.Object, java.lang.Object)'> (0x000000062091bf68) 
thrown [s\src\hotspot\share\interpreter\linkResolver.cpp, line 771]
Event: 0.699 Thread 0x00000159277ebc70 Exception <a 'java/lang/NoSuchMethodError'{0x00000006209a3b48}: 'java.lang.Object java.lang.invoke.DirectMethodHandle$Holder.invokeStaticInit(java.lang.Object, int, int, int, int)'> (0x00000006209a3b48) 
thrown [s\src\hotspot\share\interpreter\linkResolver.cpp, line 771]
Event: 0.748 Thread 0x00000159277ebc70 Exception <a 'java/lang/NoSuchMethodError'{0x0000000620329588}: 'void java.lang.invoke.DirectMethodHandle$Holder.invokeSpecial(java.lang.Object, java.lang.Object, java.lang.Object, java.lang.Object, java.lang.Object)'> (0x0000000620329588) 
thrown [s\src\hotspot\share\interpreter\linkResolver.cpp, line 771]
Event: 0.749 Thread 0x00000159277ebc70 Exception <a 'java/lang/NoSuchMethodError'{0x0000000620347798}: 'java.lang.Object java.lang.invoke.DirectMethodHandle$Holder.invokeVirtual(java.lang.Object, java.lang.Object, java.lang.Object)'> (0x0000000620347798) 
thrown [s\src\hotspot\share\interpreter\linkResolver.cpp, line 771]
Event: 0.750 Thread 0x00000159277ebc70 Exception <a 'java/lang/NoSuchMethodError'{0x0000000620356ad8}: 'void java.lang.invoke.DirectMethodHandle$Holder.invokeSpecial(java.lang.Object, java.lang.Object, java.lang.Object, java.lang.Object, java.lang.Object, java.lang.Object)'> (0x0000000620356ad8) 
thrown [s\src\hotspot\share\interpreter\linkResolver.cpp, line 771]
Event: 0.824 Thread 0x00000159277ebc70 Implicit null exception at 0x0000015932ba3a2f to 0x0000015932ba3b1c
Event: 0.824 Thread 0x00000159277ebc70 Implicit null exception at 0x0000015932b55f14 to 0x0000015932b5635c
Event: 0.824 Thread 0x00000159277ebc70 Implicit null exception at 0x0000015932ad6458 to 0x0000015932ad64ee
Event: 1.119 Thread 0x00000159277ebc70 Implicit null exception at 0x0000015932c33122 to 0x0000015932c333c4
Event: 1.119 Thread 0x00000159277ebc70 Implicit null exception at 0x0000015932b1a214 to 0x0000015932b1a63c
Event: 1.119 Thread 0x00000159277ebc70 Implicit null exception at 0x0000015932b5720f to 0x0000015932b57289
Event: 1.155 Thread 0x00000159277ebc70 Exception <a 'java/lang/NoSuchMethodError'{0x000000061ff2e5f0}: 'java.lang.Object java.lang.invoke.DirectMethodHandle$Holder.newInvokeSpecial(java.lang.Object, java.lang.Object, java.lang.Object, java.lang.Object, java.lang.Object, java.lang.Object, java.lang.Object)'> (0x000000061ff2e5f0) 
thrown [s\src\hotspot\share\interpreter\linkResolver.cpp, line 771]
Event: 1.155 Thread 0x00000159277ebc70 Exception <a 'java/lang/NoSuchMethodError'{0x000000061ff32f00}: 'java.lang.Object java.lang.invoke.Invokers$Holder.linkToTargetMethod(java.lang.Object, java.lang.Object, java.lang.Object, java.lang.Object, java.lang.Object, java.lang.Object, java.lang.Object)'> (0x000000061ff32f00) 
thrown [s\src\hotspot\share\interpreter\linkResolver.cpp, line 771]
Event: 1.208 Thread 0x00000159277ebc70 Exception <a 'java/lang/NoSuchMethodError'{0x000000061f0962f8}: 'int java.lang.invoke.DirectMethodHandle$Holder.invokeVirtual(java.lang.Object, java.lang.Object)'> (0x000000061f0962f8) 
thrown [s\src\hotspot\share\interpreter\linkResolver.cpp, line 771]
Event: 1.225 Thread 0x00000159277ebc70 Exception <a 'java/lang/NoSuchMethodError'{0x000000061f28dd10}: 'int java.lang.invoke.DirectMethodHandle$Holder.invokeStatic(java.lang.Object, java.lang.Object, int)'> (0x000000061f28dd10) 
thrown [s\src\hotspot\share\interpreter\linkResolver.cpp, line 771]

VM Operations (20 events):
Event: 0.734 Executing VM operation: HandshakeAllThreads
Event: 0.734 Executing VM operation: HandshakeAllThreads done
Event: 0.760 Executing VM operation: ICBufferFull
Event: 0.760 Executing VM operation: ICBufferFull done
Event: 0.875 Executing VM operation: ICBufferFull
Event: 0.875 Executing VM operation: ICBufferFull done
Event: 0.888 Executing VM operation: HandshakeAllThreads
Event: 0.888 Executing VM operation: HandshakeAllThreads done
Event: 0.902 Executing VM operation: HandshakeAllThreads
Event: 0.902 Executing VM operation: HandshakeAllThreads done
Event: 0.971 Executing VM operation: G1CollectForAllocation
Event: 0.974 Executing VM operation: G1CollectForAllocation done
Event: 1.093 Executing VM operation: ICBufferFull
Event: 1.094 Executing VM operation: ICBufferFull done
Event: 1.202 Executing VM operation: ICBufferFull
Event: 1.202 Executing VM operation: ICBufferFull done
Event: 1.289 Executing VM operation: HandshakeAllThreads
Event: 1.289 Executing VM operation: HandshakeAllThreads done
Event: 1.293 Executing VM operation: ICBufferFull
Event: 1.293 Executing VM operation: ICBufferFull done

Events (20 events):
Event: 0.020 Thread 0x000001594f6a54f0 Thread added: 0x000001594f6a54f0
Event: 0.020 Thread 0x000001594f6a6290 Thread added: 0x000001594f6a6290
Event: 0.020 Thread 0x000001594f6a9a90 Thread added: 0x000001594f6a9a90
Event: 0.020 Thread 0x000001594f6b31e0 Thread added: 0x000001594f6b31e0
Event: 0.028 Thread 0x000001594f674840 Thread added: 0x000001594f674840
Event: 0.035 Thread 0x00000159501e6730 Thread added: 0x00000159501e6730
Event: 0.040 Loaded shared library C:\Users\Mega-PC\.jdks\jbr-17.0.12\bin\instrument.dll
Event: 0.044 Loaded shared library C:\Users\Mega-PC\.jdks\jbr-17.0.12\bin\net.dll
Event: 0.045 Loaded shared library C:\Users\Mega-PC\.jdks\jbr-17.0.12\bin\nio.dll
Event: 0.047 Loaded shared library C:\Users\Mega-PC\.jdks\jbr-17.0.12\bin\zip.dll
Event: 0.051 Loaded shared library C:\Program Files\JetBrains\IntelliJ IDEA 2024.3.1.1\bin\breakgen64.dll
Event: 0.051 Thread 0x000001595025db30 Thread added: 0x000001595025db30
Event: 0.051 Thread 0x000001595025e010 Thread added: 0x000001595025e010
Event: 0.056 Loaded shared library C:\Users\Mega-PC\.jdks\jbr-17.0.12\bin\extnet.dll
Event: 0.093 Thread 0x0000015950797640 Thread added: 0x0000015950797640
Event: 0.094 Loaded shared library C:\Users\Mega-PC\.jdks\jbr-17.0.12\bin\jimage.dll
Event: 0.098 Thread 0x0000015950797640 Thread exited: 0x0000015950797640
Event: 0.100 Loaded shared library C:\Users\Mega-PC\AppData\Local\Temp\jansi-2.4.1-77b34dc9693b0a2f-jansi.dll
Event: 0.271 Thread 0x000001595084ed80 Thread added: 0x000001595084ed80
Event: 0.723 Thread 0x0000015996678b10 Thread added: 0x0000015996678b10


Dynamic libraries:
0x00007ff7dac60000 - 0x00007ff7dac6a000 	C:\Users\Mega-PC\.jdks\jbr-17.0.12\bin\java.exe
0x00007fff23cb0000 - 0x00007fff23ea8000 	C:\Windows\SYSTEM32\ntdll.dll
0x00007fff23ba0000 - 0x00007fff23c62000 	C:\Windows\System32\KERNEL32.DLL
0x00007fff21460000 - 0x00007fff2175f000 	C:\Windows\System32\KERNELBASE.dll
0x00007fff217d0000 - 0x00007fff218d0000 	C:\Windows\System32\ucrtbase.dll
0x00007fff13cd0000 - 0x00007fff13ce7000 	C:\Users\Mega-PC\.jdks\jbr-17.0.12\bin\jli.dll
0x00007fff179f0000 - 0x00007fff17a0b000 	C:\Users\Mega-PC\.jdks\jbr-17.0.12\bin\VCRUNTIME140.dll
0x00007fff23390000 - 0x00007fff2352d000 	C:\Windows\System32\USER32.dll
0x00007fff213e0000 - 0x00007fff21402000 	C:\Windows\System32\win32u.dll
0x00007fff20710000 - 0x00007fff209aa000 	C:\Windows\WinSxS\amd64_microsoft.windows.common-controls_6595b64144ccf1df_6.0.19041.4355_none_60b8b9eb71f62e16\COMCTL32.dll
0x00007fff23120000 - 0x00007fff2314b000 	C:\Windows\System32\GDI32.dll
0x00007fff231f0000 - 0x00007fff2328e000 	C:\Windows\System32\msvcrt.dll
0x00007fff21970000 - 0x00007fff21a8a000 	C:\Windows\System32\gdi32full.dll
0x00007fff218d0000 - 0x00007fff2196d000 	C:\Windows\System32\msvcp_win.dll
0x00007fff21fc0000 - 0x00007fff21fef000 	C:\Windows\System32\IMM32.DLL
0x00007fff1db40000 - 0x00007fff1db4c000 	C:\Users\Mega-PC\.jdks\jbr-17.0.12\bin\vcruntime140_1.dll
0x00007ffefbeb0000 - 0x00007ffefbf3d000 	C:\Users\Mega-PC\.jdks\jbr-17.0.12\bin\msvcp140.dll
0x00007ffe8e680000 - 0x00007ffe8f30a000 	C:\Users\Mega-PC\.jdks\jbr-17.0.12\bin\server\jvm.dll
0x00007fff23660000 - 0x00007fff2370f000 	C:\Windows\System32\ADVAPI32.dll
0x00007fff21cf0000 - 0x00007fff21d8f000 	C:\Windows\System32\sechost.dll
0x00007fff23530000 - 0x00007fff23653000 	C:\Windows\System32\RPCRT4.dll
0x00007fff21ca0000 - 0x00007fff21cc7000 	C:\Windows\System32\bcrypt.dll
0x00007fff22620000 - 0x00007fff2268b000 	C:\Windows\System32\WS2_32.dll
0x00007fff20d10000 - 0x00007fff20d5b000 	C:\Windows\SYSTEM32\POWRPROF.dll
0x00007fff18af0000 - 0x00007fff18b17000 	C:\Windows\SYSTEM32\WINMM.dll
0x00007fff1a080000 - 0x00007fff1a08a000 	C:\Windows\SYSTEM32\VERSION.dll
0x00007fff209b0000 - 0x00007fff209c2000 	C:\Windows\SYSTEM32\UMPDC.dll
0x00007fff1e4e0000 - 0x00007fff1e4f2000 	C:\Windows\SYSTEM32\kernel.appcore.dll
0x00007fff179e0000 - 0x00007fff179ea000 	C:\Users\Mega-PC\.jdks\jbr-17.0.12\bin\jimage.dll
0x00007fff20b20000 - 0x00007fff20d04000 	C:\Windows\SYSTEM32\DBGHELP.DLL
0x00007fff20ac0000 - 0x00007fff20af4000 	C:\Windows\SYSTEM32\dbgcore.DLL
0x00007fff21350000 - 0x00007fff213d2000 	C:\Windows\System32\bcryptPrimitives.dll
0x00007fff1c240000 - 0x00007fff1c24e000 	C:\Users\Mega-PC\.jdks\jbr-17.0.12\bin\instrument.dll
0x00007fff13ca0000 - 0x00007fff13cc5000 	C:\Users\Mega-PC\.jdks\jbr-17.0.12\bin\java.dll
0x00007ffed5530000 - 0x00007ffed5607000 	C:\Users\Mega-PC\.jdks\jbr-17.0.12\bin\jsvml.dll
0x00007fff22950000 - 0x00007fff230bd000 	C:\Windows\System32\SHELL32.dll
0x00007fff1ed70000 - 0x00007fff1f513000 	C:\Windows\SYSTEM32\windows.storage.dll
0x00007fff23840000 - 0x00007fff23b95000 	C:\Windows\System32\combase.dll
0x00007fff20670000 - 0x00007fff2069b000 	C:\Windows\SYSTEM32\Wldp.dll
0x00007fff22880000 - 0x00007fff2294d000 	C:\Windows\System32\OLEAUT32.dll
0x00007fff21f10000 - 0x00007fff21fbd000 	C:\Windows\System32\SHCORE.dll
0x00007fff22740000 - 0x00007fff22795000 	C:\Windows\System32\shlwapi.dll
0x00007fff21280000 - 0x00007fff212a5000 	C:\Windows\SYSTEM32\profapi.dll
0x00007fff13c80000 - 0x00007fff13c98000 	C:\Users\Mega-PC\.jdks\jbr-17.0.12\bin\zip.dll
0x00007fff13c60000 - 0x00007fff13c79000 	C:\Users\Mega-PC\.jdks\jbr-17.0.12\bin\net.dll
0x00007fff1a240000 - 0x00007fff1a34a000 	C:\Windows\SYSTEM32\WINHTTP.dll
0x00007fff20570000 - 0x00007fff205dc000 	C:\Windows\system32\mswsock.dll
0x00007fff06890000 - 0x00007fff068a6000 	C:\Users\Mega-PC\.jdks\jbr-17.0.12\bin\nio.dll
0x00007ffefc300000 - 0x00007ffefc31a000 	C:\Program Files\JetBrains\IntelliJ IDEA 2024.3.1.1\bin\breakgen64.dll
0x00007fff06870000 - 0x00007fff06879000 	C:\Users\Mega-PC\.jdks\jbr-17.0.12\bin\extnet.dll
0x00007ffef6fb0000 - 0x00007ffef6fd4000 	C:\Users\Mega-PC\AppData\Local\Temp\jansi-2.4.1-77b34dc9693b0a2f-jansi.dll
0x00007fff06850000 - 0x00007fff06860000 	C:\Users\Mega-PC\.jdks\jbr-17.0.12\bin\verify.dll

dbghelp: loaded successfully - version: 4.0.5 - missing functions: none
symbol engine: initialized successfully - sym options: 0x614 - pdb path: .;C:\Users\Mega-PC\.jdks\jbr-17.0.12\bin;C:\Windows\SYSTEM32;C:\Windows\WinSxS\amd64_microsoft.windows.common-controls_6595b64144ccf1df_6.0.19041.4355_none_60b8b9eb71f62e16;C:\Users\Mega-PC\.jdks\jbr-17.0.12\bin\server;C:\Program Files\JetBrains\IntelliJ IDEA 2024.3.1.1\bin;C:\Users\Mega-PC\AppData\Local\Temp

VM Arguments:
jvm_args: -Dmaven.multiModuleProjectDirectory=C:\Users\Mega-PC\Desktop\pidev\PidevWorksphere -Djansi.passthrough=true -Dmaven.home=C:\Program Files\JetBrains\IntelliJ IDEA 2024.3.1.1\plugins\maven\lib\maven3 -Dclassworlds.conf=C:\Program Files\JetBrains\IntelliJ IDEA 2024.3.1.1\plugins\maven\lib\maven3\bin\m2.conf -Dmaven.ext.class.path=C:\Program Files\JetBrains\IntelliJ IDEA 2024.3.1.1\plugins\maven\lib\maven-event-listener.jar -javaagent:C:\Program Files\JetBrains\IntelliJ IDEA 2024.3.1.1\lib\idea_rt.jar=62404:C:\Program Files\JetBrains\IntelliJ IDEA 2024.3.1.1\bin -Dfile.encoding=UTF-8 
java_command: org.codehaus.classworlds.Launcher -Didea.version=2024.3.1.1 javafx:run
java_class_path (initial): C:\Program Files\JetBrains\IntelliJ IDEA 2024.3.1.1\plugins\maven\lib\maven3\boot\plexus-classworlds-2.8.0.jar;C:\Program Files\JetBrains\IntelliJ IDEA 2024.3.1.1\plugins\maven\lib\maven3\boot\plexus-classworlds.license
Launcher Type: SUN_STANDARD

[Global flags]
     intx CICompilerCount                          = 4                                         {product} {ergonomic}
     uint ConcGCThreads                            = 3                                         {product} {ergonomic}
     uint G1ConcRefinementThreads                  = 10                                        {product} {ergonomic}
   size_t G1HeapRegionSize                         = 4194304                                   {product} {ergonomic}
    uintx GCDrainStackTargetSize                   = 64                                        {product} {ergonomic}
   size_t InitialHeapSize                          = 536870912                                 {product} {ergonomic}
   size_t MarkStackSize                            = 4194304                                   {product} {ergonomic}
   size_t MaxHeapSize                              = 8552185856                                {product} {ergonomic}
   size_t MaxNewSize                               = 5129633792                                {product} {ergonomic}
   size_t MinHeapDeltaBytes                        = 4194304                                   {product} {ergonomic}
   size_t MinHeapSize                              = 8388608                                   {product} {ergonomic}
    uintx NonNMethodCodeHeapSize                   = 5839372                                {pd product} {ergonomic}
    uintx NonProfiledCodeHeapSize                  = 122909434                              {pd product} {ergonomic}
    uintx ProfiledCodeHeapSize                     = 122909434                              {pd product} {ergonomic}
    uintx ReservedCodeCacheSize                    = 251658240                              {pd product} {ergonomic}
     bool SegmentedCodeCache                       = true                                      {product} {ergonomic}
   size_t SoftMaxHeapSize                          = 8552185856                             {manageable} {ergonomic}
     bool UseCompressedClassPointers               = true                           {product lp64_product} {ergonomic}
     bool UseCompressedOops                        = true                           {product lp64_product} {ergonomic}
     bool UseG1GC                                  = true                                      {product} {ergonomic}
     bool UseLargePagesIndividualAllocation        = false                                  {pd product} {ergonomic}

Logging:
Log output configuration:
 #0: stdout all=warning uptime,level,tags
 #1: stderr all=off uptime,level,tags

Environment Variables:
PATH=C:\Program Files (x86)\Common Files\Intel\Shared Libraries\redist\intel64\compiler;C:\Program Files\Python38\Scripts\;C:\Program Files\Python38\;C:\Windows\system32;C:\Windows;C:\Windows\System32\Wbem;C:\Windows\System32\WindowsPowerShell\v1.0\;C:\Windows\System32\OpenSSH\;C:\Program Files (x86)\NVIDIA Corporation\PhysX\Common;C:\Program Files\Git\cmd;C:\Program Files\dotnet\;C:\Program Files\NVIDIA Corporation\NVIDIA app\NvDLISR;C:\Program Files\nodejs\;C:\Users\Mega-PC\AppData\Local\Microsoft\WindowsApps;C:\Users\Mega-PC\AppData\Local\Programs\Microsoft VS Code\bin;C:\Users\Mega-PC\AppData\Roaming\npm;C:\Users\Mega-PC\Documents\flutterDev\flutter\bin;C:\Users\Mega-PC\AppData\Local\GitHubDesktop\bin;
USERNAME=Mega-PC
OS=Windows_NT
PROCESSOR_IDENTIFIER=Intel64 Family 6 Model 151 Stepping 5, GenuineIntel
TMP=C:\Users\Mega-PC\AppData\Local\Temp
TEMP=C:\Users\Mega-PC\AppData\Local\Temp



Periodic native trim disabled

JNI global refs:
JNI global refs: 15, weak refs: 0

JNI global refs memory usage: 843, weak refs: 841

Process memory usage:
Resident Set Size: 279684K (0% of 33392548K total physical memory with 17144984K free physical memory)

OOME stack traces (most recent first):
Classloader memory used:
Loader org.codehaus.plexus.classworlds.realm.ClassRealm                                : 1872K
Loader bootstrap                                                                       : 645K
Loader jdk.internal.loader.ClassLoaders$AppClassLoader                                 : 30733B
Loader org.eclipse.sisu.space.CloningClassSpace$CloningClassLoader                     : 10864B
Loader jdk.internal.reflect.DelegatingClassLoader                                      : 7356B
Loader jdk.internal.loader.ClassLoaders$PlatformClassLoader                            : 5783B

Classes loaded by more than one classloader:
Class org.codehaus.plexus.util.MatchPatterns                                          : loaded 3 times (x 73B)
Class org.sonatype.plexus.components.sec.dispatcher.DefaultSecDispatcher              : loaded 2 times (x 81B)
Class org.codehaus.plexus.util.DirectoryScanner                                       : loaded 2 times (x 113B)
Class org.codehaus.plexus.interpolation.BasicInterpolator                             : loaded 2 times (x 68B)
Class org.codehaus.plexus.languages.java.jpms.ResolvePathResult                       : loaded 2 times (x 74B)
Class org.codehaus.plexus.languages.java.jpms.LocationManager                         : loaded 2 times (x 72B)
Class org.codehaus.plexus.util.Scanner                                                : loaded 2 times (x 68B)
Class org.sonatype.plexus.components.cipher.PlexusCipherException                     : loaded 2 times (x 80B)
Class [Lorg.codehaus.plexus.util.MatchPattern;                                        : loaded 2 times (x 67B)
Class org.codehaus.plexus.interpolation.ValueSource                                   : loaded 2 times (x 68B)
Class org.codehaus.plexus.util.AbstractScanner                                        : loaded 2 times (x 98B)
Class org.codehaus.plexus.util.MatchPattern                                           : loaded 2 times (x 76B)
Class org.codehaus.plexus.languages.java.jpms.ResolvePathsRequest                     : loaded 2 times (x 80B)
Class org.codehaus.plexus.languages.java.jpms.JavaModuleDescriptor                    : loaded 2 times (x 76B)
Class org.codehaus.plexus.interpolation.RecursionInterceptor                          : loaded 2 times (x 68B)
Class org.apache.maven.shared.utils.logging.MessageBuilder                            : loaded 2 times (x 68B)
Class org.codehaus.plexus.languages.java.jpms.SourceModuleInfoParser                  : loaded 2 times (x 70B)
Class org.sonatype.plexus.components.sec.dispatcher.model.SettingsSecurity            : loaded 2 times (x 80B)
Class org.sonatype.plexus.components.cipher.PlexusCipher                              : loaded 2 times (x 68B)
Class org.sonatype.plexus.components.sec.dispatcher.SecDispatcher                     : loaded 2 times (x 68B)
Class org.codehaus.plexus.interpolation.PropertiesBasedValueSource                    : loaded 2 times (x 80B)
Class org.codehaus.plexus.interpolation.AbstractValueSource                           : loaded 2 times (x 80B)
Class org.sonatype.plexus.components.sec.dispatcher.SecDispatcherException            : loaded 2 times (x 80B)
Class org.sonatype.plexus.components.cipher.DefaultPlexusCipher                       : loaded 2 times (x 91B)
Class org.codehaus.plexus.util.Os                                                     : loaded 2 times (x 75B)
Class org.codehaus.plexus.languages.java.jpms.ModuleInfoParser                        : loaded 2 times (x 68B)
Class org.codehaus.plexus.util.SelectorUtils                                          : loaded 2 times (x 69B)
Class org.codehaus.plexus.util.StringUtils                                            : loaded 2 times (x 69B)
Class org.codehaus.plexus.languages.java.jpms.ManifestModuleNameExtractor             : loaded 2 times (x 73B)
Class org.codehaus.plexus.languages.java.jpms.ResolvePathRequest                      : loaded 2 times (x 74B)
Class org.codehaus.plexus.languages.java.jpms.ResolvePathsResult                      : loaded 2 times (x 80B)
Class org.codehaus.plexus.util.cli.CommandLineException                               : loaded 2 times (x 80B)
Class org.sonatype.plexus.components.cipher.PBECipher                                 : loaded 2 times (x 72B)
Class org.codehaus.plexus.interpolation.Interpolator                                  : loaded 2 times (x 68B)
Class org.codehaus.plexus.languages.java.jpms.ModuleNameExtractor                     : loaded 2 times (x 68B)


---------------  S Y S T E M  ---------------

OS:
 Windows 10 , 64 bit Build 19041 (10.0.19041.5438)
OS uptime: 1 days 3:08 hours

CPU: total 12 (initial active 12) (6 cores per cpu, 2 threads per core) family 6 model 151 stepping 5 microcode 0x18, cx8, cmov, fxsr, ht, mmx, 3dnowpref, sse, sse2, sse3, ssse3, sse4.1, sse4.2, popcnt, lzcnt, tsc, tscinvbit, avx, avx2, aes, erms, clmul, bmi1, bmi2, adx, sha, fma, vzeroupper, clflush, clflushopt, clwb
Processor Information for all 12 processors :
  Max Mhz: 2500, Current Mhz: 2500, Mhz Limit: 2500

Memory: 4k page, system-wide physical 32609M (16742M free)
TotalPageFile size 37473M (AvailPageFile size 14546M)
current process WorkingSet (physical memory assigned to process): 273M, peak: 273M
current process commit charge ("private bytes"): 709M, peak: 712M

vm_info: OpenJDK 64-Bit Server VM (17.0.12+1-b1207.37) for windows-amd64 JRE (17.0.12+1-b1207.37), built on 2024-09-25 by "builduser" with MS VC++ 16.10 / 16.11 (VS2019)

END.
