#
# A fatal error has been detected by the Java Runtime Environment:
#
#  EXCEPTION_ACCESS_VIOLATION (0xc0000005) at pc=0x00007ffb8e8bcb76, pid=18956, tid=1152
#
# JRE version: OpenJDK Runtime Environment JBR-17.0.12+1-1207.37-nomod (17.0.12+1) (build 17.0.12+1-b1207.37)
# Java VM: OpenJDK 64-Bit Server VM JBR-17.0.12+1-1207.37-nomod (17.0.12+1-b1207.37, mixed mode, sharing, tiered, compressed oops, compressed class ptrs, g1 gc, windows-amd64)
# Problematic frame:
# V  [jvm.dll+0xcb76]  oopDesc::size_given_klass+0x6
#
# No core dump will be written. Minidumps are not enabled by default on client versions of Windows
#
# If you would like to submit a bug report, please visit:
#   https://youtrack.jetbrains.com/issues/JBR
#

---------------  S U M M A R Y ------------

Command Line: --module-path=C:\Users\Mega-PC\.m2\repository\org\openjfx\javafx-base\21.0.2\javafx-base-21.0.2-win.jar;C:\Users\Mega-PC\.m2\repository\org\openjfx\javafx-base\21.0.2\javafx-base-21.0.2.jar;C:\Users\Mega-PC\.m2\repository\org\openjfx\javafx-controls\21.0.2\javafx-controls-21.0.2-win.jar;C:\Users\Mega-PC\.m2\repository\org\openjfx\javafx-controls\21.0.2\javafx-controls-21.0.2.jar;C:\Users\Mega-PC\.m2\repository\org\openjfx\javafx-fxml\21.0.2\javafx-fxml-21.0.2-win.jar;C:\Users\Mega-PC\.m2\repository\org\openjfx\javafx-fxml\21.0.2\javafx-fxml-21.0.2.jar;C:\Users\Mega-PC\.m2\repository\org\openjfx\javafx-graphics\21.0.2\javafx-graphics-21.0.2-win.jar;C:\Users\Mega-PC\.m2\repository\org\openjfx\javafx-graphics\21.0.2\javafx-graphics-21.0.2.jar --add-modules=javafx.base,javafx.controls,javafx.fxml,javafx.graphics esprit.tn.tests.MainFX

Host: 12th Gen Intel(R) Core(TM) i5-12400F, 12 cores, 31G,  Windows 10 , 64 bit Build 19041 (10.0.19041.5438)
Time: Sat Feb 22 12:12:45 2025 Romance Standard Time elapsed time: 1.175273 seconds (0d 0h 0m 1s)

---------------  T H R E A D  ---------------

Current thread (0x000001df41b9c890):  GCTaskThread "GC Thread#5" [stack: 0x000000abd6060000,0x000000abd6160000] [id=1152]

Stack: [0x000000abd6060000,0x000000abd6160000],  sp=0x000000abd615f6f8,  free space=1021k
Native frames: (J=compiled Java code, j=interpreted, Vv=VM code, C=native code)
V  [jvm.dll+0xcb76]  oopDesc::size_given_klass+0x6  (oop.inline.hpp:151)


siginfo: EXCEPTION_ACCESS_VIOLATION (0xc0000005), reading address 0x000001dfa3656237


Registers:
RAX=0x0000000000000000, RBX=0x0000000000000001, RCX=0x0000000620294ad0, RDX=0x0000000620294ad0
RSP=0x000000abd615f6f8, RBP=0x000001dfa365622f, RSI=0x000001df881f3890, RDI=0x000001df881f3890
R8 =0x0000000620294ad0, R9 =0x000001dfa365622f, R10=0x0000000620294ad0, R11=0x0000000000000001
R12=0x000001df87885a98, R13=0x000001df881f3890, R14=0x0000000000000000, R15=0x0000000620294ad0
RIP=0x00007ffb8e8bcb76, EFLAGS=0x0000000000010202


Register to memory mapping:

RIP=0x00007ffb8e8bcb76 jvm.dll::oopDesc::size_given_klass + 0x6
RAX=0x0 is NULL
RBX=0x0000000000000001 is an unknown value
RCX=0x0000000620294ad0 is pointing into object: [B 
{0x0000000620294a40} - klass: {type array byte}
 - length: 1113
RDX=0x0000000620294ad0 is pointing into object: [B 
{0x0000000620294a40} - klass: {type array byte}
 - length: 1113
RSP=0x000000abd615f6f8 points into unknown readable memory: 0x00007ffb8ebbcc7c | 7c cc bb 8e fb 7f 00 00
RBP=0x000001dfa365622f is an unknown value
RSI=0x000001df881f3890 points into unknown readable memory: 0x00007ffb8f219d88 | 88 9d 21 8f fb 7f 00 00
RDI=0x000001df881f3890 points into unknown readable memory: 0x00007ffb8f219d88 | 88 9d 21 8f fb 7f 00 00
R8 =0x0000000620294ad0 is pointing into object: [B 
{0x0000000620294a40} - klass: {type array byte}
 - length: 1113
R9 =0x000001dfa365622f is an unknown value
R10=0x0000000620294ad0 is pointing into object: [B 
{0x0000000620294a40} - klass: {type array byte}
 - length: 1113
R11=0x0000000000000001 is an unknown value
R12=0x000001df87885a98 points into unknown readable memory: 0x0000000000000000 | 00 00 00 00 00 00 00 00
R13=0x000001df881f3890 points into unknown readable memory: 0x00007ffb8f219d88 | 88 9d 21 8f fb 7f 00 00
R14=0x0 is NULL
R15=0x0000000620294ad0 is pointing into object: [B 
{0x0000000620294a40} - klass: {type array byte}
 - length: 1113


Top of Stack: (sp=0x000000abd615f6f8)
0x000000abd615f6f8:   00007ffb8ebbcc7c 0000000000000000
0x000000abd615f708:   0000000000000001 000001df43180eb0
0x000000abd615f718:   000000000073bf4c 000000061f41b568
0x000000abd615f728:   00007ffb8ebbb539 0000000000000001
0x000000abd615f738:   000001df3ee43a00 000001df881f3890
0x000000abd615f748:   000000000073c08c 000001df881f3a10
0x000000abd615f758:   0000000000000000 0000000000000000
0x000000abd615f768:   000001df881f3890 000001df87885a98
0x000000abd615f778:   000001df881f3890 000000061f13922c
0x000000abd615f788:   0000000000000186 000000061f13922d
0x000000abd615f798:   00007ffb8ebbdd12 0000000621180000
0x000000abd615f7a8:   0000000000000001 0000000000000008
0x000000abd615f7b8:   78666176616a2800 000001df878856b0
0x000000abd615f7c8:   000001df88047470 000000abd615f8c0
0x000000abd615f7d8:   0000000000000013 000000abd615f850
0x000000abd615f7e8:   00007ffb8eb90504 000000000000000b
0x000000abd615f7f8:   000001df881f3890 000000000000000a
0x000000abd615f808:   00007ffb8ebb24a7 000000abd45feae0
0x000000abd615f818:   00007ffb8ef332af 0000000000000000
0x000000abd615f828:   0000000000000000 0000000000000000
0x000000abd615f838:   0000000000000000 0000000000000000
0x000000abd615f848:   00007ffb8f0b0487 000001df878856b0
0x000000abd615f858:   000001df88047470 00000000000003d8
0x000000abd615f868:   000001df87885a98 0000000000000002
0x000000abd615f878:   00007ffb8eb90c1a 000001df881f3890
0x000000abd615f888:   0000000000000013 000000abd45feae0
0x000000abd615f898:   0000000000000000 00007ffb8f21ae50
0x000000abd615f8a8:   0000000200000001 000000000073c090
0x000000abd615f8b8:   0000000000000000 00007ffb8f213528
0x000000abd615f8c8:   0000000000000000 0000000000000000
0x000000abd615f8d8:   0000000000000000 000001df191b2da0
0x000000abd615f8e8:   000001df881f3890 000001df191ae450 

Instructions: (pc=0x00007ffb8e8bcb76)
0x00007ffb8e8bca76:   cc cc cc cc cc cc cc cc cc cc 4c 8b 01 4c 8b c9
0x00007ffb8e8bca86:   48 8b 0d 03 d5 b7 00 ba 64 60 08 00 e9 49 f1 ff
0x00007ffb8e8bca96:   ff cc cc cc cc cc cc cc cc cc 8b 05 62 18 b2 00
0x00007ffb8e8bcaa6:   c3 cc cc cc cc cc cc cc cc cc 0f b6 05 82 de b8
0x00007ffb8e8bcab6:   00 48 8b d1 84 c0 74 16 44 8b 41 08 8b 0d 40 18
0x00007ffb8e8bcac6:   b2 00 49 d3 e0 4c 03 05 2e 18 b2 00 eb 04 4c 8b
0x00007ffb8e8bcad6:   41 08 45 8b 50 08 45 85 d2 7e 0e 41 f6 c2 01 75
0x00007ffb8e8bcae6:   53 41 c1 fa 03 41 8b c2 c3 79 49 84 c0 b9 10 00
0x00007ffb8e8bcaf6:   00 00 8b 05 46 27 b2 00 41 b8 0c 00 00 00 41 0f
0x00007ffb8e8bcb06:   45 c8 ff c8 4c 63 c8 48 63 14 11 41 8b ca 83 e1
0x00007ffb8e8bcb16:   3f 48 d3 e2 41 8b ca 48 c1 f9 10 0f b6 c1 49 8d
0x00007ffb8e8bcb26:   0c 11 49 f7 d1 48 03 c1 49 c1 e9 03 48 c1 e8 03
0x00007ffb8e8bcb36:   41 23 c1 c3 49 8b 00 49 8b c8 48 ff a0 00 01 00
0x00007ffb8e8bcb46:   00 cc cc cc cc cc cc cc cc cc 8b 44 24 30 45 03
0x00007ffb8e8bcb56:   c9 44 2b 4c 24 28 83 c0 0b 44 03 ca 45 03 c8 41
0x00007ffb8e8bcb66:   03 c1 c3 cc cc cc cc cc cc cc 4c 8b ca 48 8b d1
0x00007ffb8e8bcb76:   45 8b 41 08 45 85 c0 7e 0e 41 f6 c0 01 75 56 41
0x00007ffb8e8bcb86:   c1 f8 03 41 8b c0 c3 79 4c 80 3d a3 dd b8 00 00
0x00007ffb8e8bcb96:   b8 0c 00 00 00 b9 10 00 00 00 0f 45 c8 8b 05 9b
0x00007ffb8e8bcba6:   26 b2 00 ff c8 4c 63 c8 48 63 14 11 41 8b c8 83
0x00007ffb8e8bcbb6:   e1 3f 48 d3 e2 41 8b c8 48 c1 f9 10 0f b6 c1 49
0x00007ffb8e8bcbc6:   8d 0c 11 49 f7 d1 48 03 c1 49 c1 e9 03 48 c1 e8
0x00007ffb8e8bcbd6:   03 41 23 c1 c3 49 8b 01 49 8b c9 48 ff a0 00 01
0x00007ffb8e8bcbe6:   00 00 cc cc cc cc cc cc cc cc 48 8b 41 08 0f b7
0x00007ffb8e8bcbf6:   48 2a 0f b7 40 28 83 c0 48 03 c1 c3 cc cc cc cc
0x00007ffb8e8bcc06:   cc cc cc cc cc cc cc cc cc cc 48 89 5c 24 08 57
0x00007ffb8e8bcc16:   48 83 ec 20 0f b6 05 4f c6 bd 00 48 8b fa 48 8b
0x00007ffb8e8bcc26:   d9 84 c0 74 4f 48 85 15 46 be bd 00 74 38 48 8b
0x00007ffb8e8bcc36:   ca e8 f4 8b 86 00 48 8b d0 48 85 db 74 25 48 85
0x00007ffb8e8bcc46:   c0 74 20 48 8b c7 f0 48 0f b1 13 74 16 48 85 05
0x00007ffb8e8bcc56:   1e be bd 00 74 0d 48 8b c8 f0 48 0f b1 13 48 3b
0x00007ffb8e8bcc66:   c1 75 ea 48 8b fa 48 8b c7 48 8b 5c 24 30 48 83 


Stack slot to memory mapping:
stack at sp + 0 slots: 0x00007ffb8ebbcc7c jvm.dll::G1ParScanThreadState::do_copy_to_survivor_space + 0x4c
stack at sp + 1 slots: 0x0 is NULL
stack at sp + 2 slots: 0x0000000000000001 is an unknown value
stack at sp + 3 slots: 0x000001df43180eb0 is a pointer to class: 
javafx.css.Size {0x000001df43180eb8}
 - instance size:     3
 - klass size:        70
 - access:            public final synchronized 
 - state:             fully_initialized
 - name:              'javafx/css/Size'
 - super:             'java/lang/Object'
 - sub:               
 - arrays:            NULL
 - methods:           Array<T>(0x000001df83a57c58)
 - method ordering:   Array<T>(0x000001df4295ca78)
 - default_methods:   Array<T>(0x0000000000000000)
 - local interfaces:  Array<T>(0x000001df4261c830)
 - trans. interfaces: Array<T>(0x000001df4261c830)
 - constants:         constant pool [100]/operands[5] {0x000001df83a57898} for 'javafx/css/Size' cache=0x000001df83a77920
 - class loader data:  loader data: 0x000001df3ef7c020 for instance a 'jdk/internal/loader/ClassLoaders$AppClassLoader'{0x000000061f411e50}
 - source file:       'Size.java'
 - class annotations:       Array<T>(0x0000000000000000)
 - class type annotations:  Array<T>(0x0000000000000000)
 - field annotations:       Array<T>(0x0000000000000000)
 - field type annotations:  Array<T>(0x0000000000000000)
 - inner classes:     Array<T>(0x000001df83a586c8)
 - nest members:     Array<T>(0x000001df4261c7c0)
 - permitted subclasses:     Array<T>(0x000001df4261c7c0)
 - java mirror:       a 'java/lang/Class'{0x000000061f1944f8} = 'javafx/css/Size'
 - vtable length      5  (start addr: 0x000001df431810a0)
 - itable length      2 (start addr: 0x000001df431810c8)
 - ---- static fields (0 words):
 - ---- non-static fields (3 words):
 - private final 'units' 'Ljavafx/css/SizeUnits;' @12 
 - private final 'value' 'D' @16 
 - non-static oop maps: 12-12 
stack at sp + 4 slots: 0x000000000073bf4c is an unknown value
stack at sp + 5 slots: 0x000000061f41b568 is pointing into object: [Ljava.lang.Object; 
{0x000000061f41b178} - klass: 'java/lang/Object'[]
 - length: 549
stack at sp + 6 slots: 0x00007ffb8ebbb539 jvm.dll::G1ScanEvacuatedObjClosure::do_oop + 0x69
stack at sp + 7 slots: 0x0000000000000001 is an unknown value


---------------  P R O C E S S  ---------------

Threads class SMR info:
_java_thread_list=0x000001df885c6ce0, length=21, elements={
0x000001df191a0f10, 0x000001df3ef36190, 0x000001df3ef36b30, 0x000001df3ef4b290,
0x000001df3ef4d880, 0x000001df3ef4dd60, 0x000001df3ef4e240, 0x000001df3ef54130,
0x000001df3ef5e720, 0x000001df3ef64990, 0x000001df3ef1e3f0, 0x000001df41bf9f00,
0x000001df41bff210, 0x000001df41d7f660, 0x000001df87330bd0, 0x000001df87652a00,
0x000001df87675d00, 0x000001df87fff8b0, 0x000001df87fffdc0, 0x000001df87ffd030,
0x000001df880002d0
}

Java Threads: ( => current thread )
  0x000001df191a0f10 JavaThread "main" [_thread_blocked, id=12264, stack(0x000000abd3f00000,0x000000abd4000000)]
  0x000001df3ef36190 JavaThread "Reference Handler" daemon [_thread_blocked, id=20960, stack(0x000000abd4600000,0x000000abd4700000)]
  0x000001df3ef36b30 JavaThread "Finalizer" daemon [_thread_blocked, id=11824, stack(0x000000abd4700000,0x000000abd4800000)]
  0x000001df3ef4b290 JavaThread "Signal Dispatcher" daemon [_thread_blocked, id=17660, stack(0x000000abd4800000,0x000000abd4900000)]
  0x000001df3ef4d880 JavaThread "Attach Listener" daemon [_thread_blocked, id=9800, stack(0x000000abd4900000,0x000000abd4a00000)]
  0x000001df3ef4dd60 JavaThread "Service Thread" daemon [_thread_blocked, id=20952, stack(0x000000abd4a00000,0x000000abd4b00000)]
  0x000001df3ef4e240 JavaThread "Monitor Deflation Thread" daemon [_thread_blocked, id=1072, stack(0x000000abd4b00000,0x000000abd4c00000)]
  0x000001df3ef54130 JavaThread "C2 CompilerThread0" daemon [_thread_blocked, id=23120, stack(0x000000abd4c00000,0x000000abd4d00000)]
  0x000001df3ef5e720 JavaThread "C1 CompilerThread0" daemon [_thread_blocked, id=14232, stack(0x000000abd4d00000,0x000000abd4e00000)]
  0x000001df3ef64990 JavaThread "Sweeper thread" daemon [_thread_blocked, id=20080, stack(0x000000abd4e00000,0x000000abd4f00000)]
  0x000001df3ef1e3f0 JavaThread "Common-Cleaner" daemon [_thread_blocked, id=10664, stack(0x000000abd4f00000,0x000000abd5000000)]
  0x000001df41bf9f00 JavaThread "C2 CompilerThread1" daemon [_thread_blocked, id=4696, stack(0x000000abd5000000,0x000000abd5100000)]
  0x000001df41bff210 JavaThread "C2 CompilerThread2" daemon [_thread_blocked, id=5992, stack(0x000000abd5100000,0x000000abd5200000)]
  0x000001df41d7f660 JavaThread "Notification Thread" daemon [_thread_blocked, id=13252, stack(0x000000abd5200000,0x000000abd5300000)]
  0x000001df87330bd0 JavaThread "QuantumRenderer-0" daemon [_thread_blocked, id=17956, stack(0x000000abd5400000,0x000000abd5500000)]
  0x000001df87652a00 JavaThread "InvokeLaterDispatcher" daemon [_thread_blocked, id=13380, stack(0x000000abd5600000,0x000000abd5700000)]
  0x000001df87675d00 JavaThread "JavaFX Application Thread" [_thread_blocked, id=17420, stack(0x000000abd5700000,0x000000abd5800000)]
  0x000001df87fff8b0 JavaThread "JavaFX-Launcher" [_thread_blocked, id=23328, stack(0x000000abd5a60000,0x000000abd5b60000)]
  0x000001df87fffdc0 JavaThread "Thread-2" daemon [_thread_blocked, id=25560, stack(0x000000abd5960000,0x000000abd5a60000)]
  0x000001df87ffd030 JavaThread "mysql-cj-abandoned-connection-cleanup" daemon [_thread_blocked, id=14676, stack(0x000000abd5b60000,0x000000abd5c60000)]
  0x000001df880002d0 JavaThread "Prism Font Disposer" daemon [_thread_blocked, id=11460, stack(0x000000abd6860000,0x000000abd6960000)]

Other Threads:
  0x000001df3ef31e40 VMThread "VM Thread" [stack: 0x000000abd4500000,0x000000abd4600000] [id=17976]
  0x000001df41df4110 WatcherThread [stack: 0x000000abd5300000,0x000000abd5400000] [id=23500]
  0x000001df1924bb40 GCTaskThread "GC Thread#0" [stack: 0x000000abd4000000,0x000000abd4100000] [id=15860]
  0x000001df41b9e410 GCTaskThread "GC Thread#1" [stack: 0x000000abd5c60000,0x000000abd5d60000] [id=10780]
  0x000001df41b9e150 GCTaskThread "GC Thread#2" [stack: 0x000000abd5d60000,0x000000abd5e60000] [id=22932]
  0x000001df41b9d650 GCTaskThread "GC Thread#3" [stack: 0x000000abd5e60000,0x000000abd5f60000] [id=18988]
  0x000001df41b9d0d0 GCTaskThread "GC Thread#4" [stack: 0x000000abd5f60000,0x000000abd6060000] [id=5104]
=>0x000001df41b9c890 GCTaskThread "GC Thread#5" [stack: 0x000000abd6060000,0x000000abd6160000] [id=1152]
  0x000001df41b9d390 GCTaskThread "GC Thread#6" [stack: 0x000000abd6160000,0x000000abd6260000] [id=16864]
  0x000001df41b9ce10 GCTaskThread "GC Thread#7" [stack: 0x000000abd6260000,0x000000abd6360000] [id=24508]
  0x000001df41b9d910 GCTaskThread "GC Thread#8" [stack: 0x000000abd6360000,0x000000abd6460000] [id=25260]
  0x000001df41b9de90 GCTaskThread "GC Thread#9" [stack: 0x000000abd6460000,0x000000abd6560000] [id=11000]
  0x000001df1925e090 ConcurrentGCThread "G1 Main Marker" [stack: 0x000000abd4100000,0x000000abd4200000] [id=15888]
  0x000001df3ed80080 ConcurrentGCThread "G1 Conc#0" [stack: 0x000000abd4200000,0x000000abd4300000] [id=17120]
  0x000001df3ee64c00 ConcurrentGCThread "G1 Refine#0" [stack: 0x000000abd4300000,0x000000abd4400000] [id=16888]
  0x000001df3ee69170 ConcurrentGCThread "G1 Service" [stack: 0x000000abd4400000,0x000000abd4500000] [id=6920]

Threads with active compile tasks:
C1 CompilerThread0     1247 1802   !   3       com.sun.javafx.css.StyleManager::getCacheContainer (152 bytes)

VM state: at safepoint (normal execution)

VM Mutex/Monitor currently owned by a thread:  ([mutex/lock_event])
[0x000001df1919d000] Threads_lock - owner thread: 0x000001df3ef31e40
[0x000001df1919c040] Heap_lock - owner thread: 0x000001df87675d00

Heap address: 0x0000000602400000, size: 8156 MB, Compressed Oops mode: Zero based, Oop shift amount: 3

CDS archive(s) mapped at: [0x000001df42000000-0x000001df42c00000-0x000001df42c00000), size 12582912, SharedBaseAddress: 0x000001df42000000, ArchiveRelocationMode: 1.
Compressed class space mapped at: 0x000001df43000000-0x000001df83000000, reserved size: 1073741824
Narrow klass base: 0x000001df42000000, Narrow klass shift: 0, Narrow klass range: 0x100000000

GC Precious Log:
 CPUs: 12 total, 12 available
 Memory: 32609M
 Large Page Support: Disabled
 NUMA Support: Disabled
 Compressed Oops: Enabled (Zero based)
 Heap Region Size: 4M
 Heap Min Capacity: 8M
 Heap Initial Capacity: 512M
 Heap Max Capacity: 8156M
 Pre-touch: Disabled
 Parallel Workers: 10
 Concurrent Workers: 3
 Concurrent Refinement Workers: 10
 Periodic GC: Disabled

Heap:
 garbage-first heap   total 524288K, used 44432K [0x0000000602400000, 0x0000000800000000)
  region size 4096K, 12 young (49152K), 2 survivors (8192K)
 Metaspace       used 17293K, committed 17472K, reserved 1114112K
  class space    used 2615K, committed 2688K, reserved 1048576K

Heap Regions: E=young(eden), S=young(survivor), O=old, HS=humongous(starts), HC=humongous(continues), CS=collection set, F=free, OA=open archive, CA=closed archive, TAMS=top-at-mark-start (previous, next)
|   0|0x0000000602400000, 0x00000006024a0ae8, 0x0000000602800000| 15%| O|  |TAMS 0x0000000602400000, 0x0000000602400000| Untracked 
|   1|0x0000000602800000, 0x0000000602800000, 0x0000000602c00000|  0%| F|  |TAMS 0x0000000602800000, 0x0000000602800000| Untracked 
|   2|0x0000000602c00000, 0x0000000602c00000, 0x0000000603000000|  0%| F|  |TAMS 0x0000000602c00000, 0x0000000602c00000| Untracked 
|   3|0x0000000603000000, 0x0000000603000000, 0x0000000603400000|  0%| F|  |TAMS 0x0000000603000000, 0x0000000603000000| Untracked 
|   4|0x0000000603400000, 0x0000000603400000, 0x0000000603800000|  0%| F|  |TAMS 0x0000000603400000, 0x0000000603400000| Untracked 
|   5|0x0000000603800000, 0x0000000603800000, 0x0000000603c00000|  0%| F|  |TAMS 0x0000000603800000, 0x0000000603800000| Untracked 
|   6|0x0000000603c00000, 0x0000000603c00000, 0x0000000604000000|  0%| F|  |TAMS 0x0000000603c00000, 0x0000000603c00000| Untracked 
|   7|0x0000000604000000, 0x0000000604000000, 0x0000000604400000|  0%| F|  |TAMS 0x0000000604000000, 0x0000000604000000| Untracked 
|   8|0x0000000604400000, 0x0000000604400000, 0x0000000604800000|  0%| F|  |TAMS 0x0000000604400000, 0x0000000604400000| Untracked 
|   9|0x0000000604800000, 0x0000000604800000, 0x0000000604c00000|  0%| F|  |TAMS 0x0000000604800000, 0x0000000604800000| Untracked 
|  10|0x0000000604c00000, 0x0000000604c00000, 0x0000000605000000|  0%| F|  |TAMS 0x0000000604c00000, 0x0000000604c00000| Untracked 
|  11|0x0000000605000000, 0x0000000605000000, 0x0000000605400000|  0%| F|  |TAMS 0x0000000605000000, 0x0000000605000000| Untracked 
|  12|0x0000000605400000, 0x0000000605400000, 0x0000000605800000|  0%| F|  |TAMS 0x0000000605400000, 0x0000000605400000| Untracked 
|  13|0x0000000605800000, 0x0000000605800000, 0x0000000605c00000|  0%| F|  |TAMS 0x0000000605800000, 0x0000000605800000| Untracked 
|  14|0x0000000605c00000, 0x0000000605c00000, 0x0000000606000000|  0%| F|  |TAMS 0x0000000605c00000, 0x0000000605c00000| Untracked 
|  15|0x0000000606000000, 0x0000000606000000, 0x0000000606400000|  0%| F|  |TAMS 0x0000000606000000, 0x0000000606000000| Untracked 
|  16|0x0000000606400000, 0x0000000606400000, 0x0000000606800000|  0%| F|  |TAMS 0x0000000606400000, 0x0000000606400000| Untracked 
|  17|0x0000000606800000, 0x0000000606800000, 0x0000000606c00000|  0%| F|  |TAMS 0x0000000606800000, 0x0000000606800000| Untracked 
|  18|0x0000000606c00000, 0x0000000606c00000, 0x0000000607000000|  0%| F|  |TAMS 0x0000000606c00000, 0x0000000606c00000| Untracked 
|  19|0x0000000607000000, 0x0000000607000000, 0x0000000607400000|  0%| F|  |TAMS 0x0000000607000000, 0x0000000607000000| Untracked 
|  20|0x0000000607400000, 0x0000000607400000, 0x0000000607800000|  0%| F|  |TAMS 0x0000000607400000, 0x0000000607400000| Untracked 
|  21|0x0000000607800000, 0x0000000607800000, 0x0000000607c00000|  0%| F|  |TAMS 0x0000000607800000, 0x0000000607800000| Untracked 
|  22|0x0000000607c00000, 0x0000000607c00000, 0x0000000608000000|  0%| F|  |TAMS 0x0000000607c00000, 0x0000000607c00000| Untracked 
|  23|0x0000000608000000, 0x0000000608000000, 0x0000000608400000|  0%| F|  |TAMS 0x0000000608000000, 0x0000000608000000| Untracked 
|  24|0x0000000608400000, 0x0000000608400000, 0x0000000608800000|  0%| F|  |TAMS 0x0000000608400000, 0x0000000608400000| Untracked 
|  25|0x0000000608800000, 0x0000000608800000, 0x0000000608c00000|  0%| F|  |TAMS 0x0000000608800000, 0x0000000608800000| Untracked 
|  26|0x0000000608c00000, 0x0000000608c00000, 0x0000000609000000|  0%| F|  |TAMS 0x0000000608c00000, 0x0000000608c00000| Untracked 
|  27|0x0000000609000000, 0x0000000609000000, 0x0000000609400000|  0%| F|  |TAMS 0x0000000609000000, 0x0000000609000000| Untracked 
|  28|0x0000000609400000, 0x0000000609400000, 0x0000000609800000|  0%| F|  |TAMS 0x0000000609400000, 0x0000000609400000| Untracked 
|  29|0x0000000609800000, 0x0000000609800000, 0x0000000609c00000|  0%| F|  |TAMS 0x0000000609800000, 0x0000000609800000| Untracked 
|  30|0x0000000609c00000, 0x0000000609c00000, 0x000000060a000000|  0%| F|  |TAMS 0x0000000609c00000, 0x0000000609c00000| Untracked 
|  31|0x000000060a000000, 0x000000060a000000, 0x000000060a400000|  0%| F|  |TAMS 0x000000060a000000, 0x000000060a000000| Untracked 
|  32|0x000000060a400000, 0x000000060a400000, 0x000000060a800000|  0%| F|  |TAMS 0x000000060a400000, 0x000000060a400000| Untracked 
|  33|0x000000060a800000, 0x000000060a800000, 0x000000060ac00000|  0%| F|  |TAMS 0x000000060a800000, 0x000000060a800000| Untracked 
|  34|0x000000060ac00000, 0x000000060ac00000, 0x000000060b000000|  0%| F|  |TAMS 0x000000060ac00000, 0x000000060ac00000| Untracked 
|  35|0x000000060b000000, 0x000000060b000000, 0x000000060b400000|  0%| F|  |TAMS 0x000000060b000000, 0x000000060b000000| Untracked 
|  36|0x000000060b400000, 0x000000060b400000, 0x000000060b800000|  0%| F|  |TAMS 0x000000060b400000, 0x000000060b400000| Untracked 
|  37|0x000000060b800000, 0x000000060b800000, 0x000000060bc00000|  0%| F|  |TAMS 0x000000060b800000, 0x000000060b800000| Untracked 
|  38|0x000000060bc00000, 0x000000060bc00000, 0x000000060c000000|  0%| F|  |TAMS 0x000000060bc00000, 0x000000060bc00000| Untracked 
|  39|0x000000060c000000, 0x000000060c000000, 0x000000060c400000|  0%| F|  |TAMS 0x000000060c000000, 0x000000060c000000| Untracked 
|  40|0x000000060c400000, 0x000000060c400000, 0x000000060c800000|  0%| F|  |TAMS 0x000000060c400000, 0x000000060c400000| Untracked 
|  41|0x000000060c800000, 0x000000060c800000, 0x000000060cc00000|  0%| F|  |TAMS 0x000000060c800000, 0x000000060c800000| Untracked 
|  42|0x000000060cc00000, 0x000000060cc00000, 0x000000060d000000|  0%| F|  |TAMS 0x000000060cc00000, 0x000000060cc00000| Untracked 
|  43|0x000000060d000000, 0x000000060d000000, 0x000000060d400000|  0%| F|  |TAMS 0x000000060d000000, 0x000000060d000000| Untracked 
|  44|0x000000060d400000, 0x000000060d400000, 0x000000060d800000|  0%| F|  |TAMS 0x000000060d400000, 0x000000060d400000| Untracked 
|  45|0x000000060d800000, 0x000000060d800000, 0x000000060dc00000|  0%| F|  |TAMS 0x000000060d800000, 0x000000060d800000| Untracked 
|  46|0x000000060dc00000, 0x000000060dc00000, 0x000000060e000000|  0%| F|  |TAMS 0x000000060dc00000, 0x000000060dc00000| Untracked 
|  47|0x000000060e000000, 0x000000060e000000, 0x000000060e400000|  0%| F|  |TAMS 0x000000060e000000, 0x000000060e000000| Untracked 
|  48|0x000000060e400000, 0x000000060e400000, 0x000000060e800000|  0%| F|  |TAMS 0x000000060e400000, 0x000000060e400000| Untracked 
|  49|0x000000060e800000, 0x000000060e800000, 0x000000060ec00000|  0%| F|  |TAMS 0x000000060e800000, 0x000000060e800000| Untracked 
|  50|0x000000060ec00000, 0x000000060ec00000, 0x000000060f000000|  0%| F|  |TAMS 0x000000060ec00000, 0x000000060ec00000| Untracked 
|  51|0x000000060f000000, 0x000000060f000000, 0x000000060f400000|  0%| F|  |TAMS 0x000000060f000000, 0x000000060f000000| Untracked 
|  52|0x000000060f400000, 0x000000060f400000, 0x000000060f800000|  0%| F|  |TAMS 0x000000060f400000, 0x000000060f400000| Untracked 
|  53|0x000000060f800000, 0x000000060f800000, 0x000000060fc00000|  0%| F|  |TAMS 0x000000060f800000, 0x000000060f800000| Untracked 
|  54|0x000000060fc00000, 0x000000060fc00000, 0x0000000610000000|  0%| F|  |TAMS 0x000000060fc00000, 0x000000060fc00000| Untracked 
|  55|0x0000000610000000, 0x0000000610000000, 0x0000000610400000|  0%| F|  |TAMS 0x0000000610000000, 0x0000000610000000| Untracked 
|  56|0x0000000610400000, 0x0000000610400000, 0x0000000610800000|  0%| F|  |TAMS 0x0000000610400000, 0x0000000610400000| Untracked 
|  57|0x0000000610800000, 0x0000000610800000, 0x0000000610c00000|  0%| F|  |TAMS 0x0000000610800000, 0x0000000610800000| Untracked 
|  58|0x0000000610c00000, 0x0000000610c00000, 0x0000000611000000|  0%| F|  |TAMS 0x0000000610c00000, 0x0000000610c00000| Untracked 
|  59|0x0000000611000000, 0x0000000611000000, 0x0000000611400000|  0%| F|  |TAMS 0x0000000611000000, 0x0000000611000000| Untracked 
|  60|0x0000000611400000, 0x0000000611400000, 0x0000000611800000|  0%| F|  |TAMS 0x0000000611400000, 0x0000000611400000| Untracked 
|  61|0x0000000611800000, 0x0000000611800000, 0x0000000611c00000|  0%| F|  |TAMS 0x0000000611800000, 0x0000000611800000| Untracked 
|  62|0x0000000611c00000, 0x0000000611c00000, 0x0000000612000000|  0%| F|  |TAMS 0x0000000611c00000, 0x0000000611c00000| Untracked 
|  63|0x0000000612000000, 0x0000000612000000, 0x0000000612400000|  0%| F|  |TAMS 0x0000000612000000, 0x0000000612000000| Untracked 
|  64|0x0000000612400000, 0x0000000612400000, 0x0000000612800000|  0%| F|  |TAMS 0x0000000612400000, 0x0000000612400000| Untracked 
|  65|0x0000000612800000, 0x0000000612800000, 0x0000000612c00000|  0%| F|  |TAMS 0x0000000612800000, 0x0000000612800000| Untracked 
|  66|0x0000000612c00000, 0x0000000612c00000, 0x0000000613000000|  0%| F|  |TAMS 0x0000000612c00000, 0x0000000612c00000| Untracked 
|  67|0x0000000613000000, 0x0000000613000000, 0x0000000613400000|  0%| F|  |TAMS 0x0000000613000000, 0x0000000613000000| Untracked 
|  68|0x0000000613400000, 0x0000000613400000, 0x0000000613800000|  0%| F|  |TAMS 0x0000000613400000, 0x0000000613400000| Untracked 
|  69|0x0000000613800000, 0x0000000613800000, 0x0000000613c00000|  0%| F|  |TAMS 0x0000000613800000, 0x0000000613800000| Untracked 
|  70|0x0000000613c00000, 0x0000000613c00000, 0x0000000614000000|  0%| F|  |TAMS 0x0000000613c00000, 0x0000000613c00000| Untracked 
|  71|0x0000000614000000, 0x0000000614000000, 0x0000000614400000|  0%| F|  |TAMS 0x0000000614000000, 0x0000000614000000| Untracked 
|  72|0x0000000614400000, 0x0000000614400000, 0x0000000614800000|  0%| F|  |TAMS 0x0000000614400000, 0x0000000614400000| Untracked 
|  73|0x0000000614800000, 0x0000000614800000, 0x0000000614c00000|  0%| F|  |TAMS 0x0000000614800000, 0x0000000614800000| Untracked 
|  74|0x0000000614c00000, 0x0000000614c00000, 0x0000000615000000|  0%| F|  |TAMS 0x0000000614c00000, 0x0000000614c00000| Untracked 
|  75|0x0000000615000000, 0x0000000615000000, 0x0000000615400000|  0%| F|  |TAMS 0x0000000615000000, 0x0000000615000000| Untracked 
|  76|0x0000000615400000, 0x0000000615400000, 0x0000000615800000|  0%| F|  |TAMS 0x0000000615400000, 0x0000000615400000| Untracked 
|  77|0x0000000615800000, 0x0000000615800000, 0x0000000615c00000|  0%| F|  |TAMS 0x0000000615800000, 0x0000000615800000| Untracked 
|  78|0x0000000615c00000, 0x0000000615c00000, 0x0000000616000000|  0%| F|  |TAMS 0x0000000615c00000, 0x0000000615c00000| Untracked 
|  79|0x0000000616000000, 0x0000000616000000, 0x0000000616400000|  0%| F|  |TAMS 0x0000000616000000, 0x0000000616000000| Untracked 
|  80|0x0000000616400000, 0x0000000616400000, 0x0000000616800000|  0%| F|  |TAMS 0x0000000616400000, 0x0000000616400000| Untracked 
|  81|0x0000000616800000, 0x0000000616800000, 0x0000000616c00000|  0%| F|  |TAMS 0x0000000616800000, 0x0000000616800000| Untracked 
|  82|0x0000000616c00000, 0x0000000616c00000, 0x0000000617000000|  0%| F|  |TAMS 0x0000000616c00000, 0x0000000616c00000| Untracked 
|  83|0x0000000617000000, 0x0000000617000000, 0x0000000617400000|  0%| F|  |TAMS 0x0000000617000000, 0x0000000617000000| Untracked 
|  84|0x0000000617400000, 0x0000000617400000, 0x0000000617800000|  0%| F|  |TAMS 0x0000000617400000, 0x0000000617400000| Untracked 
|  85|0x0000000617800000, 0x0000000617800000, 0x0000000617c00000|  0%| F|  |TAMS 0x0000000617800000, 0x0000000617800000| Untracked 
|  86|0x0000000617c00000, 0x0000000617c00000, 0x0000000618000000|  0%| F|  |TAMS 0x0000000617c00000, 0x0000000617c00000| Untracked 
|  87|0x0000000618000000, 0x0000000618000000, 0x0000000618400000|  0%| F|  |TAMS 0x0000000618000000, 0x0000000618000000| Untracked 
|  88|0x0000000618400000, 0x0000000618400000, 0x0000000618800000|  0%| F|  |TAMS 0x0000000618400000, 0x0000000618400000| Untracked 
|  89|0x0000000618800000, 0x0000000618800000, 0x0000000618c00000|  0%| F|  |TAMS 0x0000000618800000, 0x0000000618800000| Untracked 
|  90|0x0000000618c00000, 0x0000000618c00000, 0x0000000619000000|  0%| F|  |TAMS 0x0000000618c00000, 0x0000000618c00000| Untracked 
|  91|0x0000000619000000, 0x0000000619000000, 0x0000000619400000|  0%| F|  |TAMS 0x0000000619000000, 0x0000000619000000| Untracked 
|  92|0x0000000619400000, 0x0000000619400000, 0x0000000619800000|  0%| F|  |TAMS 0x0000000619400000, 0x0000000619400000| Untracked 
|  93|0x0000000619800000, 0x0000000619800000, 0x0000000619c00000|  0%| F|  |TAMS 0x0000000619800000, 0x0000000619800000| Untracked 
|  94|0x0000000619c00000, 0x0000000619c00000, 0x000000061a000000|  0%| F|  |TAMS 0x0000000619c00000, 0x0000000619c00000| Untracked 
|  95|0x000000061a000000, 0x000000061a000000, 0x000000061a400000|  0%| F|  |TAMS 0x000000061a000000, 0x000000061a000000| Untracked 
|  96|0x000000061a400000, 0x000000061a400000, 0x000000061a800000|  0%| F|  |TAMS 0x000000061a400000, 0x000000061a400000| Untracked 
|  97|0x000000061a800000, 0x000000061a800000, 0x000000061ac00000|  0%| F|  |TAMS 0x000000061a800000, 0x000000061a800000| Untracked 
|  98|0x000000061ac00000, 0x000000061ac00000, 0x000000061b000000|  0%| F|  |TAMS 0x000000061ac00000, 0x000000061ac00000| Untracked 
|  99|0x000000061b000000, 0x000000061b000000, 0x000000061b400000|  0%| F|  |TAMS 0x000000061b000000, 0x000000061b000000| Untracked 
| 100|0x000000061b400000, 0x000000061b400000, 0x000000061b800000|  0%| F|  |TAMS 0x000000061b400000, 0x000000061b400000| Untracked 
| 101|0x000000061b800000, 0x000000061b800000, 0x000000061bc00000|  0%| F|  |TAMS 0x000000061b800000, 0x000000061b800000| Untracked 
| 102|0x000000061bc00000, 0x000000061bc00000, 0x000000061c000000|  0%| F|  |TAMS 0x000000061bc00000, 0x000000061bc00000| Untracked 
| 103|0x000000061c000000, 0x000000061c000000, 0x000000061c400000|  0%| F|  |TAMS 0x000000061c000000, 0x000000061c000000| Untracked 
| 104|0x000000061c400000, 0x000000061c400000, 0x000000061c800000|  0%| F|  |TAMS 0x000000061c400000, 0x000000061c400000| Untracked 
| 105|0x000000061c800000, 0x000000061c800000, 0x000000061cc00000|  0%| F|  |TAMS 0x000000061c800000, 0x000000061c800000| Untracked 
| 106|0x000000061cc00000, 0x000000061cc00000, 0x000000061d000000|  0%| F|  |TAMS 0x000000061cc00000, 0x000000061cc00000| Untracked 
| 107|0x000000061d000000, 0x000000061d000000, 0x000000061d400000|  0%| F|  |TAMS 0x000000061d000000, 0x000000061d000000| Untracked 
| 108|0x000000061d400000, 0x000000061d400000, 0x000000061d800000|  0%| F|  |TAMS 0x000000061d400000, 0x000000061d400000| Untracked 
| 109|0x000000061d800000, 0x000000061d800000, 0x000000061dc00000|  0%| F|  |TAMS 0x000000061d800000, 0x000000061d800000| Untracked 
| 110|0x000000061dc00000, 0x000000061dc00000, 0x000000061e000000|  0%| F|  |TAMS 0x000000061dc00000, 0x000000061dc00000| Untracked 
| 111|0x000000061e000000, 0x000000061e000000, 0x000000061e400000|  0%| F|  |TAMS 0x000000061e000000, 0x000000061e000000| Untracked 
| 112|0x000000061e400000, 0x000000061e400000, 0x000000061e800000|  0%| F|  |TAMS 0x000000061e400000, 0x000000061e400000| Untracked 
| 113|0x000000061e800000, 0x000000061e800000, 0x000000061ec00000|  0%| F|  |TAMS 0x000000061e800000, 0x000000061e800000| Untracked 
| 114|0x000000061ec00000, 0x000000061ec00000, 0x000000061f000000|  0%| F|  |TAMS 0x000000061ec00000, 0x000000061ec00000| Untracked 
| 115|0x000000061f000000, 0x000000061f400000, 0x000000061f400000|100%| S|  |TAMS 0x000000061f000000, 0x000000061f000000| Complete 
| 116|0x000000061f400000, 0x000000061f800000, 0x000000061f800000|100%| S|  |TAMS 0x000000061f400000, 0x000000061f400000| Complete 
| 117|0x000000061f800000, 0x000000061fc00000, 0x000000061fc00000|100%| E|CS|TAMS 0x000000061f800000, 0x000000061f800000| Complete 
| 118|0x000000061fc00000, 0x0000000620000000, 0x0000000620000000|100%| E|CS|TAMS 0x000000061fc00000, 0x000000061fc00000| Complete 
| 119|0x0000000620000000, 0x0000000620400000, 0x0000000620400000|100%| E|CS|TAMS 0x0000000620000000, 0x0000000620000000| Complete 
| 120|0x0000000620400000, 0x0000000620800000, 0x0000000620800000|100%| E|CS|TAMS 0x0000000620400000, 0x0000000620400000| Complete 
| 121|0x0000000620800000, 0x0000000620b64308, 0x0000000620c00000| 84%| E|CS|TAMS 0x0000000620800000, 0x0000000620800000| Complete 
| 122|0x0000000620c00000, 0x0000000621000000, 0x0000000621000000|100%| E|CS|TAMS 0x0000000620c00000, 0x0000000620c00000| Complete 
| 123|0x0000000621000000, 0x0000000621400000, 0x0000000621400000|100%| E|CS|TAMS 0x0000000621000000, 0x0000000621000000| Complete 
| 124|0x0000000621400000, 0x0000000621800000, 0x0000000621800000|100%| E|CS|TAMS 0x0000000621400000, 0x0000000621400000| Complete 
| 125|0x0000000621800000, 0x0000000621c00000, 0x0000000621c00000|100%| E|CS|TAMS 0x0000000621800000, 0x0000000621800000| Complete 
| 126|0x0000000621c00000, 0x0000000622000000, 0x0000000622000000|100%| E|CS|TAMS 0x0000000621c00000, 0x0000000621c00000| Complete 
| 127|0x0000000622000000, 0x0000000622400000, 0x0000000622400000|100%| E|CS|TAMS 0x0000000622000000, 0x0000000622000000| Complete 

Card table byte_map: [0x000001df2cec0000,0x000001df2deb0000] _byte_map_base: 0x000001df29eae000

Marking Bits (Prev, Next): (CMBitMap*) 0x000001df1924d080, (CMBitMap*) 0x000001df1924d0c0
 Prev Bits: [0x000001df2eea0000, 0x000001df36e10000)
 Next Bits: [0x000001df36e10000, 0x000001df3ed80000)

Polling page: 0x000001df170d0000

Metaspace:

Usage:
  Non-class:     14.33 MB used.
      Class:      2.55 MB used.
       Both:     16.89 MB used.

Virtual space:
  Non-class space:       64.00 MB reserved,      14.44 MB ( 23%) committed,  1 nodes.
      Class space:        1.00 GB reserved,       2.62 MB ( <1%) committed,  1 nodes.
             Both:        1.06 GB reserved,      17.06 MB (  2%) committed. 

Chunk freelists:
   Non-Class:  1.39 MB
       Class:  13.38 MB
        Both:  14.77 MB

MaxMetaspaceSize: unlimited
CompressedClassSpaceSize: 1.00 GB
Initial GC threshold: 21.00 MB
Current GC threshold: 21.00 MB
CDS: on
MetaspaceReclaimPolicy: balanced
 - commit_granule_bytes: 65536.
 - commit_granule_words: 8192.
 - virtual_space_node_default_size: 8388608.
 - enlarge_chunks_in_place: 1.
 - new_chunks_are_fully_committed: 0.
 - uncommit_free_chunks: 1.
 - use_allocation_guard: 0.
 - handle_deallocations: 1.


Internal statistics:

num_allocs_failed_limit: 0.
num_arena_births: 160.
num_arena_deaths: 0.
num_vsnodes_births: 2.
num_vsnodes_deaths: 0.
num_space_committed: 273.
num_space_uncommitted: 0.
num_chunks_returned_to_freelist: 0.
num_chunks_taken_from_freelist: 680.
num_chunk_merges: 0.
num_chunk_splits: 499.
num_chunks_enlarged: 401.
num_inconsistent_stats: 0.

CodeHeap 'non-profiled nmethods': size=120000Kb used=749Kb max_used=749Kb free=119250Kb
 bounds [0x000001df24450000, 0x000001df246c0000, 0x000001df2b980000]
CodeHeap 'profiled nmethods': size=120000Kb used=3357Kb max_used=3357Kb free=116642Kb
 bounds [0x000001df1c980000, 0x000001df1ccd0000, 0x000001df23eb0000]
CodeHeap 'non-nmethods': size=5760Kb used=1402Kb max_used=1438Kb free=4357Kb
 bounds [0x000001df23eb0000, 0x000001df24120000, 0x000001df24450000]
 total_blobs=2557 nmethods=1801 adapters=668
 compilation: enabled
              stopped_count=0, restarted_count=0
 full_count=0

Compilation events (20 events):
Event: 0.757 Thread 0x000001df3ef5e720 1791       3       javafx.beans.property.ObjectPropertyBase::set (76 bytes)
Event: 0.757 Thread 0x000001df3ef54130 nmethod 1797 0x000001df2450ae90 code [0x000001df2450b000, 0x000001df2450b098]
Event: 0.757 Thread 0x000001df3ef5e720 nmethod 1791 0x000001df1ccc1790 code [0x000001df1ccc1a00, 0x000001df1ccc2518]
Event: 0.757 Thread 0x000001df3ef5e720 1794       3       com.sun.javafx.scene.control.inputmap.InputMap$KeyMapping::equals (43 bytes)
Event: 0.757 Thread 0x000001df3ef5e720 nmethod 1794 0x000001df1ccc2810 code [0x000001df1ccc2a00, 0x000001df1ccc2ed8]
Event: 0.757 Thread 0x000001df3ef5e720 1795       3       com.sun.javafx.scene.control.inputmap.InputMap$Mapping::equals (56 bytes)
Event: 0.757 Thread 0x000001df3ef5e720 nmethod 1795 0x000001df1ccc3010 code [0x000001df1ccc31e0, 0x000001df1ccc3838]
Event: 0.757 Thread 0x000001df3ef5e720 1793       3       com.sun.javafx.scene.control.inputmap.KeyBinding::equals (111 bytes)
Event: 0.758 Thread 0x000001df3ef5e720 nmethod 1793 0x000001df1ccc3990 code [0x000001df1ccc3c20, 0x000001df1ccc4e98]
Event: 0.758 Thread 0x000001df3ef5e720 1796       1       com.sun.javafx.scene.NodeEventDispatcher::getEventHandlerManager (5 bytes)
Event: 0.758 Thread 0x000001df3ef5e720 nmethod 1796 0x000001df2450b190 code [0x000001df2450b320, 0x000001df2450b3f8]
Event: 0.758 Thread 0x000001df3ef5e720 1799       3       javafx.beans.binding.BooleanExpression::<init> (5 bytes)
Event: 0.758 Thread 0x000001df3ef5e720 nmethod 1799 0x000001df1ccc5210 code [0x000001df1ccc53a0, 0x000001df1ccc54f8]
Event: 0.758 Thread 0x000001df3ef5e720 1800       3       java.lang.ref.WeakReference::<init> (6 bytes)
Event: 0.758 Thread 0x000001df3ef5e720 nmethod 1800 0x000001df1ccc5590 code [0x000001df1ccc5740, 0x000001df1ccc5a58]
Event: 0.758 Thread 0x000001df3ef5e720 1803       3       com.sun.javafx.css.ParsedValueImpl::containsFontRelativeSize (231 bytes)
Event: 0.758 Thread 0x000001df3ef5e720 nmethod 1803 0x000001df1ccc5b90 code [0x000001df1ccc5e00, 0x000001df1ccc6ee8]
Event: 0.758 Thread 0x000001df3ef5e720 1801       3       com.sun.javafx.css.StyleManager::getInstance (4 bytes)
Event: 0.758 Thread 0x000001df3ef5e720 nmethod 1801 0x000001df1ccc7210 code [0x000001df1ccc73a0, 0x000001df1ccc7498]
Event: 0.758 Thread 0x000001df3ef5e720 1802   !   3       com.sun.javafx.css.StyleManager::getCacheContainer (152 bytes)

GC Heap History (3 events):
Event: 0.409 GC heap before
{Heap before GC invocations=0 (full 0):
 garbage-first heap   total 524288K, used 24576K [0x0000000602400000, 0x0000000800000000)
  region size 4096K, 6 young (24576K), 0 survivors (0K)
 Metaspace       used 5870K, committed 6016K, reserved 1114112K
  class space    used 690K, committed 768K, reserved 1048576K
}
Event: 0.411 GC heap after
{Heap after GC invocations=1 (full 0):
 garbage-first heap   total 524288K, used 3472K [0x0000000602400000, 0x0000000800000000)
  region size 4096K, 1 young (4096K), 1 survivors (4096K)
 Metaspace       used 5870K, committed 6016K, reserved 1114112K
  class space    used 690K, committed 768K, reserved 1048576K
}
Event: 0.758 GC heap before
{Heap before GC invocations=1 (full 0):
 garbage-first heap   total 524288K, used 44432K [0x0000000602400000, 0x0000000800000000)
  region size 4096K, 11 young (45056K), 1 survivors (4096K)
 Metaspace       used 17293K, committed 17472K, reserved 1114112K
  class space    used 2615K, committed 2688K, reserved 1048576K
}

Dll operation events (2 events):
Event: 0.003 Loaded shared library C:\Users\Mega-PC\.jdks\jbr-17.0.12\bin\java.dll
Event: 0.014 Loaded shared library C:\Users\Mega-PC\.jdks\jbr-17.0.12\bin\jsvml.dll

Deoptimization events (20 events):
Event: 0.687 Thread 0x000001df87675d00 Uncommon trap: trap_request=0xffffffde fr.pc=0x000001df2446472c relative=0x00000000000001ac
Event: 0.687 Thread 0x000001df87675d00 Uncommon trap: reason=class_check action=maybe_recompile pc=0x000001df2446472c method=java.lang.String.equals(Ljava/lang/Object;)Z @ 8 c2
Event: 0.687 Thread 0x000001df87675d00 DEOPT PACKING pc=0x000001df2446472c sp=0x000000abd57fd760
Event: 0.688 Thread 0x000001df87675d00 DEOPT UNPACKING pc=0x000001df23f069a3 sp=0x000000abd57fd708 mode 2
Event: 0.688 Thread 0x000001df87675d00 Uncommon trap: trap_request=0xffffffde fr.pc=0x000001df2446472c relative=0x00000000000001ac
Event: 0.688 Thread 0x000001df87675d00 Uncommon trap: reason=class_check action=maybe_recompile pc=0x000001df2446472c method=java.lang.String.equals(Ljava/lang/Object;)Z @ 8 c2
Event: 0.688 Thread 0x000001df87675d00 DEOPT PACKING pc=0x000001df2446472c sp=0x000000abd57fd670
Event: 0.688 Thread 0x000001df87675d00 DEOPT UNPACKING pc=0x000001df23f069a3 sp=0x000000abd57fd618 mode 2
Event: 0.688 Thread 0x000001df87675d00 Uncommon trap: trap_request=0xffffffde fr.pc=0x000001df2446472c relative=0x00000000000001ac
Event: 0.688 Thread 0x000001df87675d00 Uncommon trap: reason=class_check action=maybe_recompile pc=0x000001df2446472c method=java.lang.String.equals(Ljava/lang/Object;)Z @ 8 c2
Event: 0.688 Thread 0x000001df87675d00 DEOPT PACKING pc=0x000001df2446472c sp=0x000000abd57fd670
Event: 0.688 Thread 0x000001df87675d00 DEOPT UNPACKING pc=0x000001df23f069a3 sp=0x000000abd57fd618 mode 2
Event: 0.688 Thread 0x000001df87675d00 Uncommon trap: trap_request=0xffffffde fr.pc=0x000001df2446472c relative=0x00000000000001ac
Event: 0.688 Thread 0x000001df87675d00 Uncommon trap: reason=class_check action=maybe_recompile pc=0x000001df2446472c method=java.lang.String.equals(Ljava/lang/Object;)Z @ 8 c2
Event: 0.688 Thread 0x000001df87675d00 DEOPT PACKING pc=0x000001df2446472c sp=0x000000abd57fd5b0
Event: 0.688 Thread 0x000001df87675d00 DEOPT UNPACKING pc=0x000001df23f069a3 sp=0x000000abd57fd558 mode 2
Event: 0.754 Thread 0x000001df87675d00 Uncommon trap: trap_request=0xffffff6e fr.pc=0x000001df244b3b90 relative=0x00000000000003f0
Event: 0.754 Thread 0x000001df87675d00 Uncommon trap: reason=loop_limit_check action=maybe_recompile pc=0x000001df244b3b90 method=java.lang.StringLatin1.indexOf([BI[BII)I @ 37 c2
Event: 0.754 Thread 0x000001df87675d00 DEOPT PACKING pc=0x000001df244b3b90 sp=0x000000abd57fd130
Event: 0.754 Thread 0x000001df87675d00 DEOPT UNPACKING pc=0x000001df23f069a3 sp=0x000000abd57fd090 mode 2

Classes loaded (20 events):
Event: 0.624 Loading class java/nio/FloatBuffer
Event: 0.624 Loading class java/nio/FloatBuffer done
Event: 0.626 Loading class com/sun/org/apache/xerces/internal/impl/io/MalformedByteSequenceException
Event: 0.626 Loading class java/io/CharConversionException
Event: 0.626 Loading class java/io/CharConversionException done
Event: 0.626 Loading class com/sun/org/apache/xerces/internal/impl/io/MalformedByteSequenceException done
Event: 0.639 Loading class java/io/CharArrayReader
Event: 0.639 Loading class java/io/CharArrayReader done
Event: 0.671 Loading class java/lang/StrictMath
Event: 0.671 Loading class java/lang/StrictMath done
Event: 0.684 Loading class jdk/jfr/FlightRecorder
Event: 0.685 Loading class jdk/jfr/FlightRecorder done
Event: 0.697 Loading class sun/nio/cs/UTF_16BE$Decoder
Event: 0.697 Loading class sun/nio/cs/UnicodeDecoder
Event: 0.697 Loading class sun/nio/cs/UnicodeDecoder done
Event: 0.697 Loading class sun/nio/cs/UTF_16BE$Decoder done
Event: 0.752 Loading class java/lang/FdLibm$Hypot
Event: 0.752 Loading class java/lang/FdLibm$Hypot done
Event: 0.752 Loading class java/lang/FdLibm
Event: 0.752 Loading class java/lang/FdLibm done

Classes unloaded (0 events):
No events

Classes redefined (0 events):
No events

Internal exceptions (20 events):
Event: 0.431 Thread 0x000001df87675d00 Exception <a 'java/lang/NoSuchMethodError'{0x00000006222560a8}: 'java.lang.Object java.lang.invoke.DirectMethodHandle$Holder.invokeVirtual(java.lang.Object, java.lang.Object, java.lang.Object)'> (0x00000006222560a8) 
thrown [s\src\hotspot\share\interpreter\linkResolver.cpp, line 771]
Event: 0.527 Thread 0x000001df87675d00 Exception <a 'java/lang/NoSuchMethodError'{0x0000000621ba3e70}: 'java.lang.Object java.lang.invoke.DirectMethodHandle$Holder.invokeStaticInit(java.lang.Object, java.lang.Object, java.lang.Object, java.lang.Object)'> (0x0000000621ba3e70) 
thrown [s\src\hotspot\share\interpreter\linkResolver.cpp, line 771]
Event: 0.528 Thread 0x000001df87675d00 Exception <a 'java/lang/NullPointerException'{0x0000000621bb4090}> (0x0000000621bb4090) 
thrown [s\src\hotspot\share\interpreter\linkResolver.cpp, line 1362]
Event: 0.538 Thread 0x000001df87675d00 Exception <a 'java/lang/NoSuchMethodError'{0x000000062147e008}: 'java.lang.Object java.lang.invoke.DirectMethodHandle$Holder.invokeStatic(java.lang.Object, int, java.lang.Object)'> (0x000000062147e008) 
thrown [s\src\hotspot\share\interpreter\linkResolver.cpp, line 771]
Event: 0.540 Thread 0x000001df87675d00 Exception <a 'java/lang/ClassNotFoundException'{0x000000062148ed48}: sun/util/logging/resources/spi/loggingProvider> (0x000000062148ed48) 
thrown [s\src\hotspot\share\classfile\systemDictionary.cpp, line 256]
Event: 0.556 Thread 0x000001df87675d00 Exception <a 'java/lang/ClassNotFoundException'{0x00000006216b7e78}: com/sun/glass/ui/win/themes> (0x00000006216b7e78) 
thrown [s\src\hotspot\share\prims\jni.cpp, line 550]
Event: 0.556 Thread 0x000001df87675d00 Exception <a 'java/lang/ClassNotFoundException'{0x00000006216bfdf8}: com/sun/glass/ui/win/themes_en> (0x00000006216bfdf8) 
thrown [s\src\hotspot\share\prims\jni.cpp, line 550]
Event: 0.556 Thread 0x000001df87675d00 Exception <a 'java/lang/ClassNotFoundException'{0x00000006216c7e40}: com/sun/glass/ui/win/themes_en_US> (0x00000006216c7e40) 
thrown [s\src\hotspot\share\prims\jni.cpp, line 550]
Event: 0.587 Thread 0x000001df87675d00 Exception <a 'java/lang/NoSuchMethodError'{0x00000006213f9450}: 'void java.lang.invoke.DirectMethodHandle$Holder.invokeStaticInit(java.lang.Object, java.lang.Object)'> (0x00000006213f9450) 
thrown [s\src\hotspot\share\interpreter\linkResolver.cpp, line 771]
Event: 0.589 Thread 0x000001df87675d00 Exception <a 'java/lang/NoSuchMethodError'{0x0000000620cfbe60}: 'void java.lang.invoke.DirectMethodHandle$Holder.invokeSpecial(java.lang.Object, java.lang.Object, java.lang.Object, java.lang.Object, java.lang.Object)'> (0x0000000620cfbe60) 
thrown [s\src\hotspot\share\interpreter\linkResolver.cpp, line 771]
Event: 0.636 Thread 0x000001df87675d00 Implicit null exception at 0x000001df244718be to 0x000001df24472658
Event: 0.650 Thread 0x000001df87675d00 Implicit null exception at 0x000001df244d0f8d to 0x000001df244d14f0
Event: 0.651 Thread 0x000001df87675d00 Implicit null exception at 0x000001df244bd40d to 0x000001df244bd978
Event: 0.651 Thread 0x000001df87675d00 Implicit null exception at 0x000001df24468a8f to 0x000001df24468b09
Event: 0.702 Thread 0x000001df87675d00 Exception <a 'java/lang/NoSuchMethodError'{0x000000061fcff3a8}: 'java.lang.Object java.lang.invoke.DirectMethodHandle$Holder.invokeInterface(java.lang.Object, java.lang.Object, java.lang.Object)'> (0x000000061fcff3a8) 
thrown [s\src\hotspot\share\interpreter\linkResolver.cpp, line 771]
Event: 0.703 Thread 0x000001df87675d00 Exception <a 'java/lang/IncompatibleClassChangeError'{0x000000061fd02a70}: Found class java.lang.Object, but interface was expected> (0x000000061fd02a70) 
thrown [s\src\hotspot\share\interpreter\linkResolver.cpp, line 838]
Event: 0.724 Thread 0x000001df87675d00 Exception <a 'java/lang/ClassNotFoundException'{0x000000061ff62c48}: com/sun/javafx/scene/control/skin/resources/controls> (0x000000061ff62c48) 
thrown [s\src\hotspot\share\prims\jni.cpp, line 550]
Event: 0.724 Thread 0x000001df87675d00 Exception <a 'java/lang/ClassNotFoundException'{0x000000061ff72638}: com/sun/javafx/scene/control/skin/resources/controls_en> (0x000000061ff72638) 
thrown [s\src\hotspot\share\prims\jni.cpp, line 550]
Event: 0.724 Thread 0x000001df87675d00 Exception <a 'java/lang/ClassNotFoundException'{0x000000061ff73d20}: com/sun/javafx/scene/control/skin/resources/controls_en_US> (0x000000061ff73d20) 
thrown [s\src\hotspot\share\prims\jni.cpp, line 550]
Event: 0.737 Thread 0x000001df87675d00 Exception <a 'java/lang/NoSuchMethodError'{0x000000061f8fbe40}: 'void java.lang.invoke.DirectMethodHandle$Holder.invokeSpecial(java.lang.Object, java.lang.Object, java.lang.Object, java.lang.Object, java.lang.Object, java.lang.Object)'> (0x000000061f8fbe40) 
thrown [s\src\hotspot\share\interpreter\linkResolver.cpp, line 771]

VM Operations (20 events):
Event: 0.066 Executing VM operation: HandshakeAllThreads done
Event: 0.269 Executing VM operation: HandshakeAllThreads
Event: 0.269 Executing VM operation: HandshakeAllThreads done
Event: 0.404 Executing VM operation: HandshakeAllThreads
Event: 0.404 Executing VM operation: HandshakeAllThreads done
Event: 0.405 Executing VM operation: HandshakeAllThreads
Event: 0.405 Executing VM operation: HandshakeAllThreads done
Event: 0.405 Executing VM operation: ICBufferFull
Event: 0.405 Executing VM operation: ICBufferFull done
Event: 0.408 Executing VM operation: HandshakeAllThreads
Event: 0.408 Executing VM operation: HandshakeAllThreads done
Event: 0.409 Executing VM operation: G1CollectForAllocation
Event: 0.411 Executing VM operation: G1CollectForAllocation done
Event: 0.420 Executing VM operation: HandshakeAllThreads
Event: 0.420 Executing VM operation: HandshakeAllThreads done
Event: 0.463 Executing VM operation: HandshakeAllThreads
Event: 0.463 Executing VM operation: HandshakeAllThreads done
Event: 0.637 Executing VM operation: ICBufferFull
Event: 0.637 Executing VM operation: ICBufferFull done
Event: 0.758 Executing VM operation: G1CollectForAllocation

Events (20 events):
Event: 0.154 Loaded shared library C:\Users\Mega-PC\.openjfx\cache\21.0.2+5\amd64\api-ms-win-crt-time-l1-1-0.dll
Event: 0.155 Loaded shared library C:\Users\Mega-PC\.openjfx\cache\21.0.2+5\amd64\api-ms-win-crt-utility-l1-1-0.dll
Event: 0.163 Loaded shared library C:\Users\Mega-PC\.openjfx\cache\21.0.2+5\amd64\ucrtbase.dll
Event: 0.165 Loaded shared library C:\Users\Mega-PC\.openjfx\cache\21.0.2+5\amd64\vcruntime140.dll
Event: 0.166 Loaded shared library C:\Users\Mega-PC\.openjfx\cache\21.0.2+5\amd64\vcruntime140_1.dll
Event: 0.171 Loaded shared library C:\Users\Mega-PC\.openjfx\cache\21.0.2+5\amd64\msvcp140.dll
Event: 0.172 Loaded shared library C:\Users\Mega-PC\.openjfx\cache\21.0.2+5\amd64\msvcp140_1.dll
Event: 0.174 Loaded shared library C:\Users\Mega-PC\.openjfx\cache\21.0.2+5\amd64\msvcp140_2.dll
Event: 0.188 Thread 0x000001df87330bd0 Thread added: 0x000001df87330bd0
Event: 0.192 Loaded shared library C:\Users\Mega-PC\.openjfx\cache\21.0.2+5\amd64\prism_d3d.dll
Event: 0.273 Loaded shared library C:\Users\Mega-PC\.openjfx\cache\21.0.2+5\amd64\glass.dll
Event: 0.274 Thread 0x000001df87652a00 Thread added: 0x000001df87652a00
Event: 0.276 Thread 0x000001df87675d00 Thread added: 0x000001df87675d00
Event: 0.362 Thread 0x000001df87fff8b0 Thread added: 0x000001df87fff8b0
Event: 0.376 Loaded shared library C:\Users\Mega-PC\.jdks\jbr-17.0.12\bin\jimage.dll
Event: 0.377 Thread 0x000001df87fffdc0 Thread added: 0x000001df87fffdc0
Event: 0.408 Thread 0x000001df87ffd030 Thread added: 0x000001df87ffd030
Event: 0.469 Loaded shared library C:\Users\Mega-PC\.jdks\jbr-17.0.12\bin\extnet.dll
Event: 0.566 Loaded shared library C:\Users\Mega-PC\.openjfx\cache\21.0.2+5\amd64\javafx_font.dll
Event: 0.699 Thread 0x000001df880002d0 Thread added: 0x000001df880002d0


Dynamic libraries:
0x00007ff6f50c0000 - 0x00007ff6f50ca000 	C:\Users\Mega-PC\.jdks\jbr-17.0.12\bin\java.exe
0x00007ffc080f0000 - 0x00007ffc082e8000 	C:\Windows\SYSTEM32\ntdll.dll
0x00007ffc06600000 - 0x00007ffc066c2000 	C:\Windows\System32\KERNEL32.DLL
0x00007ffc05880000 - 0x00007ffc05b7f000 	C:\Windows\System32\KERNELBASE.dll
0x00007ffc05c10000 - 0x00007ffc05d10000 	C:\Windows\System32\ucrtbase.dll
0x00007ffbfe380000 - 0x00007ffbfe397000 	C:\Users\Mega-PC\.jdks\jbr-17.0.12\bin\jli.dll
0x00007ffbfb0b0000 - 0x00007ffbfb0cb000 	C:\Users\Mega-PC\.jdks\jbr-17.0.12\bin\VCRUNTIME140.dll
0x00007ffc06300000 - 0x00007ffc0649d000 	C:\Windows\System32\USER32.dll
0x00007ffc05f80000 - 0x00007ffc05fa2000 	C:\Windows\System32\win32u.dll
0x00007ffbf33a0000 - 0x00007ffbf363a000 	C:\Windows\WinSxS\amd64_microsoft.windows.common-controls_6595b64144ccf1df_6.0.19041.4355_none_60b8b9eb71f62e16\COMCTL32.dll
0x00007ffc066d0000 - 0x00007ffc066fb000 	C:\Windows\System32\GDI32.dll
0x00007ffc072d0000 - 0x00007ffc0736e000 	C:\Windows\System32\msvcrt.dll
0x00007ffc05dc0000 - 0x00007ffc05eda000 	C:\Windows\System32\gdi32full.dll
0x00007ffc05ee0000 - 0x00007ffc05f7d000 	C:\Windows\System32\msvcp_win.dll
0x00007ffc06990000 - 0x00007ffc069bf000 	C:\Windows\System32\IMM32.DLL
0x00007ffc016e0000 - 0x00007ffc016ec000 	C:\Users\Mega-PC\.jdks\jbr-17.0.12\bin\vcruntime140_1.dll
0x00007ffbb84a0000 - 0x00007ffbb852d000 	C:\Users\Mega-PC\.jdks\jbr-17.0.12\bin\msvcp140.dll
0x00007ffb8e8b0000 - 0x00007ffb8f53a000 	C:\Users\Mega-PC\.jdks\jbr-17.0.12\bin\server\jvm.dll
0x00007ffc06e40000 - 0x00007ffc06eef000 	C:\Windows\System32\ADVAPI32.dll
0x00007ffc06880000 - 0x00007ffc0691f000 	C:\Windows\System32\sechost.dll
0x00007ffc06170000 - 0x00007ffc06293000 	C:\Windows\System32\RPCRT4.dll
0x00007ffc05790000 - 0x00007ffc057b7000 	C:\Windows\System32\bcrypt.dll
0x00007ffc06920000 - 0x00007ffc0698b000 	C:\Windows\System32\WS2_32.dll
0x00007ffc055f0000 - 0x00007ffc0563b000 	C:\Windows\SYSTEM32\POWRPROF.dll
0x00007ffbfc720000 - 0x00007ffbfc747000 	C:\Windows\SYSTEM32\WINMM.dll
0x00007ffbff5d0000 - 0x00007ffbff5da000 	C:\Windows\SYSTEM32\VERSION.dll
0x00007ffc055d0000 - 0x00007ffc055e2000 	C:\Windows\SYSTEM32\UMPDC.dll
0x00007ffc03630000 - 0x00007ffc03642000 	C:\Windows\SYSTEM32\kernel.appcore.dll
0x00007ffbfc790000 - 0x00007ffbfc79a000 	C:\Users\Mega-PC\.jdks\jbr-17.0.12\bin\jimage.dll
0x00007ffbfbd00000 - 0x00007ffbfbee4000 	C:\Windows\SYSTEM32\DBGHELP.DLL
0x00007ffbf1110000 - 0x00007ffbf1144000 	C:\Windows\SYSTEM32\dbgcore.DLL
0x00007ffc05b80000 - 0x00007ffc05c02000 	C:\Windows\System32\bcryptPrimitives.dll
0x00007ffbd9770000 - 0x00007ffbd9795000 	C:\Users\Mega-PC\.jdks\jbr-17.0.12\bin\java.dll
0x00007ffba9ac0000 - 0x00007ffba9b97000 	C:\Users\Mega-PC\.jdks\jbr-17.0.12\bin\jsvml.dll
0x00007ffc07370000 - 0x00007ffc07add000 	C:\Windows\System32\SHELL32.dll
0x00007ffc03830000 - 0x00007ffc03fd4000 	C:\Windows\SYSTEM32\windows.storage.dll
0x00007ffc07d50000 - 0x00007ffc080a5000 	C:\Windows\System32\combase.dll
0x00007ffc050f0000 - 0x00007ffc0511f000 	C:\Windows\SYSTEM32\Wldp.dll
0x00007ffc07200000 - 0x00007ffc072cd000 	C:\Windows\System32\OLEAUT32.dll
0x00007ffc06700000 - 0x00007ffc067ad000 	C:\Windows\System32\SHCORE.dll
0x00007ffc062a0000 - 0x00007ffc062f5000 	C:\Windows\System32\shlwapi.dll
0x00007ffc056c0000 - 0x00007ffc056e4000 	C:\Windows\SYSTEM32\profapi.dll
0x00007ffbe9070000 - 0x00007ffbe9089000 	C:\Users\Mega-PC\.jdks\jbr-17.0.12\bin\net.dll
0x00007ffbff380000 - 0x00007ffbff48a000 	C:\Windows\SYSTEM32\WINHTTP.dll
0x00007ffc04e50000 - 0x00007ffc04ebc000 	C:\Windows\system32\mswsock.dll
0x00007ffbe17c0000 - 0x00007ffbe17d6000 	C:\Users\Mega-PC\.jdks\jbr-17.0.12\bin\nio.dll
0x00007ffbecd90000 - 0x00007ffbecda8000 	C:\Users\Mega-PC\.jdks\jbr-17.0.12\bin\zip.dll
0x000001df171a0000 - 0x000001df171a3000 	C:\Users\Mega-PC\.openjfx\cache\21.0.2+5\amd64\api-ms-win-core-console-l1-1-0.dll
0x000001df19090000 - 0x000001df19093000 	C:\Users\Mega-PC\.openjfx\cache\21.0.2+5\amd64\api-ms-win-core-console-l1-2-0.dll
0x000001df190a0000 - 0x000001df190a3000 	C:\Users\Mega-PC\.openjfx\cache\21.0.2+5\amd64\api-ms-win-core-datetime-l1-1-0.dll
0x000001df190b0000 - 0x000001df190b3000 	C:\Users\Mega-PC\.openjfx\cache\21.0.2+5\amd64\api-ms-win-core-debug-l1-1-0.dll
0x000001df190c0000 - 0x000001df190c3000 	C:\Users\Mega-PC\.openjfx\cache\21.0.2+5\amd64\api-ms-win-core-errorhandling-l1-1-0.dll
0x000001df190d0000 - 0x000001df190d4000 	C:\Users\Mega-PC\.openjfx\cache\21.0.2+5\amd64\api-ms-win-core-file-l1-1-0.dll
0x000001df190e0000 - 0x000001df190e3000 	C:\Users\Mega-PC\.openjfx\cache\21.0.2+5\amd64\api-ms-win-core-file-l1-2-0.dll
0x000001df190f0000 - 0x000001df190f3000 	C:\Users\Mega-PC\.openjfx\cache\21.0.2+5\amd64\api-ms-win-core-file-l2-1-0.dll
0x000001df19100000 - 0x000001df19103000 	C:\Users\Mega-PC\.openjfx\cache\21.0.2+5\amd64\api-ms-win-core-handle-l1-1-0.dll
0x000001df19110000 - 0x000001df19113000 	C:\Users\Mega-PC\.openjfx\cache\21.0.2+5\amd64\api-ms-win-core-heap-l1-1-0.dll
0x000001df19120000 - 0x000001df19123000 	C:\Users\Mega-PC\.openjfx\cache\21.0.2+5\amd64\api-ms-win-core-interlocked-l1-1-0.dll
0x000001df19130000 - 0x000001df19133000 	C:\Users\Mega-PC\.openjfx\cache\21.0.2+5\amd64\api-ms-win-core-libraryloader-l1-1-0.dll
0x000001df19140000 - 0x000001df19143000 	C:\Users\Mega-PC\.openjfx\cache\21.0.2+5\amd64\api-ms-win-core-localization-l1-2-0.dll
0x000001df19150000 - 0x000001df19153000 	C:\Users\Mega-PC\.openjfx\cache\21.0.2+5\amd64\api-ms-win-core-memory-l1-1-0.dll
0x000001df41f40000 - 0x000001df41f43000 	C:\Users\Mega-PC\.openjfx\cache\21.0.2+5\amd64\api-ms-win-core-namedpipe-l1-1-0.dll
0x000001df41f50000 - 0x000001df41f53000 	C:\Users\Mega-PC\.openjfx\cache\21.0.2+5\amd64\api-ms-win-core-processenvironment-l1-1-0.dll
0x000001df41f60000 - 0x000001df41f63000 	C:\Users\Mega-PC\.openjfx\cache\21.0.2+5\amd64\api-ms-win-core-processthreads-l1-1-0.dll
0x000001df41f70000 - 0x000001df41f73000 	C:\Users\Mega-PC\.openjfx\cache\21.0.2+5\amd64\api-ms-win-core-processthreads-l1-1-1.dll
0x000001df41f80000 - 0x000001df41f83000 	C:\Users\Mega-PC\.openjfx\cache\21.0.2+5\amd64\api-ms-win-core-profile-l1-1-0.dll
0x000001df41f90000 - 0x000001df41f93000 	C:\Users\Mega-PC\.openjfx\cache\21.0.2+5\amd64\api-ms-win-core-rtlsupport-l1-1-0.dll
0x000001df41fa0000 - 0x000001df41fa3000 	C:\Users\Mega-PC\.openjfx\cache\21.0.2+5\amd64\api-ms-win-core-string-l1-1-0.dll
0x000001df41fb0000 - 0x000001df41fb3000 	C:\Users\Mega-PC\.openjfx\cache\21.0.2+5\amd64\api-ms-win-core-synch-l1-1-0.dll
0x000001df41fc0000 - 0x000001df41fc3000 	C:\Users\Mega-PC\.openjfx\cache\21.0.2+5\amd64\api-ms-win-core-synch-l1-2-0.dll
0x000001df41fd0000 - 0x000001df41fd3000 	C:\Users\Mega-PC\.openjfx\cache\21.0.2+5\amd64\api-ms-win-core-sysinfo-l1-1-0.dll
0x000001df41fe0000 - 0x000001df41fe3000 	C:\Users\Mega-PC\.openjfx\cache\21.0.2+5\amd64\api-ms-win-core-timezone-l1-1-0.dll
0x000001df41ff0000 - 0x000001df41ff3000 	C:\Users\Mega-PC\.openjfx\cache\21.0.2+5\amd64\api-ms-win-core-util-l1-1-0.dll
0x000001df87900000 - 0x000001df87903000 	C:\Users\Mega-PC\.openjfx\cache\21.0.2+5\amd64\api-ms-win-crt-conio-l1-1-0.dll
0x000001df87910000 - 0x000001df87914000 	C:\Users\Mega-PC\.openjfx\cache\21.0.2+5\amd64\api-ms-win-crt-convert-l1-1-0.dll
0x000001df87920000 - 0x000001df87923000 	C:\Users\Mega-PC\.openjfx\cache\21.0.2+5\amd64\api-ms-win-crt-environment-l1-1-0.dll
0x000001df87930000 - 0x000001df87933000 	C:\Users\Mega-PC\.openjfx\cache\21.0.2+5\amd64\api-ms-win-crt-filesystem-l1-1-0.dll
0x000001df87940000 - 0x000001df87943000 	C:\Users\Mega-PC\.openjfx\cache\21.0.2+5\amd64\api-ms-win-crt-heap-l1-1-0.dll
0x000001df87950000 - 0x000001df87953000 	C:\Users\Mega-PC\.openjfx\cache\21.0.2+5\amd64\api-ms-win-crt-locale-l1-1-0.dll
0x000001df87960000 - 0x000001df87965000 	C:\Users\Mega-PC\.openjfx\cache\21.0.2+5\amd64\api-ms-win-crt-math-l1-1-0.dll
0x000001df87970000 - 0x000001df87975000 	C:\Users\Mega-PC\.openjfx\cache\21.0.2+5\amd64\api-ms-win-crt-multibyte-l1-1-0.dll
0x000001df87980000 - 0x000001df87990000 	C:\Users\Mega-PC\.openjfx\cache\21.0.2+5\amd64\api-ms-win-crt-private-l1-1-0.dll
0x000001df87990000 - 0x000001df87993000 	C:\Users\Mega-PC\.openjfx\cache\21.0.2+5\amd64\api-ms-win-crt-process-l1-1-0.dll
0x000001df879a0000 - 0x000001df879a4000 	C:\Users\Mega-PC\.openjfx\cache\21.0.2+5\amd64\api-ms-win-crt-runtime-l1-1-0.dll
0x000001df879b0000 - 0x000001df879b4000 	C:\Users\Mega-PC\.openjfx\cache\21.0.2+5\amd64\api-ms-win-crt-stdio-l1-1-0.dll
0x000001df879c0000 - 0x000001df879c4000 	C:\Users\Mega-PC\.openjfx\cache\21.0.2+5\amd64\api-ms-win-crt-string-l1-1-0.dll
0x000001df879d0000 - 0x000001df879d3000 	C:\Users\Mega-PC\.openjfx\cache\21.0.2+5\amd64\api-ms-win-crt-time-l1-1-0.dll
0x000001df879e0000 - 0x000001df879e3000 	C:\Users\Mega-PC\.openjfx\cache\21.0.2+5\amd64\api-ms-win-crt-utility-l1-1-0.dll
0x00007ffba1fc0000 - 0x00007ffba20bc000 	C:\Users\Mega-PC\.openjfx\cache\21.0.2+5\amd64\ucrtbase.dll
0x00007ffbc1420000 - 0x00007ffbc143b000 	C:\Users\Mega-PC\.openjfx\cache\21.0.2+5\amd64\vcruntime140.dll
0x00007ffbdd500000 - 0x00007ffbdd50c000 	C:\Users\Mega-PC\.openjfx\cache\21.0.2+5\amd64\vcruntime140_1.dll
0x00007ffbb8410000 - 0x00007ffbb849e000 	C:\Users\Mega-PC\.openjfx\cache\21.0.2+5\amd64\msvcp140.dll
0x00007ffbdcfe0000 - 0x00007ffbdcfe9000 	C:\Users\Mega-PC\.openjfx\cache\21.0.2+5\amd64\msvcp140_1.dll
0x00007ffbad980000 - 0x00007ffbad9c1000 	C:\Users\Mega-PC\.openjfx\cache\21.0.2+5\amd64\msvcp140_2.dll
0x00007ffbba2b0000 - 0x00007ffbba2e0000 	C:\Users\Mega-PC\.openjfx\cache\21.0.2+5\amd64\prism_d3d.dll
0x00007ffbe4990000 - 0x00007ffbe4b61000 	C:\Windows\system32\d3d9.dll
0x00007ffc03450000 - 0x00007ffc0347f000 	C:\Windows\SYSTEM32\dwmapi.dll
0x00007ffc03140000 - 0x00007ffc031de000 	C:\Windows\system32\uxtheme.dll
0x00007ffbfdbc0000 - 0x00007ffbfdc82000 	C:\Windows\System32\DriverStore\FileRepository\nv_dispi.inf_amd64_521f36110c1a672d\nvldumdx.dll
0x00007ffc05280000 - 0x00007ffc05292000 	C:\Windows\SYSTEM32\msasn1.dll
0x00007ffbff490000 - 0x00007ffbff4c1000 	C:\Windows\SYSTEM32\cryptnet.dll
0x00007ffc05fb0000 - 0x00007ffc0610c000 	C:\Windows\System32\CRYPT32.dll
0x00007ffc05040000 - 0x00007ffc0504c000 	C:\Windows\SYSTEM32\cryptbase.dll
0x00007ffbff1f0000 - 0x00007ffbff337000 	C:\Windows\SYSTEM32\drvstore.dll
0x00007ffc052a0000 - 0x00007ffc052d3000 	C:\Windows\SYSTEM32\devobj.dll
0x00007ffc057c0000 - 0x00007ffc0580e000 	C:\Windows\System32\cfgmgr32.dll
0x00007ffc05810000 - 0x00007ffc05879000 	C:\Windows\System32\wintrust.dll
0x00007ffc06ef0000 - 0x00007ffc06f0d000 	C:\Windows\System32\imagehlp.dll
0x00007ffc05050000 - 0x00007ffc05068000 	C:\Windows\SYSTEM32\CRYPTSP.dll
0x00007ffc04770000 - 0x00007ffc047a4000 	C:\Windows\system32\rsaenh.dll
0x00007ffb723a0000 - 0x00007ffb75b3a000 	C:\Windows\System32\DriverStore\FileRepository\nv_dispi.inf_amd64_521f36110c1a672d\nvgpucomp64.dll
0x00007ffc06f20000 - 0x00007ffc0704b000 	C:\Windows\System32\ole32.dll
0x00007ffbfbfd0000 - 0x00007ffbfc0a7000 	C:\Windows\System32\DriverStore\FileRepository\nv_dispi.inf_amd64_521f36110c1a672d\NvMemMapStoragex.dll
0x00007ffb34aa0000 - 0x00007ffb36b67000 	C:\Windows\System32\DriverStore\FileRepository\nv_dispi.inf_amd64_521f36110c1a672d\nvd3dumx.dll
0x00007ffbad410000 - 0x00007ffbad452000 	C:\Users\Mega-PC\.openjfx\cache\21.0.2+5\amd64\glass.dll
0x00007ffc06520000 - 0x00007ffc065fa000 	C:\Windows\System32\COMDLG32.dll
0x0000000180000000 - 0x00000001834b4000 	C:\Program Files (x86)\RivaTuner Statistics Server\RTSSHooks64.dll
0x00007ffc069c0000 - 0x00007ffc06e31000 	C:\Windows\System32\SETUPAPI.dll
0x00007ffc07ba0000 - 0x00007ffc07cb5000 	C:\Windows\System32\MSCTF.dll
0x00007ffbb0330000 - 0x00007ffbb0634000 	C:\Windows\system32\nvspcap64.dll
0x00007ffc049c0000 - 0x00007ffc049f3000 	C:\Windows\SYSTEM32\ntmarta.dll
0x00007ffc03ff0000 - 0x00007ffc04013000 	C:\Windows\SYSTEM32\gpapi.dll
0x00007ffbb9720000 - 0x00007ffbb98d4000 	C:\Windows\System32\DriverStore\FileRepository\nv_dispi.inf_amd64_521f36110c1a672d\nvppex.dll
0x00007ffbfecb0000 - 0x00007ffbfeceb000 	C:\Windows\SYSTEM32\dxcore.dll
0x00007ffc04b70000 - 0x00007ffc04c3a000 	C:\Windows\SYSTEM32\DNSAPI.dll
0x00007ffc04b30000 - 0x00007ffc04b6b000 	C:\Windows\SYSTEM32\IPHLPAPI.DLL
0x00007ffc06f10000 - 0x00007ffc06f18000 	C:\Windows\System32\NSI.dll
0x00007ffbfe690000 - 0x00007ffbfe69a000 	C:\Windows\System32\rasadhlp.dll

dbghelp: loaded successfully - version: 4.0.5 - missing functions: none
symbol engine: initialized successfully - sym options: 0x614 - pdb path: .;C:\Users\Mega-PC\.jdks\jbr-17.0.12\bin;C:\Windows\SYSTEM32;C:\Windows\WinSxS\amd64_microsoft.windows.common-controls_6595b64144ccf1df_6.0.19041.4355_none_60b8b9eb71f62e16;C:\Users\Mega-PC\.jdks\jbr-17.0.12\bin\server;C:\Users\Mega-PC\.openjfx\cache\21.0.2+5\amd64;C:\Windows\System32\DriverStore\FileRepository\nv_dispi.inf_amd64_521f36110c1a672d;C:\Program Files (x86)\RivaTuner Statistics Server

VM Arguments:
jvm_args: --module-path=C:\Users\Mega-PC\.m2\repository\org\openjfx\javafx-base\21.0.2\javafx-base-21.0.2-win.jar;C:\Users\Mega-PC\.m2\repository\org\openjfx\javafx-base\21.0.2\javafx-base-21.0.2.jar;C:\Users\Mega-PC\.m2\repository\org\openjfx\javafx-controls\21.0.2\javafx-controls-21.0.2-win.jar;C:\Users\Mega-PC\.m2\repository\org\openjfx\javafx-controls\21.0.2\javafx-controls-21.0.2.jar;C:\Users\Mega-PC\.m2\repository\org\openjfx\javafx-fxml\21.0.2\javafx-fxml-21.0.2-win.jar;C:\Users\Mega-PC\.m2\repository\org\openjfx\javafx-fxml\21.0.2\javafx-fxml-21.0.2.jar;C:\Users\Mega-PC\.m2\repository\org\openjfx\javafx-graphics\21.0.2\javafx-graphics-21.0.2-win.jar;C:\Users\Mega-PC\.m2\repository\org\openjfx\javafx-graphics\21.0.2\javafx-graphics-21.0.2.jar --add-modules=javafx.base,javafx.controls,javafx.fxml,javafx.graphics 
java_command: esprit.tn.tests.MainFX
java_class_path (initial): C:\Users\Mega-PC\Desktop\ppEsprit\PidevWorksphere\target\classes;C:\Users\Mega-PC\.m2\repository\com\fasterxml\jackson\core\jackson-annotations\2.12.6\jackson-annotations-2.12.6.jar;C:\Users\Mega-PC\.m2\repository\com\fasterxml\jackson\core\jackson-core\2.12.6\jackson-core-2.12.6.jar;C:\Users\Mega-PC\.m2\repository\com\fasterxml\jackson\core\jackson-databind\2.12.6.1\jackson-databind-2.12.6.1.jar;C:\Users\Mega-PC\.m2\repository\com\google\protobuf\protobuf-java\3.21.9\protobuf-java-3.21.9.jar;C:\Users\Mega-PC\.m2\repository\com\mysql\mysql-connector-j\8.0.33\mysql-connector-j-8.0.33.jar;C:\Users\Mega-PC\.m2\repository\com\sun\activation\jakarta.activation\2.0.1\jakarta.activation-2.0.1.jar;C:\Users\Mega-PC\.m2\repository\com\sun\mail\jakarta.mail\2.0.1\jakarta.mail-2.0.1.jar;C:\Users\Mega-PC\.m2\repository\de\jensd\fontawesomefx-commons\9.1.2\fontawesomefx-commons-9.1.2.jar;C:\Users\Mega-PC\.m2\repository\de\jensd\fontawesomefx-materialicons\2.2.0-9.1.2\fontawesomefx-materialicons-2.2.0-9.1.2.jar;C:\Users\Mega-PC\.m2\repository\io\jsonwebtoken\jjwt-api\0.11.5\jjwt-api-0.11.5.jar;C:\Users\Mega-PC\.m2\repository\io\jsonwebtoken\jjwt-impl\0.11.5\jjwt-impl-0.11.5.jar;C:\Users\Mega-PC\.m2\repository\io\jsonwebtoken\jjwt-jackson\0.11.5\jjwt-jackson-0.11.5.jar;C:\Users\Mega-PC\.m2\repository\jakarta\activation\jakarta.activation-api\2.1.2\jakarta.activation-api-2.1.2.jar;C:\Users\Mega-PC\.m2\repository\jakarta\mail\jakarta.mail-api\2.1.2\jakarta.mail-api-2.1.2.jar;C:\Users\Mega-PC\.m2\repository\org\eclipse\angus\angus-activation\2.0.1\angus-activation-2.0.1.jar;C:\Users\Mega-PC\.m2\repository\org\eclipse\angus\angus-mail\2.0.2\angus-mail-2.0.2.jar;C:\Users\Mega-PC\.m2\repository\org\mindrot\jbcrypt\0.4\jbcrypt-0.4.jar
Launcher Type: SUN_STANDARD

[Global flags]
     intx CICompilerCount                          = 4                                         {product} {ergonomic}
     uint ConcGCThreads                            = 3                                         {product} {ergonomic}
     uint G1ConcRefinementThreads                  = 10                                        {product} {ergonomic}
   size_t G1HeapRegionSize                         = 4194304                                   {product} {ergonomic}
    uintx GCDrainStackTargetSize                   = 64                                        {product} {ergonomic}
   size_t InitialHeapSize                          = 536870912                                 {product} {ergonomic}
   size_t MarkStackSize                            = 4194304                                   {product} {ergonomic}
   size_t MaxHeapSize                              = 8552185856                                {product} {ergonomic}
   size_t MaxNewSize                               = 5129633792                                {product} {ergonomic}
   size_t MinHeapDeltaBytes                        = 4194304                                   {product} {ergonomic}
   size_t MinHeapSize                              = 8388608                                   {product} {ergonomic}
    uintx NonNMethodCodeHeapSize                   = 5839372                                {pd product} {ergonomic}
    uintx NonProfiledCodeHeapSize                  = 122909434                              {pd product} {ergonomic}
    uintx ProfiledCodeHeapSize                     = 122909434                              {pd product} {ergonomic}
    uintx ReservedCodeCacheSize                    = 251658240                              {pd product} {ergonomic}
     bool SegmentedCodeCache                       = true                                      {product} {ergonomic}
   size_t SoftMaxHeapSize                          = 8552185856                             {manageable} {ergonomic}
     bool UseCompressedClassPointers               = true                           {product lp64_product} {ergonomic}
     bool UseCompressedOops                        = true                           {product lp64_product} {ergonomic}
     bool UseG1GC                                  = true                                      {product} {ergonomic}
     bool UseLargePagesIndividualAllocation        = false                                  {pd product} {ergonomic}

Logging:
Log output configuration:
 #0: stdout all=warning uptime,level,tags
 #1: stderr all=off uptime,level,tags

Environment Variables:
PATH=C:\Program Files (x86)\Common Files\Intel\Shared Libraries\redist\intel64\compiler;C:\Program Files\Python38\Scripts\;C:\Program Files\Python38\;C:\Windows\system32;C:\Windows;C:\Windows\System32\Wbem;C:\Windows\System32\WindowsPowerShell\v1.0\;C:\Windows\System32\OpenSSH\;C:\Program Files (x86)\NVIDIA Corporation\PhysX\Common;C:\Program Files\Git\cmd;C:\Program Files\dotnet\;C:\Program Files\NVIDIA Corporation\NVIDIA app\NvDLISR;C:\Program Files\nodejs\;C:\Users\Mega-PC\AppData\Local\Microsoft\WindowsApps;C:\Users\Mega-PC\AppData\Local\Programs\Microsoft VS Code\bin;C:\Users\Mega-PC\AppData\Roaming\npm;C:\Users\Mega-PC\Documents\flutterDev\flutter\bin;C:\Users\Mega-PC\AppData\Local\GitHubDesktop\bin;
USERNAME=Mega-PC
OS=Windows_NT
PROCESSOR_IDENTIFIER=Intel64 Family 6 Model 151 Stepping 5, GenuineIntel
TMP=C:\Users\Mega-PC\AppData\Local\Temp
TEMP=C:\Users\Mega-PC\AppData\Local\Temp



Periodic native trim disabled

JNI global refs:
JNI global refs: 26, weak refs: 5

JNI global refs memory usage: 843, weak refs: 841

Process memory usage:
Resident Set Size: 196012K (0% of 33392548K total physical memory with 16187120K free physical memory)

OOME stack traces (most recent first):
Classloader memory used:
Loader jdk.internal.loader.ClassLoaders$AppClassLoader                                 : 1490K
Loader bootstrap                                                                       : 627K
Loader jdk.internal.loader.ClassLoaders$PlatformClassLoader                            : 43705B
Loader jdk.internal.reflect.DelegatingClassLoader                                      : 929B
Loader com.sun.javafx.reflect.MethodUtil                                               : 364B


---------------  S Y S T E M  ---------------

OS:
 Windows 10 , 64 bit Build 19041 (10.0.19041.5438)
OS uptime: 3 days 3:27 hours

CPU: total 12 (initial active 12) (6 cores per cpu, 2 threads per core) family 6 model 151 stepping 5 microcode 0x18, cx8, cmov, fxsr, ht, mmx, 3dnowpref, sse, sse2, sse3, ssse3, sse4.1, sse4.2, popcnt, lzcnt, tsc, tscinvbit, avx, avx2, aes, erms, clmul, bmi1, bmi2, adx, sha, fma, vzeroupper, clflush, clflushopt, clwb
Processor Information for all 12 processors :
  Max Mhz: 2500, Current Mhz: 2500, Mhz Limit: 2500

Memory: 4k page, system-wide physical 32609M (15807M free)
TotalPageFile size 37473M (AvailPageFile size 13993M)
current process WorkingSet (physical memory assigned to process): 191M, peak: 191M
current process commit charge ("private bytes"): 792M, peak: 793M

vm_info: OpenJDK 64-Bit Server VM (17.0.12+1-b1207.37) for windows-amd64 JRE (17.0.12+1-b1207.37), built on 2024-09-25 by "builduser" with MS VC++ 16.10 / 16.11 (VS2019)

END.
