#
# A fatal error has been detected by the Java Runtime Environment:
#
#  EXCEPTION_ACCESS_VIOLATION (0xc0000005) at pc=0x00007ffecb600ddf, pid=20196, tid=10476
#
# JRE version: OpenJDK Runtime Environment JBR-17.0.12+1-1207.37-nomod (17.0.12+1) (build 17.0.12+1-b1207.37)
# Java VM: OpenJDK 64-Bit Server VM JBR-17.0.12+1-1207.37-nomod (17.0.12+1-b1207.37, mixed mode, sharing, tiered, compressed oops, compressed class ptrs, g1 gc, windows-amd64)
# Problematic frame:
# V  [jvm.dll+0x1c0ddf]  PhaseChaitin::gather_lrg_masks+0x44f
#
# No core dump will be written. Minidumps are not enabled by default on client versions of Windows
#
# If you would like to submit a bug report, please visit:
#   https://youtrack.jetbrains.com/issues/JBR
#

---------------  S U M M A R Y ------------

Command Line: --module-path=C:\Users\Mega-PC\.m2\repository\org\openjfx\javafx-base\21.0.2\javafx-base-21.0.2-win.jar;C:\Users\Mega-PC\.m2\repository\org\openjfx\javafx-base\21.0.2\javafx-base-21.0.2.jar;C:\Users\Mega-PC\.m2\repository\org\openjfx\javafx-controls\21.0.2\javafx-controls-21.0.2-win.jar;C:\Users\Mega-PC\.m2\repository\org\openjfx\javafx-controls\21.0.2\javafx-controls-21.0.2.jar;C:\Users\Mega-PC\.m2\repository\org\openjfx\javafx-fxml\21.0.2\javafx-fxml-21.0.2-win.jar;C:\Users\Mega-PC\.m2\repository\org\openjfx\javafx-fxml\21.0.2\javafx-fxml-21.0.2.jar;C:\Users\Mega-PC\.m2\repository\org\openjfx\javafx-graphics\21.0.2\javafx-graphics-21.0.2-win.jar;C:\Users\Mega-PC\.m2\repository\org\openjfx\javafx-graphics\21.0.2\javafx-graphics-21.0.2.jar;C:\Users\Mega-PC\.m2\repository\org\openjfx\javafx-media\21.0.2\javafx-media-21.0.2-win.jar;C:\Users\Mega-PC\.m2\repository\org\openjfx\javafx-media\21.0.2\javafx-media-21.0.2.jar;C:\Users\Mega-PC\.m2\repository\org\openjfx\javafx-swing\21.0.2\javafx-swing-21.0.2-win.jar;C:\Users\Mega-PC\.m2\repository\org\openjfx\javafx-swing\21.0.2\javafx-swing-21.0.2.jar;C:\Users\Mega-PC\.m2\repository\org\openjfx\javafx-web\21.0.2\javafx-web-21.0.2-win.jar;C:\Users\Mega-PC\.m2\repository\org\openjfx\javafx-web\21.0.2\javafx-web-21.0.2.jar --add-modules=javafx.base,javafx.controls,javafx.fxml,javafx.graphics,javafx.media,javafx.swing,javafx.web esprit.tn.tests.MainFX

Host: 12th Gen Intel(R) Core(TM) i5-12400F, 12 cores, 31G,  Windows 10 , 64 bit Build 19041 (10.0.19041.5438)
Time: Wed Mar  5 22:48:37 2025 Romance Standard Time elapsed time: 137.432318 seconds (0d 0h 2m 17s)

---------------  T H R E A D  ---------------

Current thread (0x0000021934c484f0):  JavaThread "C2 CompilerThread1" daemon [_thread_in_native, id=10476, stack(0x0000004be8300000,0x0000004be8400000)]


Current CompileTask:
C2: 137432 8656       4       javafx.scene.Node::reapplyCSS (92 bytes)

Stack: [0x0000004be8300000,0x0000004be8400000],  sp=0x0000004be83fbcb0,  free space=1007k
Native frames: (J=compiled Java code, j=interpreted, Vv=VM code, C=native code)
V  [jvm.dll+0x1c0ddf]  PhaseChaitin::gather_lrg_masks+0x44f  (chaitin.cpp:992)
V  [jvm.dll+0x1be58c]  PhaseChaitin::Register_Allocate+0x68c  (chaitin.cpp:554)
V  [jvm.dll+0x21c109]  Compile::Code_Gen+0x3b9  (compile.cpp:2757)
V  [jvm.dll+0x21b3f1]  Compile::Compile+0xe61  (compile.cpp:836)
V  [jvm.dll+0x1a68ed]  C2Compiler::compile_method+0xad  (c2compiler.cpp:112)
V  [jvm.dll+0x22b2de]  CompileBroker::invoke_compiler_on_method+0x82e  (compileBroker.cpp:2366)
V  [jvm.dll+0x229445]  CompileBroker::compiler_thread_loop+0x405  (compileBroker.cpp:2027)
V  [jvm.dll+0x7f7917]  JavaThread::run+0x147  (thread.cpp:1299)
V  [jvm.dll+0x7f1cec]  Thread::call_run+0x8c  (thread.cpp:405)
V  [jvm.dll+0x688be7]  thread_native_entry+0x77  (os_windows.cpp:550)
C  [ucrtbase.dll+0x21bb2]
C  [KERNEL32.DLL+0x17374]
C  [ntdll.dll+0x4cc91]


siginfo: EXCEPTION_ACCESS_VIOLATION (0xc0000005), reading address 0xffffffffffffffff


Registers:
RAX=0x0000021934986f50, RBX=0x0000000000000000, RCX=0x00040219424e7cd0, RDX=0x0000000000000000
RSP=0x0000004be83fbcb0, RBP=0x00000219380d1be0, RSI=0x0000004be83fc1a0, RDI=0xffffffffffffffff
R8 =0x00000000ffffffff, R9 =0x0000000000000001, R10=0x0000000000000000, R11=0x3333333333333333
R12=0x000000000000002b, R13=0x0000000000000158, R14=0x00000219389f32e0, R15=0x00007ffecbf6afe0
RIP=0x00007ffecb600ddf, EFLAGS=0x0000000000010293


Register to memory mapping:

RIP=0x00007ffecb600ddf jvm.dll::PhaseChaitin::gather_lrg_masks + 0x44f
RAX=0x0000021934986f50 points into unknown readable memory: 0x0000000000000000 | 00 00 00 00 00 00 00 00
RBX=0x0 is NULL
RCX=0x00040219424e7cd0 is an unknown value
RDX=0x0 is NULL
RSP=0x0000004be83fbcb0 is pointing into the stack for thread: 0x0000021934c484f0
RBP=0x00000219380d1be0 points into unknown readable memory: 0x00007ffecbd6c8c0 | c0 c8 d6 cb fe 7f 00 00
RSI=0x0000004be83fc1a0 is pointing into the stack for thread: 0x0000021934c484f0
RDI=0xffffffffffffffff is an unknown value
R8 =0x00000000ffffffff is an unknown value
R9 =0x0000000000000001 is an unknown value
R10=0x0 is NULL
R11=0x3333333333333333 is an unknown value
R12=0x000000000000002b is an unknown value
R13=0x0000000000000158 is an unknown value
R14=0x00000219389f32e0 points into unknown readable memory: 0x00007ffecbded218 | 18 d2 de cb fe 7f 00 00
R15=0x00007ffecbf6afe0 jvm.dll::_ANY_REG_mask + 0x0


Top of Stack: (sp=0x0000004be83fbcb0)
0x0000004be83fbcb0:   0000000000000004 00000219389f3cf8
0x0000004be83fbcc0:   00000000000012cc 00000219380d2040
0x0000004be83fbcd0:   0000038d00000001 00007ffe0000002e
0x0000004be83fbce0:   00000219380d1be0 0000000000000108
0x0000004be83fbcf0:   0000000000000000 0000000000000000
0x0000004be83fbd00:   0000000000165e30 00000219342d2000
0x0000004be83fbd10:   00000000000003d8 00000219342d23e8
0x0000004be83fbd20:   00000219342d2010 0000004be83fbe50
0x0000004be83fbd30:   0000000000000000 0000004be83fc280
0x0000004be83fbd40:   0000004be83fc1a0 00007ffecb5fe58c
0x0000004be83fbd50:   0000004be83fc1a0 0000004be83fbe01
0x0000004be83fbd60:   0000004be83fc200 00000000ffffffff
0x0000004be83fbd70:   0000004be83fbe00 000000000000000d
0x0000004be83fbd80:   0000000000000006 00000219342d2000
0x0000004be83fbd90:   00000219342e81a0 00000219342edd78
0x0000004be83fbda0:   00000219342f0188 00000000004cae58
0x0000004be83fbdb0:   0000000000000000 0000000000000000
0x0000004be83fbdc0:   0000004be83fbea0 0000000000000000
0x0000004be83fbdd0:   0000000000007fe8 00007ffecbd81068
0x0000004be83fbde0:   0000000000000000 0000000000000000
0x0000004be83fbdf0:   0000000000000000 00007ffecbd81068
0x0000004be83fbe00:   0000021938623000 00000219349e3af0
0x0000004be83fbe10:   000002190000000c 0000004be83feaf0
0x0000004be83fbe20:   0000021945005050 00000000cb776700
0x0000004be83fbe30:   0000021945155050 000000000000208a
0x0000004be83fbe40:   0000004be83fbd80 00000219342d2010
0x0000004be83fbe50:   00007ffecbd81038 000000000000000d
0x0000004be83fbe60:   0000004be83feaf0 0000004be83fc1a0
0x0000004be83fbe70:   000000000000392f 00000219349e3af0
0x0000004be83fbe80:   00007ffe0000000a 0000004be83feaf0
0x0000004be83fbe90:   0000021942eb70d0 0000000000000000
0x0000004be83fbea0:   0000021942cc0020 000002192b17d8c0 

Instructions: (pc=0x00007ffecb600ddf)
0x00007ffecb600cdf:   ab a4 00 00 00 66 89 83 9c 00 00 00 eb 64 b8 08
0x00007ffecb600cef:   00 00 00 66 44 89 ab a4 00 00 00 66 89 83 9c 00
0x00007ffecb600cff:   00 00 eb 4e b8 10 00 00 00 66 44 89 ab a4 00 00
0x00007ffecb600d0f:   00 66 89 83 9c 00 00 00 eb 38 49 8b cf e8 4f 7b
0x00007ffecb600d1f:   51 00 81 8b a8 00 00 00 40 02 00 00 66 89 83 9c
0x00007ffecb600d2f:   00 00 00 66 89 83 a4 00 00 00 eb 16 ba cf 03 00
0x00007ffecb600d3f:   00 48 8d 0d 49 04 78 00 e8 64 96 08 00 e8 3f 8b
0x00007ffecb600d4f:   4c 00 48 8b 6c 24 30 48 8b b4 24 a0 00 00 00 44
0x00007ffecb600d5f:   0f b6 8c 24 a8 00 00 00 41 b8 ff ff ff ff 41 8b
0x00007ffecb600d6f:   5e 18 89 5c 24 28 44 89 84 24 b8 00 00 00 45 84
0x00007ffecb600d7f:   c9 74 38 49 8b 06 49 8b ce ff 90 b0 00 00 00 89
0x00007ffecb600d8f:   84 24 b8 00 00 00 44 8b c0 83 f8 ff 74 14 8b d0
0x00007ffecb600d9f:   49 8b ce e8 f9 81 3e 00 44 8b c0 89 84 24 b8 00
0x00007ffecb600daf:   00 00 44 0f b6 8c 24 a8 00 00 00 44 3b e3 0f 83
0x00007ffecb600dbf:   1b 02 00 00 41 8b c4 4c 8d 2c c5 00 00 00 00 66
0x00007ffecb600dcf:   90 49 8b 46 08 4a 8b 0c 28 48 8b 86 08 01 00 00
0x00007ffecb600ddf:   48 63 51 28 8b 1c 90 85 db 0f 84 c7 01 00 00 45
0x00007ffecb600def:   84 c9 74 11 45 3b c4 75 0c 49 8b 06 49 8b ce ff
0x00007ffecb600dff:   90 e0 00 00 00 80 bc 24 b0 00 00 00 00 74 13 80
0x00007ffecb600e0f:   be 18 01 00 00 00 74 0a 45 3b 66 3c 0f 83 94 01
0x00007ffecb600e1f:   00 00 48 8b 46 70 41 8b d4 48 69 fb b0 00 00 00
0x00007ffecb600e2f:   49 8b ce 48 03 78 20 49 8b 06 ff 90 80 00 00 00
0x00007ffecb600e3f:   80 bc 24 a8 00 00 00 00 4c 8b f8 75 2c 49 8b 4e
0x00007ffecb600e4f:   08 f2 0f 10 4d 08 f2 0f 59 ce 4a 8b 14 29 48 8b
0x00007ffecb600e5f:   4e 48 44 8b 42 28 48 8b 51 78 4a 8b 0c c2 f2 0f
0x00007ffecb600e6f:   10 41 08 66 0f 2f c1 77 57 8b 97 90 00 00 00 8b
0x00007ffecb600e7f:   87 94 00 00 00 3b d0 77 25 0f 1f 84 00 00 00 00
0x00007ffecb600e8f:   00 8b ca ff c2 49 8b 04 cf 48 21 44 cf 38 8b 87
0x00007ffecb600e9f:   94 00 00 00 3b d0 76 e9 8b 97 90 00 00 00 41 8b
0x00007ffecb600eaf:   4f 58 3b d1 73 0c 8b 87 94 00 00 00 89 8f 90 00
0x00007ffecb600ebf:   00 00 41 8b 4f 5c 3b c1 76 06 89 8f 94 00 00 00
0x00007ffecb600ecf:   49 8b 46 08 4a 8b 0c 28 48 8b 01 ff 50 68 8b c8 


Stack slot to memory mapping:
stack at sp + 0 slots: 0x0000000000000004 is an unknown value
stack at sp + 1 slots: 0x00000219389f3cf8 points into unknown readable memory: 0x00007ffecbd0ce68 | 68 ce d0 cb fe 7f 00 00
stack at sp + 2 slots: 0x00000000000012cc is an unknown value
stack at sp + 3 slots: 0x00000219380d2040 points into unknown readable memory: 0x00007ffecbd6c8c0 | c0 c8 d6 cb fe 7f 00 00
stack at sp + 4 slots: 0x0000038d00000001 is an unknown value
stack at sp + 5 slots: 0x00007ffe0000002e is an unknown value
stack at sp + 6 slots: 0x00000219380d1be0 points into unknown readable memory: 0x00007ffecbd6c8c0 | c0 c8 d6 cb fe 7f 00 00
stack at sp + 7 slots: 0x0000000000000108 is an unknown value


---------------  P R O C E S S  ---------------

Threads class SMR info:
_java_thread_list=0x0000021934762a70, length=21, elements={
0x00000218bb035aa0, 0x00000218e2d981e0, 0x00000218e2d99060, 0x00000218e2dafc20,
0x00000218e2db07e0, 0x00000218e2db31b0, 0x00000218e2db3b70, 0x00000218e2db8030,
0x00000218e2dbb780, 0x00000218e2dbdda0, 0x00000218e58e06c0, 0x000002192b2cd1d0,
0x000002192b376cc0, 0x000002192b794aa0, 0x000002192b74f7a0, 0x000002192bfbf160,
0x000002192bfbf670, 0x000002192bfbe740, 0x000002192bfc0090, 0x000002192bfbec50,
0x0000021934c484f0
}

Java Threads: ( => current thread )
  0x00000218bb035aa0 JavaThread "main" [_thread_blocked, id=25004, stack(0x0000004be8500000,0x0000004be8600000)]
  0x00000218e2d981e0 JavaThread "Reference Handler" daemon [_thread_blocked, id=9404, stack(0x0000004be8c00000,0x0000004be8d00000)]
  0x00000218e2d99060 JavaThread "Finalizer" daemon [_thread_blocked, id=10844, stack(0x0000004be8d00000,0x0000004be8e00000)]
  0x00000218e2dafc20 JavaThread "Signal Dispatcher" daemon [_thread_blocked, id=10804, stack(0x0000004be8e00000,0x0000004be8f00000)]
  0x00000218e2db07e0 JavaThread "Attach Listener" daemon [_thread_blocked, id=8452, stack(0x0000004be8f00000,0x0000004be9000000)]
  0x00000218e2db31b0 JavaThread "Service Thread" daemon [_thread_blocked, id=6832, stack(0x0000004be9000000,0x0000004be9100000)]
  0x00000218e2db3b70 JavaThread "Monitor Deflation Thread" daemon [_thread_blocked, id=18348, stack(0x0000004be9100000,0x0000004be9200000)]
  0x00000218e2db8030 JavaThread "C2 CompilerThread0" daemon [_thread_blocked, id=2324, stack(0x0000004be9200000,0x0000004be9300000)]
  0x00000218e2dbb780 JavaThread "C1 CompilerThread0" daemon [_thread_blocked, id=20748, stack(0x0000004be9300000,0x0000004be9400000)]
  0x00000218e2dbdda0 JavaThread "Sweeper thread" daemon [_thread_blocked, id=25452, stack(0x0000004be9400000,0x0000004be9500000)]
  0x00000218e58e06c0 JavaThread "Common-Cleaner" daemon [_thread_blocked, id=3656, stack(0x0000004be9500000,0x0000004be9600000)]
  0x000002192b2cd1d0 JavaThread "Notification Thread" daemon [_thread_blocked, id=23160, stack(0x0000004be9800000,0x0000004be9900000)]
  0x000002192b376cc0 JavaThread "QuantumRenderer-0" daemon [_thread_in_native, id=27804, stack(0x0000004be9a00000,0x0000004be9b00000)]
  0x000002192b794aa0 JavaThread "InvokeLaterDispatcher" daemon [_thread_blocked, id=11384, stack(0x0000004be9c00000,0x0000004be9d00000)]
  0x000002192b74f7a0 JavaThread "JavaFX Application Thread" [_thread_blocked, id=8952, stack(0x0000004be9d00000,0x0000004be9e00000)]
  0x000002192bfbf160 JavaThread "JavaFX-Launcher" [_thread_blocked, id=25024, stack(0x0000004bea000000,0x0000004bea100000)]
  0x000002192bfbf670 JavaThread "Thread-2" daemon [_thread_in_native, id=15640, stack(0x0000004be9f00000,0x0000004bea000000)]
  0x000002192bfbe740 JavaThread "mysql-cj-abandoned-connection-cleanup" daemon [_thread_blocked, id=28284, stack(0x0000004beaa00000,0x0000004beab00000)]
  0x000002192bfc0090 JavaThread "Prism Font Disposer" daemon [_thread_blocked, id=23828, stack(0x0000004beaf00000,0x0000004beb000000)]
  0x000002192bfbec50 JavaThread "Cleaner-0" daemon [_thread_blocked, id=8692, stack(0x0000004beb000000,0x0000004beb100000)]
=>0x0000021934c484f0 JavaThread "C2 CompilerThread1" daemon [_thread_in_native, id=10476, stack(0x0000004be8300000,0x0000004be8400000)]

Other Threads:
  0x00000218e2d935d0 VMThread "VM Thread" [stack: 0x0000004be8b00000,0x0000004be8c00000] [id=680]
  0x000002192b2cdec0 WatcherThread [stack: 0x0000004be9900000,0x0000004be9a00000] [id=18252]
  0x00000218bb0e3100 GCTaskThread "GC Thread#0" [stack: 0x0000004be8600000,0x0000004be8700000] [id=22384]
  0x000002192b7490d0 GCTaskThread "GC Thread#1" [stack: 0x0000004bea100000,0x0000004bea200000] [id=17088]
  0x000002192c181ed0 GCTaskThread "GC Thread#2" [stack: 0x0000004bea200000,0x0000004bea300000] [id=5092]
  0x000002192c182190 GCTaskThread "GC Thread#3" [stack: 0x0000004bea300000,0x0000004bea400000] [id=13760]
  0x000002192c182450 GCTaskThread "GC Thread#4" [stack: 0x0000004bea400000,0x0000004bea500000] [id=4212]
  0x000002192c0fcdf0 GCTaskThread "GC Thread#5" [stack: 0x0000004bea500000,0x0000004bea600000] [id=11904]
  0x000002192c0fd4c0 GCTaskThread "GC Thread#6" [stack: 0x0000004bea600000,0x0000004bea700000] [id=15300]
  0x000002192c0fe1a0 GCTaskThread "GC Thread#7" [stack: 0x0000004bea700000,0x0000004bea800000] [id=21260]
  0x000002192c170810 GCTaskThread "GC Thread#8" [stack: 0x0000004bea800000,0x0000004bea900000] [id=18408]
  0x000002192c170ad0 GCTaskThread "GC Thread#9" [stack: 0x0000004bea900000,0x0000004beaa00000] [id=4960]
  0x00000218e2bc8000 ConcurrentGCThread "G1 Main Marker" [stack: 0x0000004be8700000,0x0000004be8800000] [id=2440]
  0x00000218e2bc8a20 ConcurrentGCThread "G1 Conc#0" [stack: 0x0000004be8800000,0x0000004be8900000] [id=14816]
  0x000002192cb94260 ConcurrentGCThread "G1 Conc#1" [stack: 0x0000004beab00000,0x0000004beac00000] [id=20100]
  0x000002192cb94aa0 ConcurrentGCThread "G1 Conc#2" [stack: 0x0000004beb100000,0x0000004beb200000] [id=19060]
  0x00000218e2cc6dc0 ConcurrentGCThread "G1 Refine#0" [stack: 0x0000004be8900000,0x0000004be8a00000] [id=8924]
  0x00000218e2cc77f0 ConcurrentGCThread "G1 Service" [stack: 0x0000004be8a00000,0x0000004be8b00000] [id=6396]

Threads with active compile tasks:
C2 CompilerThread1   137509 8656       4       javafx.scene.Node::reapplyCSS (92 bytes)

VM state: not at safepoint (normal execution)

VM Mutex/Monitor currently owned by a thread: None

Heap address: 0x0000000602400000, size: 8156 MB, Compressed Oops mode: Zero based, Oop shift amount: 3

CDS archive(s) mapped at: [0x00000218e6000000-0x00000218e6c00000-0x00000218e6c00000), size 12582912, SharedBaseAddress: 0x00000218e6000000, ArchiveRelocationMode: 1.
Compressed class space mapped at: 0x00000218e7000000-0x0000021927000000, reserved size: 1073741824
Narrow klass base: 0x00000218e6000000, Narrow klass shift: 0, Narrow klass range: 0x100000000

GC Precious Log:
 CPUs: 12 total, 12 available
 Memory: 32609M
 Large Page Support: Disabled
 NUMA Support: Disabled
 Compressed Oops: Enabled (Zero based)
 Heap Region Size: 4M
 Heap Min Capacity: 8M
 Heap Initial Capacity: 512M
 Heap Max Capacity: 8156M
 Pre-touch: Disabled
 Parallel Workers: 10
 Concurrent Workers: 3
 Concurrent Refinement Workers: 10
 Periodic GC: Disabled

Heap:
 garbage-first heap   total 536576K, used 259155K [0x0000000602400000, 0x0000000800000000)
  region size 4096K, 5 young (20480K), 4 survivors (16384K)
 Metaspace       used 40437K, committed 40832K, reserved 1114112K
  class space    used 5333K, committed 5504K, reserved 1048576K

Heap Regions: E=young(eden), S=young(survivor), O=old, HS=humongous(starts), HC=humongous(continues), CS=collection set, F=free, OA=open archive, CA=closed archive, TAMS=top-at-mark-start (previous, next)
|   0|0x0000000602400000, 0x0000000602800000, 0x0000000602800000|100%| O|  |TAMS 0x0000000602800000, 0x0000000602400000| Untracked 
|   1|0x0000000602800000, 0x0000000602c00000, 0x0000000602c00000|100%| O|  |TAMS 0x0000000602c00000, 0x0000000602800000| Untracked 
|   2|0x0000000602c00000, 0x0000000603000000, 0x0000000603000000|100%| O|  |TAMS 0x0000000602c00000, 0x0000000602c00000| Untracked 
|   3|0x0000000603000000, 0x0000000603400000, 0x0000000603400000|100%| O|  |TAMS 0x0000000603400000, 0x0000000603000000| Untracked 
|   4|0x0000000603400000, 0x0000000603800000, 0x0000000603800000|100%| O|  |TAMS 0x0000000603800000, 0x0000000603400000| Untracked 
|   5|0x0000000603800000, 0x0000000603c00000, 0x0000000603c00000|100%| O|  |TAMS 0x0000000603800000, 0x0000000603800000| Untracked 
|   6|0x0000000603c00000, 0x0000000604000000, 0x0000000604000000|100%| O|  |TAMS 0x0000000603c00000, 0x0000000603c00000| Untracked 
|   7|0x0000000604000000, 0x0000000604400000, 0x0000000604400000|100%| O|  |TAMS 0x0000000604400000, 0x0000000604000000| Untracked 
|   8|0x0000000604400000, 0x0000000604800000, 0x0000000604800000|100%| O|  |TAMS 0x0000000604800000, 0x0000000604400000| Untracked 
|   9|0x0000000604800000, 0x0000000604c00000, 0x0000000604c00000|100%| O|  |TAMS 0x0000000604900a00, 0x0000000604800000| Untracked 
|  10|0x0000000604c00000, 0x0000000605000000, 0x0000000605000000|100%| O|  |TAMS 0x0000000604c00000, 0x0000000604c00000| Untracked 
|  11|0x0000000605000000, 0x0000000605400000, 0x0000000605400000|100%| O|  |TAMS 0x0000000605400000, 0x0000000605000000| Untracked 
|  12|0x0000000605400000, 0x0000000605800000, 0x0000000605800000|100%| O|  |TAMS 0x0000000605400000, 0x0000000605400000| Untracked 
|  13|0x0000000605800000, 0x0000000605c00000, 0x0000000605c00000|100%| O|  |TAMS 0x0000000605800000, 0x0000000605800000| Untracked 
|  14|0x0000000605c00000, 0x0000000606000000, 0x0000000606000000|100%| O|  |TAMS 0x0000000605c00000, 0x0000000605c00000| Untracked 
|  15|0x0000000606000000, 0x0000000606400000, 0x0000000606400000|100%| O|  |TAMS 0x0000000606000000, 0x0000000606000000| Untracked 
|  16|0x0000000606400000, 0x0000000606800000, 0x0000000606800000|100%| O|  |TAMS 0x0000000606400000, 0x0000000606400000| Untracked 
|  17|0x0000000606800000, 0x0000000606c00000, 0x0000000606c00000|100%| O|  |TAMS 0x0000000606800000, 0x0000000606800000| Untracked 
|  18|0x0000000606c00000, 0x0000000607000000, 0x0000000607000000|100%| O|  |TAMS 0x0000000606c00000, 0x0000000606c00000| Untracked 
|  19|0x0000000607000000, 0x0000000607400000, 0x0000000607400000|100%| O|  |TAMS 0x0000000607000000, 0x0000000607000000| Untracked 
|  20|0x0000000607400000, 0x0000000607800000, 0x0000000607800000|100%| O|  |TAMS 0x0000000607400000, 0x0000000607400000| Untracked 
|  21|0x0000000607800000, 0x0000000607c00000, 0x0000000607c00000|100%| O|  |TAMS 0x0000000607800000, 0x0000000607800000| Untracked 
|  22|0x0000000607c00000, 0x0000000608000000, 0x0000000608000000|100%| O|  |TAMS 0x0000000607c00000, 0x0000000607c00000| Untracked 
|  23|0x0000000608000000, 0x0000000608400000, 0x0000000608400000|100%| O|  |TAMS 0x0000000608000000, 0x0000000608000000| Untracked 
|  24|0x0000000608400000, 0x0000000608800000, 0x0000000608800000|100%| O|  |TAMS 0x0000000608800000, 0x0000000608400000| Untracked 
|  25|0x0000000608800000, 0x0000000608c00000, 0x0000000608c00000|100%| O|  |TAMS 0x0000000608800000, 0x0000000608800000| Untracked 
|  26|0x0000000608c00000, 0x0000000609000000, 0x0000000609000000|100%| O|  |TAMS 0x0000000608c00000, 0x0000000608c00000| Untracked 
|  27|0x0000000609000000, 0x0000000609400000, 0x0000000609400000|100%| O|  |TAMS 0x0000000609000000, 0x0000000609000000| Untracked 
|  28|0x0000000609400000, 0x0000000609800000, 0x0000000609800000|100%| O|  |TAMS 0x0000000609400000, 0x0000000609400000| Untracked 
|  29|0x0000000609800000, 0x0000000609c00000, 0x0000000609c00000|100%| O|  |TAMS 0x0000000609800000, 0x0000000609800000| Untracked 
|  30|0x0000000609c00000, 0x000000060a000000, 0x000000060a000000|100%| O|  |TAMS 0x000000060a000000, 0x0000000609c00000| Untracked 
|  31|0x000000060a000000, 0x000000060a400000, 0x000000060a400000|100%| O|  |TAMS 0x000000060a000000, 0x000000060a000000| Untracked 
|  32|0x000000060a400000, 0x000000060a800000, 0x000000060a800000|100%| O|  |TAMS 0x000000060a400000, 0x000000060a400000| Untracked 
|  33|0x000000060a800000, 0x000000060ac00000, 0x000000060ac00000|100%| O|  |TAMS 0x000000060ac00000, 0x000000060a800000| Untracked 
|  34|0x000000060ac00000, 0x000000060b000000, 0x000000060b000000|100%| O|  |TAMS 0x000000060ac00000, 0x000000060ac00000| Untracked 
|  35|0x000000060b000000, 0x000000060b400000, 0x000000060b400000|100%| O|  |TAMS 0x000000060b000000, 0x000000060b000000| Untracked 
|  36|0x000000060b400000, 0x000000060b800000, 0x000000060b800000|100%| O|  |TAMS 0x000000060b400000, 0x000000060b400000| Untracked 
|  37|0x000000060b800000, 0x000000060bc00000, 0x000000060bc00000|100%| O|  |TAMS 0x000000060b800000, 0x000000060b800000| Untracked 
|  38|0x000000060bc00000, 0x000000060c000000, 0x000000060c000000|100%| O|  |TAMS 0x000000060bc00000, 0x000000060bc00000| Untracked 
|  39|0x000000060c000000, 0x000000060c400000, 0x000000060c400000|100%| O|  |TAMS 0x000000060c000000, 0x000000060c000000| Untracked 
|  40|0x000000060c400000, 0x000000060c800000, 0x000000060c800000|100%| O|  |TAMS 0x000000060c400000, 0x000000060c400000| Untracked 
|  41|0x000000060c800000, 0x000000060cc00000, 0x000000060cc00000|100%| O|  |TAMS 0x000000060cc00000, 0x000000060c800000| Untracked 
|  42|0x000000060cc00000, 0x000000060d000000, 0x000000060d000000|100%| O|  |TAMS 0x000000060cc00000, 0x000000060cc00000| Untracked 
|  43|0x000000060d000000, 0x000000060d400000, 0x000000060d400000|100%| O|  |TAMS 0x000000060d000000, 0x000000060d000000| Untracked 
|  44|0x000000060d400000, 0x000000060d800000, 0x000000060d800000|100%| O|  |TAMS 0x000000060d400000, 0x000000060d400000| Untracked 
|  45|0x000000060d800000, 0x000000060dc00000, 0x000000060dc00000|100%| O|  |TAMS 0x000000060d800000, 0x000000060d800000| Untracked 
|  46|0x000000060dc00000, 0x000000060e000000, 0x000000060e000000|100%| O|  |TAMS 0x000000060dc00000, 0x000000060dc00000| Untracked 
|  47|0x000000060e000000, 0x000000060e400000, 0x000000060e400000|100%| O|  |TAMS 0x000000060e400000, 0x000000060e000000| Untracked 
|  48|0x000000060e400000, 0x000000060e800000, 0x000000060e800000|100%| O|  |TAMS 0x000000060e400000, 0x000000060e400000| Untracked 
|  49|0x000000060e800000, 0x000000060ec00000, 0x000000060ec00000|100%| O|  |TAMS 0x000000060e800000, 0x000000060e800000| Untracked 
|  50|0x000000060ec00000, 0x000000060f000000, 0x000000060f000000|100%| O|  |TAMS 0x000000060f000000, 0x000000060ec00000| Untracked 
|  51|0x000000060f000000, 0x000000060f400000, 0x000000060f400000|100%| O|  |TAMS 0x000000060f000000, 0x000000060f000000| Untracked 
|  52|0x000000060f400000, 0x000000060f800000, 0x000000060f800000|100%| O|  |TAMS 0x000000060f400000, 0x000000060f400000| Untracked 
|  53|0x000000060f800000, 0x000000060fc00000, 0x000000060fc00000|100%| O|  |TAMS 0x000000060f800000, 0x000000060f800000| Untracked 
|  54|0x000000060fc00000, 0x0000000610000000, 0x0000000610000000|100%| O|  |TAMS 0x000000060fc00000, 0x000000060fc00000| Untracked 
|  55|0x0000000610000000, 0x0000000610400000, 0x0000000610400000|100%| O|  |TAMS 0x0000000610000000, 0x0000000610000000| Untracked 
|  56|0x0000000610400000, 0x0000000610800000, 0x0000000610800000|100%| O|  |TAMS 0x0000000610400000, 0x0000000610400000| Untracked 
|  57|0x0000000610800000, 0x0000000610c00000, 0x0000000610c00000|100%| O|  |TAMS 0x0000000610800000, 0x0000000610800000| Untracked 
|  58|0x0000000610c00000, 0x0000000611000000, 0x0000000611000000|100%| O|  |TAMS 0x0000000610c00000, 0x0000000610c00000| Untracked 
|  59|0x0000000611000000, 0x0000000611114c00, 0x0000000611400000| 27%| O|  |TAMS 0x0000000611000000, 0x0000000611000000| Untracked 
|  60|0x0000000611400000, 0x0000000611400000, 0x0000000611800000|  0%| F|  |TAMS 0x0000000611400000, 0x0000000611400000| Untracked 
|  61|0x0000000611800000, 0x0000000611800000, 0x0000000611c00000|  0%| F|  |TAMS 0x0000000611800000, 0x0000000611800000| Untracked 
|  62|0x0000000611c00000, 0x0000000611c00000, 0x0000000612000000|  0%| F|  |TAMS 0x0000000611c00000, 0x0000000611c00000| Untracked 
|  63|0x0000000612000000, 0x0000000612000000, 0x0000000612400000|  0%| F|  |TAMS 0x0000000612000000, 0x0000000612000000| Untracked 
|  64|0x0000000612400000, 0x0000000612400000, 0x0000000612800000|  0%| F|  |TAMS 0x0000000612400000, 0x0000000612400000| Untracked 
|  65|0x0000000612800000, 0x0000000612800000, 0x0000000612c00000|  0%| F|  |TAMS 0x0000000612800000, 0x0000000612800000| Untracked 
|  66|0x0000000612c00000, 0x0000000612c00000, 0x0000000613000000|  0%| F|  |TAMS 0x0000000612c00000, 0x0000000612c00000| Untracked 
|  67|0x0000000613000000, 0x0000000613000000, 0x0000000613400000|  0%| F|  |TAMS 0x0000000613000000, 0x0000000613000000| Untracked 
|  68|0x0000000613400000, 0x0000000613400000, 0x0000000613800000|  0%| F|  |TAMS 0x0000000613400000, 0x0000000613400000| Untracked 
|  69|0x0000000613800000, 0x0000000613800000, 0x0000000613c00000|  0%| F|  |TAMS 0x0000000613800000, 0x0000000613800000| Untracked 
|  70|0x0000000613c00000, 0x0000000613c00000, 0x0000000614000000|  0%| F|  |TAMS 0x0000000613c00000, 0x0000000613c00000| Untracked 
|  71|0x0000000614000000, 0x0000000614000000, 0x0000000614400000|  0%| F|  |TAMS 0x0000000614000000, 0x0000000614000000| Untracked 
|  72|0x0000000614400000, 0x0000000614400000, 0x0000000614800000|  0%| F|  |TAMS 0x0000000614400000, 0x0000000614400000| Untracked 
|  73|0x0000000614800000, 0x0000000614800000, 0x0000000614c00000|  0%| F|  |TAMS 0x0000000614800000, 0x0000000614800000| Untracked 
|  74|0x0000000614c00000, 0x0000000614c00000, 0x0000000615000000|  0%| F|  |TAMS 0x0000000614c00000, 0x0000000614c00000| Untracked 
|  75|0x0000000615000000, 0x0000000615000000, 0x0000000615400000|  0%| F|  |TAMS 0x0000000615000000, 0x0000000615000000| Untracked 
|  76|0x0000000615400000, 0x0000000615400000, 0x0000000615800000|  0%| F|  |TAMS 0x0000000615400000, 0x0000000615400000| Untracked 
|  77|0x0000000615800000, 0x0000000615800000, 0x0000000615c00000|  0%| F|  |TAMS 0x0000000615800000, 0x0000000615800000| Untracked 
|  78|0x0000000615c00000, 0x0000000615c00000, 0x0000000616000000|  0%| F|  |TAMS 0x0000000615c00000, 0x0000000615c00000| Untracked 
|  79|0x0000000616000000, 0x0000000616000000, 0x0000000616400000|  0%| F|  |TAMS 0x0000000616000000, 0x0000000616000000| Untracked 
|  80|0x0000000616400000, 0x0000000616400000, 0x0000000616800000|  0%| F|  |TAMS 0x0000000616400000, 0x0000000616400000| Untracked 
|  81|0x0000000616800000, 0x0000000616800000, 0x0000000616c00000|  0%| F|  |TAMS 0x0000000616800000, 0x0000000616800000| Untracked 
|  82|0x0000000616c00000, 0x0000000616c00000, 0x0000000617000000|  0%| F|  |TAMS 0x0000000616c00000, 0x0000000616c00000| Untracked 
|  83|0x0000000617000000, 0x0000000617000000, 0x0000000617400000|  0%| F|  |TAMS 0x0000000617000000, 0x0000000617000000| Untracked 
|  84|0x0000000617400000, 0x0000000617400000, 0x0000000617800000|  0%| F|  |TAMS 0x0000000617400000, 0x0000000617400000| Untracked 
|  85|0x0000000617800000, 0x0000000617800000, 0x0000000617c00000|  0%| F|  |TAMS 0x0000000617800000, 0x0000000617800000| Untracked 
|  86|0x0000000617c00000, 0x0000000617c00000, 0x0000000618000000|  0%| F|  |TAMS 0x0000000617c00000, 0x0000000617c00000| Untracked 
|  87|0x0000000618000000, 0x0000000618000000, 0x0000000618400000|  0%| F|  |TAMS 0x0000000618000000, 0x0000000618000000| Untracked 
|  88|0x0000000618400000, 0x0000000618400000, 0x0000000618800000|  0%| F|  |TAMS 0x0000000618400000, 0x0000000618400000| Untracked 
|  89|0x0000000618800000, 0x0000000618800000, 0x0000000618c00000|  0%| F|  |TAMS 0x0000000618800000, 0x0000000618800000| Untracked 
|  90|0x0000000618c00000, 0x0000000618c00000, 0x0000000619000000|  0%| F|  |TAMS 0x0000000618c00000, 0x0000000618c00000| Untracked 
|  91|0x0000000619000000, 0x0000000619000000, 0x0000000619400000|  0%| F|  |TAMS 0x0000000619000000, 0x0000000619000000| Untracked 
|  92|0x0000000619400000, 0x0000000619400000, 0x0000000619800000|  0%| F|  |TAMS 0x0000000619400000, 0x0000000619400000| Untracked 
|  93|0x0000000619800000, 0x0000000619800000, 0x0000000619c00000|  0%| F|  |TAMS 0x0000000619800000, 0x0000000619800000| Untracked 
|  94|0x0000000619c00000, 0x0000000619c00000, 0x000000061a000000|  0%| F|  |TAMS 0x0000000619c00000, 0x0000000619c00000| Untracked 
|  95|0x000000061a000000, 0x000000061a000000, 0x000000061a400000|  0%| F|  |TAMS 0x000000061a000000, 0x000000061a000000| Untracked 
|  96|0x000000061a400000, 0x000000061a400000, 0x000000061a800000|  0%| F|  |TAMS 0x000000061a400000, 0x000000061a400000| Untracked 
|  97|0x000000061a800000, 0x000000061a800000, 0x000000061ac00000|  0%| F|  |TAMS 0x000000061a800000, 0x000000061a800000| Untracked 
|  98|0x000000061ac00000, 0x000000061ac00000, 0x000000061b000000|  0%| F|  |TAMS 0x000000061ac00000, 0x000000061ac00000| Untracked 
|  99|0x000000061b000000, 0x000000061b000000, 0x000000061b400000|  0%| F|  |TAMS 0x000000061b000000, 0x000000061b000000| Untracked 
| 100|0x000000061b400000, 0x000000061b400000, 0x000000061b800000|  0%| F|  |TAMS 0x000000061b400000, 0x000000061b400000| Untracked 
| 101|0x000000061b800000, 0x000000061b800000, 0x000000061bc00000|  0%| F|  |TAMS 0x000000061b800000, 0x000000061b800000| Untracked 
| 102|0x000000061bc00000, 0x000000061bc00000, 0x000000061c000000|  0%| F|  |TAMS 0x000000061bc00000, 0x000000061bc00000| Untracked 
| 103|0x000000061c000000, 0x000000061c000000, 0x000000061c400000|  0%| F|  |TAMS 0x000000061c000000, 0x000000061c000000| Untracked 
| 104|0x000000061c400000, 0x000000061c800000, 0x000000061c800000|100%| S|CS|TAMS 0x000000061c400000, 0x000000061c400000| Complete 
| 105|0x000000061c800000, 0x000000061cc00000, 0x000000061cc00000|100%| S|CS|TAMS 0x000000061c800000, 0x000000061c800000| Complete 
| 106|0x000000061cc00000, 0x000000061d000000, 0x000000061d000000|100%| S|CS|TAMS 0x000000061cc00000, 0x000000061cc00000| Complete 
| 107|0x000000061d000000, 0x000000061d400000, 0x000000061d400000|100%| S|CS|TAMS 0x000000061d000000, 0x000000061d000000| Complete 
| 108|0x000000061d400000, 0x000000061d400000, 0x000000061d800000|  0%| F|  |TAMS 0x000000061d400000, 0x000000061d400000| Untracked 
| 109|0x000000061d800000, 0x000000061d800000, 0x000000061dc00000|  0%| F|  |TAMS 0x000000061d800000, 0x000000061d800000| Untracked 
| 110|0x000000061dc00000, 0x000000061dc00000, 0x000000061e000000|  0%| F|  |TAMS 0x000000061dc00000, 0x000000061dc00000| Untracked 
| 111|0x000000061e000000, 0x000000061e000000, 0x000000061e400000|  0%| F|  |TAMS 0x000000061e000000, 0x000000061e000000| Untracked 
| 112|0x000000061e400000, 0x000000061e400000, 0x000000061e800000|  0%| F|  |TAMS 0x000000061e400000, 0x000000061e400000| Untracked 
| 113|0x000000061e800000, 0x000000061e800000, 0x000000061ec00000|  0%| F|  |TAMS 0x000000061e800000, 0x000000061e800000| Untracked 
| 114|0x000000061ec00000, 0x000000061ec00000, 0x000000061f000000|  0%| F|  |TAMS 0x000000061ec00000, 0x000000061ec00000| Untracked 
| 115|0x000000061f000000, 0x000000061f000000, 0x000000061f400000|  0%| F|  |TAMS 0x000000061f000000, 0x000000061f000000| Untracked 
| 116|0x000000061f400000, 0x000000061f400000, 0x000000061f800000|  0%| F|  |TAMS 0x000000061f400000, 0x000000061f400000| Untracked 
| 117|0x000000061f800000, 0x000000061f800000, 0x000000061fc00000|  0%| F|  |TAMS 0x000000061f800000, 0x000000061f800000| Untracked 
| 118|0x000000061fc00000, 0x000000061fc00000, 0x0000000620000000|  0%| F|  |TAMS 0x000000061fc00000, 0x000000061fc00000| Untracked 
| 119|0x0000000620000000, 0x0000000620000000, 0x0000000620400000|  0%| F|  |TAMS 0x0000000620000000, 0x0000000620000000| Untracked 
| 120|0x0000000620400000, 0x0000000620400000, 0x0000000620800000|  0%| F|  |TAMS 0x0000000620400000, 0x0000000620400000| Untracked 
| 121|0x0000000620800000, 0x0000000620800000, 0x0000000620c00000|  0%| F|  |TAMS 0x0000000620800000, 0x0000000620800000| Untracked 
| 122|0x0000000620c00000, 0x0000000620c00000, 0x0000000621000000|  0%| F|  |TAMS 0x0000000620c00000, 0x0000000620c00000| Untracked 
| 123|0x0000000621000000, 0x0000000621000000, 0x0000000621400000|  0%| F|  |TAMS 0x0000000621000000, 0x0000000621000000| Untracked 
| 124|0x0000000621400000, 0x0000000621400000, 0x0000000621800000|  0%| F|  |TAMS 0x0000000621400000, 0x0000000621400000| Untracked 
| 125|0x0000000621800000, 0x0000000621800000, 0x0000000621c00000|  0%| F|  |TAMS 0x0000000621800000, 0x0000000621800000| Untracked 
| 126|0x0000000621c00000, 0x0000000621c00000, 0x0000000622000000|  0%| F|  |TAMS 0x0000000621c00000, 0x0000000621c00000| Untracked 
| 127|0x0000000622000000, 0x0000000622000000, 0x0000000622400000|  0%| F|  |TAMS 0x0000000622000000, 0x0000000622000000| Untracked 
| 128|0x0000000622400000, 0x0000000622400000, 0x0000000622800000|  0%| F|  |TAMS 0x0000000622400000, 0x0000000622400000| Untracked 
| 129|0x0000000622800000, 0x0000000622800000, 0x0000000622c00000|  0%| F|  |TAMS 0x0000000622800000, 0x0000000622800000| Untracked 
| 130|0x0000000622c00000, 0x0000000622f0a080, 0x0000000623000000| 75%| E|  |TAMS 0x0000000622c00000, 0x0000000622c00000| Complete 

Card table byte_map: [0x00000218d0c70000,0x00000218d1c60000] _byte_map_base: 0x00000218cdc5e000

Marking Bits (Prev, Next): (CMBitMap*) 0x00000218bb0e3720, (CMBitMap*) 0x00000218bb0e3760
 Prev Bits: [0x00000218d2c50000, 0x00000218dabc0000)
 Next Bits: [0x00000218dabc0000, 0x00000218e2b30000)

Polling page: 0x00000218bb0f0000

Metaspace:

Usage:
  Non-class:     34.28 MB used.
      Class:      5.21 MB used.
       Both:     39.49 MB used.

Virtual space:
  Non-class space:       64.00 MB reserved,      34.50 MB ( 54%) committed,  1 nodes.
      Class space:        1.00 GB reserved,       5.38 MB ( <1%) committed,  1 nodes.
             Both:        1.06 GB reserved,      39.88 MB (  4%) committed. 

Chunk freelists:
   Non-Class:  13.47 MB
       Class:  10.66 MB
        Both:  24.13 MB

MaxMetaspaceSize: unlimited
CompressedClassSpaceSize: 1.00 GB
Initial GC threshold: 21.00 MB
Current GC threshold: 51.50 MB
CDS: on
MetaspaceReclaimPolicy: balanced
 - commit_granule_bytes: 65536.
 - commit_granule_words: 8192.
 - virtual_space_node_default_size: 8388608.
 - enlarge_chunks_in_place: 1.
 - new_chunks_are_fully_committed: 0.
 - uncommit_free_chunks: 1.
 - use_allocation_guard: 0.
 - handle_deallocations: 1.


Internal statistics:

num_allocs_failed_limit: 3.
num_arena_births: 470.
num_arena_deaths: 0.
num_vsnodes_births: 2.
num_vsnodes_deaths: 0.
num_space_committed: 638.
num_space_uncommitted: 0.
num_chunks_returned_to_freelist: 3.
num_chunks_taken_from_freelist: 1704.
num_chunk_merges: 3.
num_chunk_splits: 1249.
num_chunks_enlarged: 965.
num_inconsistent_stats: 0.

CodeHeap 'non-profiled nmethods': size=120000Kb used=5572Kb max_used=5572Kb free=114428Kb
 bounds [0x00000218c7ac0000, 0x00000218c8040000, 0x00000218ceff0000]
CodeHeap 'profiled nmethods': size=120000Kb used=14811Kb max_used=15044Kb free=105188Kb
 bounds [0x00000218bfff0000, 0x00000218c0eb0000, 0x00000218c7520000]
CodeHeap 'non-nmethods': size=5760Kb used=1591Kb max_used=1655Kb free=4168Kb
 bounds [0x00000218c7520000, 0x00000218c7790000, 0x00000218c7ac0000]
 total_blobs=8220 nmethods=7237 adapters=895
 compilation: enabled
              stopped_count=0, restarted_count=0
 full_count=0

Compilation events (20 events):
Event: 137.229 Thread 0x0000021934c484f0 8653       4       com.sun.scenario.effect.impl.state.GaussianRenderState::getGaussianWeights (192 bytes)
Event: 137.244 Thread 0x00000218e2dbb780 8661       3       javafx.scene.control.skin.ScrollBarSkin$$Lambda$706/0x00000218e7430920::accept (12 bytes)
Event: 137.244 Thread 0x00000218e2dbb780 nmethod 8661 0x00000218c0672390 code [0x00000218c0672540, 0x00000218c06727e8]
Event: 137.244 Thread 0x00000218e2dbb780 8662       3       javafx.scene.control.skin.ScrollBarSkin::lambda$new$1 (5 bytes)
Event: 137.244 Thread 0x00000218e2dbb780 nmethod 8662 0x00000218c0520a10 code [0x00000218c0520bc0, 0x00000218c0520d08]
Event: 137.245 Thread 0x00000218e2dbb780 8663       3       javafx.scene.control.skin.VirtualFlow::layoutChildren (1151 bytes)
Event: 137.249 Thread 0x00000218e2dbb780 nmethod 8663 0x00000218c0793510 code [0x00000218c07940c0, 0x00000218c079cc08]
Event: 137.252 Thread 0x0000021934c484f0 nmethod 8653 0x00000218c7e57190 code [0x00000218c7e57460, 0x00000218c7e596a0]
Event: 137.252 Thread 0x0000021934c484f0 8656       4       javafx.scene.Node::reapplyCSS (92 bytes)
Event: 137.315 Thread 0x00000218e2db8030 nmethod 8651 0x00000218c800d910 code [0x00000218c800e020, 0x00000218c80166a8]
Event: 137.315 Thread 0x00000218e2db8030 8660       4       javafx.scene.layout.Region::snapSizeX (10 bytes)
Event: 137.317 Thread 0x00000218e2db8030 nmethod 8660 0x00000218c7e56790 code [0x00000218c7e56960, 0x00000218c7e56d38]
Event: 137.317 Thread 0x00000218e2db8030 8652       4       javafx.scene.control.skin.LabeledSkinBase::computeMaxHeight (12 bytes)
Event: 137.326 Thread 0x00000218e2dbb780 8665       3       com.sun.javafx.sg.prism.NGNode::setVisible (18 bytes)
Event: 137.327 Thread 0x00000218e2dbb780 nmethod 8665 0x00000218c0792f90 code [0x00000218c0793140, 0x00000218c07933e8]
Event: 137.368 Thread 0x00000218e2db8030 nmethod 8652 0x00000218c8020990 code [0x00000218c8020f20, 0x00000218c8025890]
Event: 137.368 Thread 0x00000218e2db8030 8664       4       java.util.concurrent.atomic.AtomicInteger::incrementAndGet (14 bytes)
Event: 137.368 Thread 0x00000218e2db8030 nmethod 8664 0x00000218c7e6d290 code [0x00000218c7e6d400, 0x00000218c7e6d498]
Event: 137.368 Thread 0x00000218e2db8030 8666       4       com.sun.scenario.effect.impl.prism.ps.PPSLinearConvolveShadowPeer::getShadowColor (11 bytes)
Event: 137.370 Thread 0x00000218e2db8030 nmethod 8666 0x00000218c7e56110 code [0x00000218c7e562c0, 0x00000218c7e565b8]

GC Heap History (20 events):
Event: 76.735 GC heap before
{Heap before GC invocations=13 (full 0):
 garbage-first heap   total 303104K, used 201779K [0x0000000602400000, 0x0000000800000000)
  region size 4096K, 10 young (40960K), 2 survivors (8192K)
 Metaspace       used 30934K, committed 31232K, reserved 1114112K
  class space    used 4176K, committed 4352K, reserved 1048576K
}
Event: 76.739 GC heap after
{Heap after GC invocations=14 (full 0):
 garbage-first heap   total 303104K, used 202762K [0x0000000602400000, 0x0000000800000000)
  region size 4096K, 2 young (8192K), 2 survivors (8192K)
 Metaspace       used 30934K, committed 31232K, reserved 1114112K
  class space    used 4176K, committed 4352K, reserved 1048576K
}
Event: 78.366 GC heap before
{Heap before GC invocations=15 (full 0):
 garbage-first heap   total 315392K, used 198666K [0x0000000602400000, 0x0000000800000000)
  region size 4096K, 7 young (28672K), 2 survivors (8192K)
 Metaspace       used 30984K, committed 31296K, reserved 1114112K
  class space    used 4176K, committed 4352K, reserved 1048576K
}
Event: 78.368 GC heap after
{Heap after GC invocations=16 (full 0):
 garbage-first heap   total 315392K, used 202763K [0x0000000602400000, 0x0000000800000000)
  region size 4096K, 1 young (4096K), 1 survivors (4096K)
 Metaspace       used 30984K, committed 31296K, reserved 1114112K
  class space    used 4176K, committed 4352K, reserved 1048576K
}
Event: 79.570 GC heap before
{Heap before GC invocations=16 (full 0):
 garbage-first heap   total 315392K, used 206859K [0x0000000602400000, 0x0000000800000000)
  region size 4096K, 3 young (12288K), 1 survivors (4096K)
 Metaspace       used 30987K, committed 31296K, reserved 1114112K
  class space    used 4176K, committed 4352K, reserved 1048576K
}
Event: 79.572 GC heap after
{Heap after GC invocations=17 (full 0):
 garbage-first heap   total 315392K, used 177154K [0x0000000602400000, 0x0000000800000000)
  region size 4096K, 1 young (4096K), 1 survivors (4096K)
 Metaspace       used 30987K, committed 31296K, reserved 1114112K
  class space    used 4176K, committed 4352K, reserved 1048576K
}
Event: 79.590 GC heap before
{Heap before GC invocations=17 (full 0):
 garbage-first heap   total 315392K, used 181250K [0x0000000602400000, 0x0000000800000000)
  region size 4096K, 3 young (12288K), 1 survivors (4096K)
 Metaspace       used 30993K, committed 31296K, reserved 1114112K
  class space    used 4176K, committed 4352K, reserved 1048576K
}
Event: 79.592 GC heap after
{Heap after GC invocations=18 (full 0):
 garbage-first heap   total 315392K, used 154963K [0x0000000602400000, 0x0000000800000000)
  region size 4096K, 1 young (4096K), 1 survivors (4096K)
 Metaspace       used 30993K, committed 31296K, reserved 1114112K
  class space    used 4176K, committed 4352K, reserved 1048576K
}
Event: 79.943 GC heap before
{Heap before GC invocations=18 (full 0):
 garbage-first heap   total 315392K, used 159059K [0x0000000602400000, 0x0000000800000000)
  region size 4096K, 3 young (12288K), 1 survivors (4096K)
 Metaspace       used 30996K, committed 31296K, reserved 1114112K
  class space    used 4176K, committed 4352K, reserved 1048576K
}
Event: 79.944 GC heap after
{Heap after GC invocations=19 (full 0):
 garbage-first heap   total 315392K, used 156674K [0x0000000602400000, 0x0000000800000000)
  region size 4096K, 1 young (4096K), 1 survivors (4096K)
 Metaspace       used 30996K, committed 31296K, reserved 1114112K
  class space    used 4176K, committed 4352K, reserved 1048576K
}
Event: 83.155 GC heap before
{Heap before GC invocations=19 (full 0):
 garbage-first heap   total 315392K, used 193538K [0x0000000602400000, 0x0000000800000000)
  region size 4096K, 11 young (45056K), 1 survivors (4096K)
 Metaspace       used 31341K, committed 31616K, reserved 1114112K
  class space    used 4237K, committed 4352K, reserved 1048576K
}
Event: 83.157 GC heap after
{Heap after GC invocations=20 (full 0):
 garbage-first heap   total 315392K, used 193615K [0x0000000602400000, 0x0000000800000000)
  region size 4096K, 2 young (8192K), 2 survivors (8192K)
 Metaspace       used 31341K, committed 31616K, reserved 1114112K
  class space    used 4237K, committed 4352K, reserved 1048576K
}
Event: 83.227 GC heap before
{Heap before GC invocations=21 (full 0):
 garbage-first heap   total 335872K, used 218191K [0x0000000602400000, 0x0000000800000000)
  region size 4096K, 9 young (36864K), 2 survivors (8192K)
 Metaspace       used 31352K, committed 31616K, reserved 1114112K
  class space    used 4237K, committed 4352K, reserved 1048576K
}
Event: 83.229 GC heap after
{Heap after GC invocations=22 (full 0):
 garbage-first heap   total 536576K, used 222236K [0x0000000602400000, 0x0000000800000000)
  region size 4096K, 2 young (8192K), 2 survivors (8192K)
 Metaspace       used 31352K, committed 31616K, reserved 1114112K
  class space    used 4237K, committed 4352K, reserved 1048576K
}
Event: 83.859 GC heap before
{Heap before GC invocations=22 (full 0):
 garbage-first heap   total 536576K, used 234524K [0x0000000602400000, 0x0000000800000000)
  region size 4096K, 6 young (24576K), 2 survivors (8192K)
 Metaspace       used 31365K, committed 31616K, reserved 1114112K
  class space    used 4237K, committed 4352K, reserved 1048576K
}
Event: 83.861 GC heap after
{Heap after GC invocations=23 (full 0):
 garbage-first heap   total 536576K, used 181252K [0x0000000602400000, 0x0000000800000000)
  region size 4096K, 1 young (4096K), 1 survivors (4096K)
 Metaspace       used 31365K, committed 31616K, reserved 1114112K
  class space    used 4237K, committed 4352K, reserved 1048576K
}
Event: 83.908 GC heap before
{Heap before GC invocations=23 (full 0):
 garbage-first heap   total 536576K, used 197636K [0x0000000602400000, 0x0000000800000000)
  region size 4096K, 6 young (24576K), 1 survivors (4096K)
 Metaspace       used 31391K, committed 31616K, reserved 1114112K
  class space    used 4237K, committed 4352K, reserved 1048576K
}
Event: 83.910 GC heap after
{Heap after GC invocations=24 (full 0):
 garbage-first heap   total 536576K, used 174274K [0x0000000602400000, 0x0000000800000000)
  region size 4096K, 1 young (4096K), 1 survivors (4096K)
 Metaspace       used 31391K, committed 31616K, reserved 1114112K
  class space    used 4237K, committed 4352K, reserved 1048576K
}
Event: 135.214 GC heap before
{Heap before GC invocations=24 (full 0):
 garbage-first heap   total 536576K, used 280770K [0x0000000602400000, 0x0000000800000000)
  region size 4096K, 28 young (114688K), 1 survivors (4096K)
 Metaspace       used 40320K, committed 40704K, reserved 1114112K
  class space    used 5332K, committed 5504K, reserved 1048576K
}
Event: 135.219 GC heap after
{Heap after GC invocations=25 (full 0):
 garbage-first heap   total 536576K, used 226433K [0x0000000602400000, 0x0000000800000000)
  region size 4096K, 4 young (16384K), 4 survivors (16384K)
 Metaspace       used 40320K, committed 40704K, reserved 1114112K
  class space    used 5332K, committed 5504K, reserved 1048576K
}

Dll operation events (3 events):
Event: 0.003 Loaded shared library C:\Users\Mega-PC\.jdks\jbr-17.0.12\bin\java.dll
Event: 0.016 Loaded shared library C:\Users\Mega-PC\.jdks\jbr-17.0.12\bin\jsvml.dll
Event: 12.396 Loaded shared library C:\Users\Mega-PC\.jdks\jbr-17.0.12\bin\verify.dll

Deoptimization events (20 events):
Event: 135.192 Thread 0x000002192b74f7a0 Uncommon trap: trap_request=0xffffffbe fr.pc=0x00000218c7e7e424 relative=0x0000000000000b24
Event: 135.192 Thread 0x000002192b74f7a0 Uncommon trap: reason=profile_predicate action=maybe_recompile pc=0x00000218c7e7e424 method=java.util.TreeMap.getEntry(Ljava/lang/Object;)Ljava/util/TreeMap$Entry; @ 29 c2
Event: 135.192 Thread 0x000002192b74f7a0 DEOPT PACKING pc=0x00000218c7e7e424 sp=0x0000004be9df91e0
Event: 135.192 Thread 0x000002192b74f7a0 DEOPT UNPACKING pc=0x00000218c75769a3 sp=0x0000004be9df9188 mode 2
Event: 135.192 Thread 0x000002192b74f7a0 Uncommon trap: trap_request=0xffffffbe fr.pc=0x00000218c7e7e424 relative=0x0000000000000b24
Event: 135.192 Thread 0x000002192b74f7a0 Uncommon trap: reason=profile_predicate action=maybe_recompile pc=0x00000218c7e7e424 method=java.util.TreeMap.getEntry(Ljava/lang/Object;)Ljava/util/TreeMap$Entry; @ 29 c2
Event: 135.192 Thread 0x000002192b74f7a0 DEOPT PACKING pc=0x00000218c7e7e424 sp=0x0000004be9df91e0
Event: 135.192 Thread 0x000002192b74f7a0 DEOPT UNPACKING pc=0x00000218c75769a3 sp=0x0000004be9df9188 mode 2
Event: 135.192 Thread 0x000002192b74f7a0 Uncommon trap: trap_request=0xffffffbe fr.pc=0x00000218c7e7e424 relative=0x0000000000000b24
Event: 135.192 Thread 0x000002192b74f7a0 Uncommon trap: reason=profile_predicate action=maybe_recompile pc=0x00000218c7e7e424 method=java.util.TreeMap.getEntry(Ljava/lang/Object;)Ljava/util/TreeMap$Entry; @ 29 c2
Event: 135.192 Thread 0x000002192b74f7a0 DEOPT PACKING pc=0x00000218c7e7e424 sp=0x0000004be9df91e0
Event: 135.192 Thread 0x000002192b74f7a0 DEOPT UNPACKING pc=0x00000218c75769a3 sp=0x0000004be9df9188 mode 2
Event: 135.192 Thread 0x000002192b74f7a0 Uncommon trap: trap_request=0xffffffbe fr.pc=0x00000218c7e7e424 relative=0x0000000000000b24
Event: 135.192 Thread 0x000002192b74f7a0 Uncommon trap: reason=profile_predicate action=maybe_recompile pc=0x00000218c7e7e424 method=java.util.TreeMap.getEntry(Ljava/lang/Object;)Ljava/util/TreeMap$Entry; @ 29 c2
Event: 135.192 Thread 0x000002192b74f7a0 DEOPT PACKING pc=0x00000218c7e7e424 sp=0x0000004be9df91e0
Event: 135.192 Thread 0x000002192b74f7a0 DEOPT UNPACKING pc=0x00000218c75769a3 sp=0x0000004be9df9188 mode 2
Event: 135.374 Thread 0x000002192b74f7a0 Uncommon trap: trap_request=0xffffff5c fr.pc=0x00000218c7d8c01c relative=0x0000000000000d3c
Event: 135.374 Thread 0x000002192b74f7a0 Uncommon trap: reason=speculate_null_check action=make_not_entrant pc=0x00000218c7d8c01c method=java.util.concurrent.locks.AbstractQueuedSynchronizer.acquire(Ljava/util/concurrent/locks/AbstractQueuedSynchronizer$Node;IZZZJ)I @ 254 c2
Event: 135.374 Thread 0x000002192b74f7a0 DEOPT PACKING pc=0x00000218c7d8c01c sp=0x0000004be9dfe440
Event: 135.374 Thread 0x000002192b74f7a0 DEOPT UNPACKING pc=0x00000218c75769a3 sp=0x0000004be9dfe3d0 mode 2

Classes loaded (20 events):
Event: 134.880 Loading class sun/security/ssl/NewSessionTicket$T13NewSessionTicketMessage
Event: 134.880 Loading class sun/security/ssl/NewSessionTicket$NewSessionTicketMessage
Event: 134.880 Loading class sun/security/ssl/NewSessionTicket$NewSessionTicketMessage done
Event: 134.880 Loading class sun/security/ssl/NewSessionTicket$T13NewSessionTicketMessage done
Event: 134.990 Loading class java/net/Authenticator$RequestorType
Event: 134.990 Loading class java/net/Authenticator$RequestorType done
Event: 134.990 Loading class java/net/Authenticator
Event: 134.990 Loading class java/net/Authenticator done
Event: 134.990 Loading class sun/net/www/protocol/http/AuthenticatorKeys$AuthenticatorKeyAccess
Event: 134.990 Loading class sun/net/www/protocol/http/AuthenticatorKeys$AuthenticatorKeyAccess done
Event: 134.990 Loading class sun/net/www/protocol/http/AuthenticatorKeys
Event: 134.990 Loading class sun/net/www/protocol/http/AuthenticatorKeys done
Event: 134.994 Loading class org/w3c/dom/Node
Event: 134.994 Loading class org/w3c/dom/Node done
Event: 134.994 Loading class org/w3c/dom/Document
Event: 134.994 Loading class org/w3c/dom/Document done
Event: 134.998 Loading class sun/reflect/generics/tree/IntSignature
Event: 134.998 Loading class sun/reflect/generics/tree/IntSignature done
Event: 135.002 Loading class sun/reflect/generics/repository/FieldRepository
Event: 135.002 Loading class sun/reflect/generics/repository/FieldRepository done

Classes unloaded (0 events):
No events

Classes redefined (0 events):
No events

Internal exceptions (20 events):
Event: 71.411 Thread 0x000002192b74f7a0 Implicit null exception at 0x00000218c7cb7c80 to 0x00000218c7cb8ab0
Event: 74.548 Thread 0x000002192b376cc0 Implicit null exception at 0x00000218c7dc31dc to 0x00000218c7dc3254
Event: 74.548 Thread 0x000002192b376cc0 Implicit null exception at 0x00000218c7d8caac to 0x00000218c7d8cb28
Event: 75.886 Thread 0x000002192b376cc0 Implicit null exception at 0x00000218c7dcfa23 to 0x00000218c7dcff23
Event: 76.700 Thread 0x000002192b74f7a0 Exception <a 'java/lang/NoSuchMethodError'{0x000000061346f548}: 'java.lang.Object java.lang.invoke.DirectMethodHandle$Holder.newInvokeSpecial(java.lang.Object, java.lang.Object, java.lang.Object, double, double, double, double, int, int, int, int, int, int, int, int, int)'> (0x000000061346f548) 
thrown [s\src\hotspot\share\interpreter\linkResolver.cpp, line 771]
Event: 134.539 Thread 0x000002192b74f7a0 Exception <a 'java/lang/NoClassDefFoundError'{0x000000061f61cd68}: org/apache/log4j/Priority> (0x000000061f61cd68) 
thrown [s\src\hotspot\share\classfile\systemDictionary.cpp, line 245]
Event: 134.551 Thread 0x000002192b74f7a0 Exception <a 'java/lang/NoSuchMethodError'{0x000000061f710cc0}: 'int java.lang.invoke.DirectMethodHandle$Holder.invokeStatic(java.lang.Object, java.lang.Object, java.lang.Object, java.lang.Object)'> (0x000000061f710cc0) 
thrown [s\src\hotspot\share\interpreter\linkResolver.cpp, line 771]
Event: 134.552 Thread 0x000002192b74f7a0 Exception <a 'java/lang/NoSuchMethodError'{0x000000061f715408}: 'int java.lang.invoke.DirectMethodHandle$Holder.invokeStaticInit(java.lang.Object, java.lang.Object, java.lang.Object, java.lang.Object)'> (0x000000061f715408) 
thrown [s\src\hotspot\share\interpreter\linkResolver.cpp, line 771]
Event: 134.552 Thread 0x000002192b74f7a0 Exception <a 'java/lang/IncompatibleClassChangeError'{0x000000061f71efc0}: Found class java.lang.Object, but interface was expected> (0x000000061f71efc0) 
thrown [s\src\hotspot\share\interpreter\linkResolver.cpp, line 838]
Event: 134.627 Thread 0x000002192b74f7a0 Exception <a 'java/lang/ClassNotFoundException'{0x000000061e842718}: javax/smartcardio/CardPermission> (0x000000061e842718) 
thrown [s\src\hotspot\share\classfile\systemDictionary.cpp, line 256]
Event: 134.627 Thread 0x000002192b74f7a0 Exception <a 'java/io/FileNotFoundException'{0x000000061e851840}> (0x000000061e851840) 
thrown [s\src\hotspot\share\prims\jni.cpp, line 531]
Event: 134.630 Thread 0x000002192b74f7a0 Exception <a 'java/lang/NoSuchMethodError'{0x000000061e88c508}: 'java.lang.Object java.lang.invoke.DirectMethodHandle$Holder.invokeSpecial(java.lang.Object, java.lang.Object, java.lang.Object, long, java.lang.Object)'> (0x000000061e88c508) 
thrown [s\src\hotspot\share\interpreter\linkResolver.cpp, line 771]
Event: 134.630 Thread 0x000002192b74f7a0 Exception <a 'java/lang/NoSuchMethodError'{0x000000061e8908d0}: 'java.lang.Object java.lang.invoke.Invokers$Holder.linkToTargetMethod(java.lang.Object, long, java.lang.Object, java.lang.Object)'> (0x000000061e8908d0) 
thrown [s\src\hotspot\share\interpreter\linkResolver.cpp, line 771]
Event: 134.643 Thread 0x000002192b74f7a0 Exception <a 'java/lang/NoSuchMethodError'{0x000000061ea220c0}: 'java.lang.Object java.lang.invoke.DirectMethodHandle$Holder.invokeStaticInit(java.lang.Object, java.lang.Object, java.lang.Object)'> (0x000000061ea220c0) 
thrown [s\src\hotspot\share\interpreter\linkResolver.cpp, line 771]
Event: 134.646 Thread 0x000002192b74f7a0 Exception <a 'java/lang/NoSuchMethodError'{0x000000061ea765f8}: 'long java.lang.invoke.DirectMethodHandle$Holder.invokeSpecial(java.lang.Object, java.lang.Object)'> (0x000000061ea765f8) 
thrown [s\src\hotspot\share\interpreter\linkResolver.cpp, line 771]
Event: 134.646 Thread 0x000002192b74f7a0 Exception <a 'java/lang/NoSuchMethodError'{0x000000061ea81eb0}: 'long java.lang.invoke.DirectMethodHandle$Holder.invokeStatic(java.lang.Object, java.lang.Object)'> (0x000000061ea81eb0) 
thrown [s\src\hotspot\share\interpreter\linkResolver.cpp, line 771]
Event: 134.646 Thread 0x000002192b74f7a0 Exception <a 'java/lang/NoSuchMethodError'{0x000000061ea85ca8}: 'long java.lang.invoke.DirectMethodHandle$Holder.invokeStaticInit(java.lang.Object, java.lang.Object)'> (0x000000061ea85ca8) 
thrown [s\src\hotspot\share\interpreter\linkResolver.cpp, line 771]
Event: 134.647 Thread 0x000002192b74f7a0 Exception <a 'java/lang/NoSuchMethodError'{0x000000061ea94008}: 'long java.lang.invoke.DirectMethodHandle$Holder.invokeInterface(java.lang.Object, java.lang.Object)'> (0x000000061ea94008) 
thrown [s\src\hotspot\share\interpreter\linkResolver.cpp, line 771]
Event: 134.647 Thread 0x000002192b74f7a0 Exception <a 'java/lang/IncompatibleClassChangeError'{0x000000061ea97d90}: Found class java.lang.Object, but interface was expected> (0x000000061ea97d90) 
thrown [s\src\hotspot\share\interpreter\linkResolver.cpp, line 838]
Event: 134.836 Thread 0x000002192b74f7a0 Implicit null exception at 0x00000218c7f36b8c to 0x00000218c7f36d3e

VM Operations (20 events):
Event: 128.245 Executing VM operation: Cleanup
Event: 128.245 Executing VM operation: Cleanup done
Event: 129.245 Executing VM operation: Cleanup
Event: 129.245 Executing VM operation: Cleanup done
Event: 134.567 Executing VM operation: HandshakeAllThreads
Event: 134.567 Executing VM operation: HandshakeAllThreads done
Event: 134.567 Executing VM operation: Cleanup
Event: 134.567 Executing VM operation: Cleanup done
Event: 134.615 Executing VM operation: HandshakeAllThreads
Event: 134.615 Executing VM operation: HandshakeAllThreads done
Event: 134.619 Executing VM operation: HandshakeAllThreads
Event: 134.619 Executing VM operation: HandshakeAllThreads done
Event: 134.657 Executing VM operation: HandshakeAllThreads
Event: 134.657 Executing VM operation: HandshakeAllThreads done
Event: 134.657 Executing VM operation: HandshakeAllThreads
Event: 134.657 Executing VM operation: HandshakeAllThreads done
Event: 135.214 Executing VM operation: G1CollectForAllocation
Event: 135.219 Executing VM operation: G1CollectForAllocation done
Event: 137.220 Executing VM operation: Cleanup
Event: 137.220 Executing VM operation: Cleanup done

Events (20 events):
Event: 112.253 Thread 0x00000218e2dbdda0 flushing nmethod 0x00000218c0bd0910
Event: 112.253 Thread 0x00000218e2dbdda0 flushing nmethod 0x00000218c0c6a610
Event: 112.253 Thread 0x00000218e2dbdda0 flushing nmethod 0x00000218c0c70790
Event: 112.253 Thread 0x00000218e2dbdda0 flushing nmethod 0x00000218c0cb7010
Event: 112.253 Thread 0x00000218e2dbdda0 flushing nmethod 0x00000218c0cc4c90
Event: 112.253 Thread 0x00000218e2dbdda0 flushing nmethod 0x00000218c0cccb90
Event: 112.253 Thread 0x00000218e2dbdda0 flushing nmethod 0x00000218c0cf6210
Event: 112.253 Thread 0x00000218e2dbdda0 flushing nmethod 0x00000218c0cf6810
Event: 112.253 Thread 0x00000218e2dbdda0 flushing nmethod 0x00000218c0d3d110
Event: 112.253 Thread 0x00000218e2dbdda0 flushing nmethod 0x00000218c0d57e10
Event: 119.851 Thread 0x0000021934c45fc0 Thread added: 0x0000021934c45fc0
Event: 120.300 Thread 0x0000021934c45fc0 Thread exited: 0x0000021934c45fc0
Event: 129.822 Thread 0x0000021934c48f90 Thread added: 0x0000021934c48f90
Event: 130.138 Thread 0x0000021934c48f90 Thread exited: 0x0000021934c48f90
Event: 134.582 Thread 0x0000021934c48a40 Thread added: 0x0000021934c48a40
Event: 134.586 Thread 0x0000021934c46a60 Thread added: 0x0000021934c46a60
Event: 134.770 Loaded shared library C:\Users\Mega-PC\.jdks\jbr-17.0.12\bin\sunmscapi.dll
Event: 135.135 Thread 0x0000021934c46a60 Thread exited: 0x0000021934c46a60
Event: 135.136 Thread 0x0000021934c48a40 Thread exited: 0x0000021934c48a40
Event: 137.229 Thread 0x0000021934c484f0 Thread added: 0x0000021934c484f0


Dynamic libraries:
0x00007ff7dac60000 - 0x00007ff7dac6a000 	C:\Users\Mega-PC\.jdks\jbr-17.0.12\bin\java.exe
0x00007fff23cb0000 - 0x00007fff23ea8000 	C:\Windows\SYSTEM32\ntdll.dll
0x00007fff23ba0000 - 0x00007fff23c62000 	C:\Windows\System32\KERNEL32.DLL
0x00007fff21460000 - 0x00007fff2175f000 	C:\Windows\System32\KERNELBASE.dll
0x00007fff217d0000 - 0x00007fff218d0000 	C:\Windows\System32\ucrtbase.dll
0x00007fff06840000 - 0x00007fff0685b000 	C:\Users\Mega-PC\.jdks\jbr-17.0.12\bin\VCRUNTIME140.dll
0x00007fff06870000 - 0x00007fff06887000 	C:\Users\Mega-PC\.jdks\jbr-17.0.12\bin\jli.dll
0x00007fff23390000 - 0x00007fff2352d000 	C:\Windows\System32\USER32.dll
0x00007fff20710000 - 0x00007fff209aa000 	C:\Windows\WinSxS\amd64_microsoft.windows.common-controls_6595b64144ccf1df_6.0.19041.4355_none_60b8b9eb71f62e16\COMCTL32.dll
0x00007fff213e0000 - 0x00007fff21402000 	C:\Windows\System32\win32u.dll
0x00007fff231f0000 - 0x00007fff2328e000 	C:\Windows\System32\msvcrt.dll
0x00007fff23120000 - 0x00007fff2314b000 	C:\Windows\System32\GDI32.dll
0x00007fff21970000 - 0x00007fff21a8a000 	C:\Windows\System32\gdi32full.dll
0x00007fff218d0000 - 0x00007fff2196d000 	C:\Windows\System32\msvcp_win.dll
0x00007fff21fc0000 - 0x00007fff21fef000 	C:\Windows\System32\IMM32.DLL
0x00007fff14fe0000 - 0x00007fff14fec000 	C:\Users\Mega-PC\.jdks\jbr-17.0.12\bin\vcruntime140_1.dll
0x00007ffef81b0000 - 0x00007ffef823d000 	C:\Users\Mega-PC\.jdks\jbr-17.0.12\bin\msvcp140.dll
0x00007ffecb440000 - 0x00007ffecc0ca000 	C:\Users\Mega-PC\.jdks\jbr-17.0.12\bin\server\jvm.dll
0x00007fff23660000 - 0x00007fff2370f000 	C:\Windows\System32\ADVAPI32.dll
0x00007fff21cf0000 - 0x00007fff21d8f000 	C:\Windows\System32\sechost.dll
0x00007fff23530000 - 0x00007fff23653000 	C:\Windows\System32\RPCRT4.dll
0x00007fff21ca0000 - 0x00007fff21cc7000 	C:\Windows\System32\bcrypt.dll
0x00007fff22620000 - 0x00007fff2268b000 	C:\Windows\System32\WS2_32.dll
0x00007fff20d10000 - 0x00007fff20d5b000 	C:\Windows\SYSTEM32\POWRPROF.dll
0x00007fff18af0000 - 0x00007fff18b17000 	C:\Windows\SYSTEM32\WINMM.dll
0x00007fff1a080000 - 0x00007fff1a08a000 	C:\Windows\SYSTEM32\VERSION.dll
0x00007fff209b0000 - 0x00007fff209c2000 	C:\Windows\SYSTEM32\UMPDC.dll
0x00007fff1e4e0000 - 0x00007fff1e4f2000 	C:\Windows\SYSTEM32\kernel.appcore.dll
0x00007fff07070000 - 0x00007fff0707a000 	C:\Users\Mega-PC\.jdks\jbr-17.0.12\bin\jimage.dll
0x00007fff20b20000 - 0x00007fff20d04000 	C:\Windows\SYSTEM32\DBGHELP.DLL
0x00007fff20ac0000 - 0x00007fff20af4000 	C:\Windows\SYSTEM32\dbgcore.DLL
0x00007fff21350000 - 0x00007fff213d2000 	C:\Windows\System32\bcryptPrimitives.dll
0x00007ffefb9c0000 - 0x00007ffefb9e5000 	C:\Users\Mega-PC\.jdks\jbr-17.0.12\bin\java.dll
0x00007ffef7c50000 - 0x00007ffef7d27000 	C:\Users\Mega-PC\.jdks\jbr-17.0.12\bin\jsvml.dll
0x00007fff22950000 - 0x00007fff230bd000 	C:\Windows\System32\SHELL32.dll
0x00007fff1ed70000 - 0x00007fff1f513000 	C:\Windows\SYSTEM32\windows.storage.dll
0x00007fff23840000 - 0x00007fff23b95000 	C:\Windows\System32\combase.dll
0x00007fff20670000 - 0x00007fff2069b000 	C:\Windows\SYSTEM32\Wldp.dll
0x00007fff22880000 - 0x00007fff2294d000 	C:\Windows\System32\OLEAUT32.dll
0x00007fff21f10000 - 0x00007fff21fbd000 	C:\Windows\System32\SHCORE.dll
0x00007fff22740000 - 0x00007fff22795000 	C:\Windows\System32\shlwapi.dll
0x00007fff21280000 - 0x00007fff212a5000 	C:\Windows\SYSTEM32\profapi.dll
0x00007ffef8ab0000 - 0x00007ffef8ac9000 	C:\Users\Mega-PC\.jdks\jbr-17.0.12\bin\net.dll
0x00007fff1a240000 - 0x00007fff1a34a000 	C:\Windows\SYSTEM32\WINHTTP.dll
0x00007fff20570000 - 0x00007fff205dc000 	C:\Windows\system32\mswsock.dll
0x00007ffef8a90000 - 0x00007ffef8aa6000 	C:\Users\Mega-PC\.jdks\jbr-17.0.12\bin\nio.dll
0x00007ffefbae0000 - 0x00007ffefbaf8000 	C:\Users\Mega-PC\.jdks\jbr-17.0.12\bin\zip.dll
0x00000218e5e90000 - 0x00000218e5e93000 	C:\Users\Mega-PC\.openjfx\cache\21.0.2+5\amd64\api-ms-win-core-console-l1-1-0.dll
0x00000218e5ea0000 - 0x00000218e5ea3000 	C:\Users\Mega-PC\.openjfx\cache\21.0.2+5\amd64\api-ms-win-core-console-l1-2-0.dll
0x00000218e5eb0000 - 0x00000218e5eb3000 	C:\Users\Mega-PC\.openjfx\cache\21.0.2+5\amd64\api-ms-win-core-datetime-l1-1-0.dll
0x00000218e5ec0000 - 0x00000218e5ec3000 	C:\Users\Mega-PC\.openjfx\cache\21.0.2+5\amd64\api-ms-win-core-debug-l1-1-0.dll
0x00000218e5ed0000 - 0x00000218e5ed3000 	C:\Users\Mega-PC\.openjfx\cache\21.0.2+5\amd64\api-ms-win-core-errorhandling-l1-1-0.dll
0x00000218e5ee0000 - 0x00000218e5ee4000 	C:\Users\Mega-PC\.openjfx\cache\21.0.2+5\amd64\api-ms-win-core-file-l1-1-0.dll
0x00000218e5ef0000 - 0x00000218e5ef3000 	C:\Users\Mega-PC\.openjfx\cache\21.0.2+5\amd64\api-ms-win-core-file-l1-2-0.dll
0x00000218e5f00000 - 0x00000218e5f03000 	C:\Users\Mega-PC\.openjfx\cache\21.0.2+5\amd64\api-ms-win-core-file-l2-1-0.dll
0x00000218e5f10000 - 0x00000218e5f13000 	C:\Users\Mega-PC\.openjfx\cache\21.0.2+5\amd64\api-ms-win-core-handle-l1-1-0.dll
0x00000218e5f20000 - 0x00000218e5f23000 	C:\Users\Mega-PC\.openjfx\cache\21.0.2+5\amd64\api-ms-win-core-heap-l1-1-0.dll
0x00000218e5f30000 - 0x00000218e5f33000 	C:\Users\Mega-PC\.openjfx\cache\21.0.2+5\amd64\api-ms-win-core-interlocked-l1-1-0.dll
0x00000218e5f40000 - 0x00000218e5f43000 	C:\Users\Mega-PC\.openjfx\cache\21.0.2+5\amd64\api-ms-win-core-libraryloader-l1-1-0.dll
0x00000218e5f50000 - 0x00000218e5f53000 	C:\Users\Mega-PC\.openjfx\cache\21.0.2+5\amd64\api-ms-win-core-localization-l1-2-0.dll
0x00000218e5f60000 - 0x00000218e5f63000 	C:\Users\Mega-PC\.openjfx\cache\21.0.2+5\amd64\api-ms-win-core-memory-l1-1-0.dll
0x00000218e5f70000 - 0x00000218e5f73000 	C:\Users\Mega-PC\.openjfx\cache\21.0.2+5\amd64\api-ms-win-core-namedpipe-l1-1-0.dll
0x00000218e5f80000 - 0x00000218e5f83000 	C:\Users\Mega-PC\.openjfx\cache\21.0.2+5\amd64\api-ms-win-core-processenvironment-l1-1-0.dll
0x00000218e5f90000 - 0x00000218e5f93000 	C:\Users\Mega-PC\.openjfx\cache\21.0.2+5\amd64\api-ms-win-core-processthreads-l1-1-0.dll
0x00000218e5fa0000 - 0x00000218e5fa3000 	C:\Users\Mega-PC\.openjfx\cache\21.0.2+5\amd64\api-ms-win-core-processthreads-l1-1-1.dll
0x00000218e5fb0000 - 0x00000218e5fb3000 	C:\Users\Mega-PC\.openjfx\cache\21.0.2+5\amd64\api-ms-win-core-profile-l1-1-0.dll
0x00000218e5fc0000 - 0x00000218e5fc3000 	C:\Users\Mega-PC\.openjfx\cache\21.0.2+5\amd64\api-ms-win-core-rtlsupport-l1-1-0.dll
0x00000218e5fd0000 - 0x00000218e5fd3000 	C:\Users\Mega-PC\.openjfx\cache\21.0.2+5\amd64\api-ms-win-core-string-l1-1-0.dll
0x00000218e5fe0000 - 0x00000218e5fe3000 	C:\Users\Mega-PC\.openjfx\cache\21.0.2+5\amd64\api-ms-win-core-synch-l1-1-0.dll
0x00000218e5ff0000 - 0x00000218e5ff3000 	C:\Users\Mega-PC\.openjfx\cache\21.0.2+5\amd64\api-ms-win-core-synch-l1-2-0.dll
0x000002192b800000 - 0x000002192b803000 	C:\Users\Mega-PC\.openjfx\cache\21.0.2+5\amd64\api-ms-win-core-sysinfo-l1-1-0.dll
0x000002192b810000 - 0x000002192b813000 	C:\Users\Mega-PC\.openjfx\cache\21.0.2+5\amd64\api-ms-win-core-timezone-l1-1-0.dll
0x000002192b820000 - 0x000002192b823000 	C:\Users\Mega-PC\.openjfx\cache\21.0.2+5\amd64\api-ms-win-core-util-l1-1-0.dll
0x000002192b830000 - 0x000002192b833000 	C:\Users\Mega-PC\.openjfx\cache\21.0.2+5\amd64\api-ms-win-crt-conio-l1-1-0.dll
0x000002192b840000 - 0x000002192b844000 	C:\Users\Mega-PC\.openjfx\cache\21.0.2+5\amd64\api-ms-win-crt-convert-l1-1-0.dll
0x000002192b850000 - 0x000002192b853000 	C:\Users\Mega-PC\.openjfx\cache\21.0.2+5\amd64\api-ms-win-crt-environment-l1-1-0.dll
0x000002192b860000 - 0x000002192b863000 	C:\Users\Mega-PC\.openjfx\cache\21.0.2+5\amd64\api-ms-win-crt-filesystem-l1-1-0.dll
0x000002192b870000 - 0x000002192b873000 	C:\Users\Mega-PC\.openjfx\cache\21.0.2+5\amd64\api-ms-win-crt-heap-l1-1-0.dll
0x000002192b880000 - 0x000002192b883000 	C:\Users\Mega-PC\.openjfx\cache\21.0.2+5\amd64\api-ms-win-crt-locale-l1-1-0.dll
0x000002192b890000 - 0x000002192b895000 	C:\Users\Mega-PC\.openjfx\cache\21.0.2+5\amd64\api-ms-win-crt-math-l1-1-0.dll
0x000002192b8a0000 - 0x000002192b8a5000 	C:\Users\Mega-PC\.openjfx\cache\21.0.2+5\amd64\api-ms-win-crt-multibyte-l1-1-0.dll
0x000002192b8b0000 - 0x000002192b8c0000 	C:\Users\Mega-PC\.openjfx\cache\21.0.2+5\amd64\api-ms-win-crt-private-l1-1-0.dll
0x000002192b8c0000 - 0x000002192b8c3000 	C:\Users\Mega-PC\.openjfx\cache\21.0.2+5\amd64\api-ms-win-crt-process-l1-1-0.dll
0x000002192b8d0000 - 0x000002192b8d4000 	C:\Users\Mega-PC\.openjfx\cache\21.0.2+5\amd64\api-ms-win-crt-runtime-l1-1-0.dll
0x000002192b8e0000 - 0x000002192b8e4000 	C:\Users\Mega-PC\.openjfx\cache\21.0.2+5\amd64\api-ms-win-crt-stdio-l1-1-0.dll
0x000002192b8f0000 - 0x000002192b8f4000 	C:\Users\Mega-PC\.openjfx\cache\21.0.2+5\amd64\api-ms-win-crt-string-l1-1-0.dll
0x000002192b900000 - 0x000002192b903000 	C:\Users\Mega-PC\.openjfx\cache\21.0.2+5\amd64\api-ms-win-crt-time-l1-1-0.dll
0x000002192b910000 - 0x000002192b913000 	C:\Users\Mega-PC\.openjfx\cache\21.0.2+5\amd64\api-ms-win-crt-utility-l1-1-0.dll
0x00007ffef6480000 - 0x00007ffef657c000 	C:\Users\Mega-PC\.openjfx\cache\21.0.2+5\amd64\ucrtbase.dll
0x00007ffef7c00000 - 0x00007ffef7c1b000 	C:\Users\Mega-PC\.openjfx\cache\21.0.2+5\amd64\vcruntime140.dll
0x00007ffefbc60000 - 0x00007ffefbc6c000 	C:\Users\Mega-PC\.openjfx\cache\21.0.2+5\amd64\vcruntime140_1.dll
0x00007ffef7460000 - 0x00007ffef74ee000 	C:\Users\Mega-PC\.openjfx\cache\21.0.2+5\amd64\msvcp140.dll
0x00007ffefb900000 - 0x00007ffefb909000 	C:\Users\Mega-PC\.openjfx\cache\21.0.2+5\amd64\msvcp140_1.dll
0x00007ffef7ac0000 - 0x00007ffef7b01000 	C:\Users\Mega-PC\.openjfx\cache\21.0.2+5\amd64\msvcp140_2.dll
0x00007ffef7340000 - 0x00007ffef7370000 	C:\Users\Mega-PC\.openjfx\cache\21.0.2+5\amd64\prism_d3d.dll
0x00007fff0f2c0000 - 0x00007fff0f491000 	C:\Windows\system32\d3d9.dll
0x00007fff1e300000 - 0x00007fff1e32f000 	C:\Windows\SYSTEM32\dwmapi.dll
0x00007fff1e0e0000 - 0x00007fff1e17e000 	C:\Windows\system32\uxtheme.dll
0x00007fff14bb0000 - 0x00007fff14c72000 	C:\Windows\System32\DriverStore\FileRepository\nv_dispi.inf_amd64_521f36110c1a672d\nvldumdx.dll
0x00007fff20b00000 - 0x00007fff20b12000 	C:\Windows\SYSTEM32\msasn1.dll
0x00007fff1a020000 - 0x00007fff1a051000 	C:\Windows\SYSTEM32\cryptnet.dll
0x00007fff21a90000 - 0x00007fff21bec000 	C:\Windows\System32\CRYPT32.dll
0x00007fff20660000 - 0x00007fff2066c000 	C:\Windows\SYSTEM32\cryptbase.dll
0x00007fff19d40000 - 0x00007fff19e87000 	C:\Windows\SYSTEM32\drvstore.dll
0x00007fff21100000 - 0x00007fff21133000 	C:\Windows\SYSTEM32\devobj.dll
0x00007fff21410000 - 0x00007fff2145e000 	C:\Windows\System32\cfgmgr32.dll
0x00007fff21760000 - 0x00007fff217c8000 	C:\Windows\System32\wintrust.dll
0x00007fff21cd0000 - 0x00007fff21ced000 	C:\Windows\System32\imagehlp.dll
0x00007fff210c0000 - 0x00007fff210d8000 	C:\Windows\SYSTEM32\CRYPTSP.dll
0x00007fff1fcf0000 - 0x00007fff1fd28000 	C:\Windows\system32\rsaenh.dll
0x00007fff10290000 - 0x00007fff13a2a000 	C:\Windows\System32\DriverStore\FileRepository\nv_dispi.inf_amd64_521f36110c1a672d\nvgpucomp64.dll
0x00007fff23710000 - 0x00007fff2383b000 	C:\Windows\System32\ole32.dll
0x00007fff0efc0000 - 0x00007fff0f097000 	C:\Windows\System32\DriverStore\FileRepository\nv_dispi.inf_amd64_521f36110c1a672d\NvMemMapStoragex.dll
0x00007ffec5270000 - 0x00007ffec7337000 	C:\Windows\System32\DriverStore\FileRepository\nv_dispi.inf_amd64_521f36110c1a672d\nvd3dumx.dll
0x00007ffef6430000 - 0x00007ffef6472000 	C:\Users\Mega-PC\.openjfx\cache\21.0.2+5\amd64\glass.dll
0x00007fff227a0000 - 0x00007fff2287a000 	C:\Windows\System32\COMDLG32.dll
0x0000000180000000 - 0x00000001834b4000 	C:\Program Files (x86)\RivaTuner Statistics Server\RTSSHooks64.dll
0x00007fff21ff0000 - 0x00007fff22461000 	C:\Windows\System32\SETUPAPI.dll
0x00007fff21df0000 - 0x00007fff21f05000 	C:\Windows\System32\MSCTF.dll
0x00007ffecc580000 - 0x00007ffecc884000 	C:\Windows\system32\nvspcap64.dll
0x00007fff21080000 - 0x00007fff210b3000 	C:\Windows\SYSTEM32\ntmarta.dll
0x00007fff1f530000 - 0x00007fff1f553000 	C:\Windows\SYSTEM32\gpapi.dll
0x00007ffef4eb0000 - 0x00007ffef5064000 	C:\Windows\System32\DriverStore\FileRepository\nv_dispi.inf_amd64_521f36110c1a672d\nvppex.dll
0x00007fff19960000 - 0x00007fff1999b000 	C:\Windows\SYSTEM32\dxcore.dll
0x00007fff200f0000 - 0x00007fff201ba000 	C:\Windows\SYSTEM32\DNSAPI.dll
0x00007fff20050000 - 0x00007fff2008b000 	C:\Windows\SYSTEM32\IPHLPAPI.DLL
0x00007fff23370000 - 0x00007fff23378000 	C:\Windows\System32\NSI.dll
0x00007fff19950000 - 0x00007fff1995a000 	C:\Windows\System32\rasadhlp.dll

dbghelp: loaded successfully - version: 4.0.5 - missing functions: none
symbol engine: initialized successfully - sym options: 0x614 - pdb path: .;C:\Users\Mega-PC\.jdks\jbr-17.0.12\bin;C:\Windows\SYSTEM32;C:\Windows\WinSxS\amd64_microsoft.windows.common-controls_6595b64144ccf1df_6.0.19041.4355_none_60b8b9eb71f62e16;C:\Users\Mega-PC\.jdks\jbr-17.0.12\bin\server;C:\Users\Mega-PC\.openjfx\cache\21.0.2+5\amd64;C:\Windows\System32\DriverStore\FileRepository\nv_dispi.inf_amd64_521f36110c1a672d;C:\Program Files (x86)\RivaTuner Statistics Server;C:\Program Files\Common Files\Microsoft Shared\Ink

VM Arguments:
jvm_args: --module-path=C:\Users\Mega-PC\.m2\repository\org\openjfx\javafx-base\21.0.2\javafx-base-21.0.2-win.jar;C:\Users\Mega-PC\.m2\repository\org\openjfx\javafx-base\21.0.2\javafx-base-21.0.2.jar;C:\Users\Mega-PC\.m2\repository\org\openjfx\javafx-controls\21.0.2\javafx-controls-21.0.2-win.jar;C:\Users\Mega-PC\.m2\repository\org\openjfx\javafx-controls\21.0.2\javafx-controls-21.0.2.jar;C:\Users\Mega-PC\.m2\repository\org\openjfx\javafx-fxml\21.0.2\javafx-fxml-21.0.2-win.jar;C:\Users\Mega-PC\.m2\repository\org\openjfx\javafx-fxml\21.0.2\javafx-fxml-21.0.2.jar;C:\Users\Mega-PC\.m2\repository\org\openjfx\javafx-graphics\21.0.2\javafx-graphics-21.0.2-win.jar;C:\Users\Mega-PC\.m2\repository\org\openjfx\javafx-graphics\21.0.2\javafx-graphics-21.0.2.jar;C:\Users\Mega-PC\.m2\repository\org\openjfx\javafx-media\21.0.2\javafx-media-21.0.2-win.jar;C:\Users\Mega-PC\.m2\repository\org\openjfx\javafx-media\21.0.2\javafx-media-21.0.2.jar;C:\Users\Mega-PC\.m2\repository\org\openjfx\javafx-swing\21.0.2\javafx-swing-21.0.2-win.jar;C:\Users\Mega-PC\.m2\repository\org\openjfx\javafx-swing\21.0.2\javafx-swing-21.0.2.jar;C:\Users\Mega-PC\.m2\repository\org\openjfx\javafx-web\21.0.2\javafx-web-21.0.2-win.jar;C:\Users\Mega-PC\.m2\repository\org\openjfx\javafx-web\21.0.2\javafx-web-21.0.2.jar --add-modules=javafx.base,javafx.controls,javafx.fxml,javafx.graphics,javafx.media,javafx.swing,javafx.web 
java_command: esprit.tn.tests.MainFX
java_class_path (initial): C:\Users\Mega-PC\Desktop\pidev\PidevWorksphere\target\classes;C:\Users\Mega-PC\.m2\repository\ch\qos\logback\logback-classic\1.4.11\logback-classic-1.4.11.jar;C:\Users\Mega-PC\.m2\repository\ch\qos\logback\logback-core\1.4.11\logback-core-1.4.11.jar;C:\Users\Mega-PC\.m2\repository\com\fasterxml\jackson\core\jackson-annotations\2.18.3\jackson-annotations-2.18.3.jar;C:\Users\Mega-PC\.m2\repository\com\fasterxml\jackson\core\jackson-core\2.18.3\jackson-core-2.18.3.jar;C:\Users\Mega-PC\.m2\repository\com\fasterxml\jackson\core\jackson-databind\2.18.3\jackson-databind-2.18.3.jar;C:\Users\Mega-PC\.m2\repository\com\fasterxml\jackson\dataformat\jackson-dataformat-xml\2.13.3\jackson-dataformat-xml-2.13.3.jar;C:\Users\Mega-PC\.m2\repository\com\fasterxml\jackson\datatype\jackson-datatype-jsr310\2.13.3\jackson-datatype-jsr310-2.13.3.jar;C:\Users\Mega-PC\.m2\repository\com\fasterxml\woodstox\woodstox-core\6.2.7\woodstox-core-6.2.7.jar;C:\Users\Mega-PC\.m2\repository\com\google\api-client\google-api-client\1.31.5\google-api-client-1.31.5.jar;C:\Users\Mega-PC\.m2\repository\com\google\apis\google-api-services-calendar\v3-rev20211026-1.32.1\google-api-services-calendar-v3-rev20211026-1.32.1.jar;C:\Users\Mega-PC\.m2\repository\com\google\code\findbugs\jsr305\3.0.2\jsr305-3.0.2.jar;C:\Users\Mega-PC\.m2\repository\com\google\code\gson\gson\2.10.1\gson-2.10.1.jar;C:\Users\Mega-PC\.m2\repository\com\google\errorprone\error_prone_annotations\2.5.1\error_prone_annotations-2.5.1.jar;C:\Users\Mega-PC\.m2\repository\com\google\guava\failureaccess\1.0.1\failureaccess-1.0.1.jar;C:\Users\Mega-PC\.m2\repository\com\google\guava\guava\30.1.1-android\guava-30.1.1-android.jar;C:\Users\Mega-PC\.m2\repository\com\google\guava\listenablefuture\9999.0-empty-to-avoid-conflict-with-guava\listenablefuture-9999.0-empty-to-avoid-conflict-with-guava.jar;C:\Users\Mega-PC\.m2\repository\com\google\http-client\google-http-client\1.39.2\google-http-client-1.39.2.jar;C:\Users\Mega-P
Launcher Type: SUN_STANDARD

[Global flags]
     intx CICompilerCount                          = 4                                         {product} {ergonomic}
     uint ConcGCThreads                            = 3                                         {product} {ergonomic}
     uint G1ConcRefinementThreads                  = 10                                        {product} {ergonomic}
   size_t G1HeapRegionSize                         = 4194304                                   {product} {ergonomic}
    uintx GCDrainStackTargetSize                   = 64                                        {product} {ergonomic}
   size_t InitialHeapSize                          = 536870912                                 {product} {ergonomic}
   size_t MarkStackSize                            = 4194304                                   {product} {ergonomic}
   size_t MaxHeapSize                              = 8552185856                                {product} {ergonomic}
   size_t MaxNewSize                               = 5129633792                                {product} {ergonomic}
   size_t MinHeapDeltaBytes                        = 4194304                                   {product} {ergonomic}
   size_t MinHeapSize                              = 8388608                                   {product} {ergonomic}
    uintx NonNMethodCodeHeapSize                   = 5839372                                {pd product} {ergonomic}
    uintx NonProfiledCodeHeapSize                  = 122909434                              {pd product} {ergonomic}
    uintx ProfiledCodeHeapSize                     = 122909434                              {pd product} {ergonomic}
    uintx ReservedCodeCacheSize                    = 251658240                              {pd product} {ergonomic}
     bool SegmentedCodeCache                       = true                                      {product} {ergonomic}
   size_t SoftMaxHeapSize                          = 8552185856                             {manageable} {ergonomic}
     bool UseCompressedClassPointers               = true                           {product lp64_product} {ergonomic}
     bool UseCompressedOops                        = true                           {product lp64_product} {ergonomic}
     bool UseG1GC                                  = true                                      {product} {ergonomic}
     bool UseLargePagesIndividualAllocation        = false                                  {pd product} {ergonomic}

Logging:
Log output configuration:
 #0: stdout all=warning uptime,level,tags
 #1: stderr all=off uptime,level,tags

Environment Variables:
PATH=C:\Program Files (x86)\Common Files\Intel\Shared Libraries\redist\intel64\compiler;C:\Program Files\Python38\Scripts\;C:\Program Files\Python38\;C:\Windows\system32;C:\Windows;C:\Windows\System32\Wbem;C:\Windows\System32\WindowsPowerShell\v1.0\;C:\Windows\System32\OpenSSH\;C:\Program Files (x86)\NVIDIA Corporation\PhysX\Common;C:\Program Files\Git\cmd;C:\Program Files\dotnet\;C:\Program Files\NVIDIA Corporation\NVIDIA app\NvDLISR;C:\Program Files\nodejs\;C:\Users\Mega-PC\AppData\Local\Microsoft\WindowsApps;C:\Users\Mega-PC\AppData\Local\Programs\Microsoft VS Code\bin;C:\Users\Mega-PC\AppData\Roaming\npm;C:\Users\Mega-PC\Documents\flutterDev\flutter\bin;C:\Users\Mega-PC\AppData\Local\GitHubDesktop\bin;
USERNAME=Mega-PC
OS=Windows_NT
PROCESSOR_IDENTIFIER=Intel64 Family 6 Model 151 Stepping 5, GenuineIntel
TMP=C:\Users\Mega-PC\AppData\Local\Temp
TEMP=C:\Users\Mega-PC\AppData\Local\Temp



Periodic native trim disabled

JNI global refs:
JNI global refs: 38, weak refs: 0

JNI global refs memory usage: 843, weak refs: 841

Process memory usage:
Resident Set Size: 697484K (2% of 33392548K total physical memory with 17119156K free physical memory)

OOME stack traces (most recent first):
Classloader memory used:
Loader jdk.internal.loader.ClassLoaders$AppClassLoader                                 : 3400K
Loader bootstrap                                                                       : 1549K
Loader jdk.internal.loader.ClassLoaders$PlatformClassLoader                            : 92467B
Loader jdk.internal.reflect.DelegatingClassLoader                                      : 13690B
Loader com.sun.javafx.reflect.MethodUtil                                               : 510B


---------------  S Y S T E M  ---------------

OS:
 Windows 10 , 64 bit Build 19041 (10.0.19041.5438)
OS uptime: 3 days 2:58 hours

CPU: total 12 (initial active 12) (6 cores per cpu, 2 threads per core) family 6 model 151 stepping 5 microcode 0x18, cx8, cmov, fxsr, ht, mmx, 3dnowpref, sse, sse2, sse3, ssse3, sse4.1, sse4.2, popcnt, lzcnt, tsc, tscinvbit, avx, avx2, aes, erms, clmul, bmi1, bmi2, adx, sha, fma, vzeroupper, clflush, clflushopt, clwb
Processor Information for all 12 processors :
  Max Mhz: 2500, Current Mhz: 2500, Mhz Limit: 2500

Memory: 4k page, system-wide physical 32609M (16717M free)
TotalPageFile size 37473M (AvailPageFile size 8195M)
current process WorkingSet (physical memory assigned to process): 681M, peak: 681M
current process commit charge ("private bytes"): 1039M, peak: 1039M

vm_info: OpenJDK 64-Bit Server VM (17.0.12+1-b1207.37) for windows-amd64 JRE (17.0.12+1-b1207.37), built on 2024-09-25 by "builduser" with MS VC++ 16.10 / 16.11 (VS2019)

END.
