#
# A fatal error has been detected by the Java Runtime Environment:
#
#  EXCEPTION_ACCESS_VIOLATION (0xc0000005) at pc=0x00007ffe8e89f5af, pid=27352, tid=2876
#
# JRE version: OpenJDK Runtime Environment JBR-17.0.12+1-1207.37-nomod (17.0.12+1) (build 17.0.12+1-b1207.37)
# Java VM: OpenJDK 64-Bit Server VM JBR-17.0.12+1-1207.37-nomod (17.0.12+1-b1207.37, mixed mode, sharing, tiered, compressed oops, compressed class ptrs, g1 gc, windows-amd64)
# Problematic frame:
# V  [jvm.dll+0x21f5af]  Compile::disconnect_useless_nodes+0x6f
#
# No core dump will be written. Minidumps are not enabled by default on client versions of Windows
#
# If you would like to submit a bug report, please visit:
#   https://youtrack.jetbrains.com/issues/JBR
#

---------------  S U M M A R Y ------------

Command Line: --module-path=C:\Users\Mega-PC\.m2\repository\org\openjfx\javafx-base\21.0.2\javafx-base-21.0.2-win.jar;C:\Users\Mega-PC\.m2\repository\org\openjfx\javafx-base\21.0.2\javafx-base-21.0.2.jar;C:\Users\Mega-PC\.m2\repository\org\openjfx\javafx-controls\21.0.2\javafx-controls-21.0.2-win.jar;C:\Users\Mega-PC\.m2\repository\org\openjfx\javafx-controls\21.0.2\javafx-controls-21.0.2.jar;C:\Users\Mega-PC\.m2\repository\org\openjfx\javafx-fxml\21.0.2\javafx-fxml-21.0.2-win.jar;C:\Users\Mega-PC\.m2\repository\org\openjfx\javafx-fxml\21.0.2\javafx-fxml-21.0.2.jar;C:\Users\Mega-PC\.m2\repository\org\openjfx\javafx-graphics\21.0.2\javafx-graphics-21.0.2-win.jar;C:\Users\Mega-PC\.m2\repository\org\openjfx\javafx-graphics\21.0.2\javafx-graphics-21.0.2.jar;C:\Users\Mega-PC\.m2\repository\org\openjfx\javafx-media\21.0.2\javafx-media-21.0.2-win.jar;C:\Users\Mega-PC\.m2\repository\org\openjfx\javafx-media\21.0.2\javafx-media-21.0.2.jar;C:\Users\Mega-PC\.m2\repository\org\openjfx\javafx-swing\21.0.2\javafx-swing-21.0.2-win.jar;C:\Users\Mega-PC\.m2\repository\org\openjfx\javafx-swing\21.0.2\javafx-swing-21.0.2.jar;C:\Users\Mega-PC\.m2\repository\org\openjfx\javafx-web\21.0.2\javafx-web-21.0.2-win.jar;C:\Users\Mega-PC\.m2\repository\org\openjfx\javafx-web\21.0.2\javafx-web-21.0.2.jar --add-modules=javafx.base,javafx.controls,javafx.fxml,javafx.graphics,javafx.media,javafx.swing,javafx.web esprit.tn.tests.MainFX

Host: 12th Gen Intel(R) Core(TM) i5-12400F, 12 cores, 31G,  Windows 10 , 64 bit Build 19041 (10.0.19041.5438)
Time: Wed Mar  5 20:56:38 2025 Romance Standard Time elapsed time: 6.996585 seconds (0d 0h 0m 6s)

---------------  T H R E A D  ---------------

Current thread (0x000002c5778db730):  JavaThread "C2 CompilerThread0" daemon [_thread_in_native, id=2876, stack(0x000000dde5600000,0x000000dde5700000)]


Current CompileTask:
C2:   6996 2714       4       java.lang.invoke.MethodType::makeImpl (109 bytes)

Stack: [0x000000dde5600000,0x000000dde5700000],  sp=0x000000dde56fda90,  free space=1014k
Native frames: (J=compiled Java code, j=interpreted, Vv=VM code, C=native code)
V  [jvm.dll+0x21f5af]  Compile::disconnect_useless_nodes+0x6f  (compile.cpp:416)
V  [jvm.dll+0x6ad0d6]  PhaseRemoveUseless::PhaseRemoveUseless+0x76  (phaseX.cpp:427)
V  [jvm.dll+0x21b119]  Compile::Compile+0xb89  (compile.cpp:755)
V  [jvm.dll+0x1a68ed]  C2Compiler::compile_method+0xad  (c2compiler.cpp:112)
V  [jvm.dll+0x22b2de]  CompileBroker::invoke_compiler_on_method+0x82e  (compileBroker.cpp:2366)
V  [jvm.dll+0x229445]  CompileBroker::compiler_thread_loop+0x405  (compileBroker.cpp:2027)
V  [jvm.dll+0x7f7917]  JavaThread::run+0x147  (thread.cpp:1299)
V  [jvm.dll+0x7f1cec]  Thread::call_run+0x8c  (thread.cpp:405)
V  [jvm.dll+0x688be7]  thread_native_entry+0x77  (os_windows.cpp:550)
C  [ucrtbase.dll+0x21bb2]
C  [KERNEL32.DLL+0x17374]
C  [ntdll.dll+0x4cc91]


siginfo: EXCEPTION_ACCESS_VIOLATION (0xc0000005), reading address 0xffffffffffffffff


Registers:
RAX=0x000402c57efb0a78, RBX=0x000000dde56febd0, RCX=0x0000000000000006, RDX=0x0000000000000128
RSP=0x000000dde56fda90, RBP=0x0000000000000000, RSI=0x000002c57c1c4258, RDI=0x000000dde56fdd20
R8 =0x0000000000000029, R9 =0x0000000000000033, R10=0x000002c577c4a2d8, R11=0x000002c577c4a420
R12=0x00000000000001f5, R13=0x000000dde56fdbe0, R14=0x000000dde56fdd10, R15=0x0000000000000003
RIP=0x00007ffe8e89f5af, EFLAGS=0x0000000000010287


Register to memory mapping:

RIP=0x00007ffe8e89f5af jvm.dll::Compile::disconnect_useless_nodes + 0x6f
RAX=0x000402c57efb0a78 is an unknown value
RBX=0x000000dde56febd0 is pointing into the stack for thread: 0x000002c5778db730
RCX=0x0000000000000006 is an unknown value
RDX=0x0000000000000128 is an unknown value
RSP=0x000000dde56fda90 is pointing into the stack for thread: 0x000002c5778db730
RBP=0x0 is NULL
RSI=0x000002c57c1c4258 points into unknown readable memory: 0x00007ffe8efbd040 | 40 d0 fb 8e fe 7f 00 00
RDI=0x000000dde56fdd20 is pointing into the stack for thread: 0x000002c5778db730
R8 =0x0000000000000029 is an unknown value
R9 =0x0000000000000033 is an unknown value
R10=0x000002c577c4a2d8 points into unknown readable memory: 0x000002c57e94f9f0 | f0 f9 94 7e c5 02 00 00
R11=0x000002c577c4a420 points into unknown readable memory: 0x000402c57efb0a78 | 78 0a fb 7e c5 02 04 00
R12=0x00000000000001f5 is an unknown value
R13=0x000000dde56fdbe0 is pointing into the stack for thread: 0x000002c5778db730
R14=0x000000dde56fdd10 is pointing into the stack for thread: 0x000002c5778db730
R15=0x0000000000000003 is an unknown value


Top of Stack: (sp=0x000000dde56fda90)
0x000000dde56fda90:   000000dde56febd0 000002c57efb00f8
0x000000dde56fdaa0:   000000dde56febd0 0000000000004221
0x000000dde56fdab0:   0000000000000003 000000dde56fdd10
0x000000dde56fdac0:   000002c574d83280 000000dde56fe170
0x000000dde56fdad0:   0000000000000002 00007ffe8ed2d0d6
0x000000dde56fdae0:   000002c57eef1b00 000002c57c0b04a0
0x000000dde56fdaf0:   000000dde56fdbe0 0000000000000002
0x000000dde56fdb00:   000000dde56febd0 00007ffe8e89b119
0x000000dde56fdb10:   000002c57c0b04a0 000000dde56fdc10
0x000000dde56fdb20:   0000000000000002 0000000000000001
0x000000dde56fdb30:   000000dd00000000 00007ffe8f03ceb8
0x000000dde56fdb40:   000002c559de0000 0000000000000000
0x000000dde56fdb50:   000002c559de4000 000002c559de5000
0x000000dde56fdb60:   000002c57796a6e0 00007ffe8efb161c
0x000000dde56fdb70:   0000000000000000 0000000000000000
0x000000dde56fdb80:   0000000000000000 00007ffe8efb161c
0x000000dde56fdb90:   000002c559de3500 0000000000000000
0x000000dde56fdba0:   000002c5778d9bc0 000002c577afb320
0x000000dde56fdbb0:   000002c577b01020 000002c577b03308
0x000000dde56fdbc0:   0000000000028310 000002c559de3500
0x000000dde56fdbd0:   0000000000010001 000000dde56fdb38
0x000000dde56fdbe0:   000000dde56fed08 0000000000002000
0x000000dde56fdbf0:   000002c57c128660 000002c500001462
0x000000dde56fdc00:   000002c500000400 000002c57ef26200
0x000000dde56fdc10:   000002c500000400 000000dde56fed08
0x000000dde56fdc20:   0000000000000000 000000dde56fdb38
0x000000dde56fdc30:   0000000000000000 0000000000000000
0x000000dde56fdc40:   000002c559de3500 0000000000001b00
0x000000dde56fdc50:   000002c5778dbd50 0000000000000000
0x000000dde56fdc60:   0000000000000000 0000000000000000
0x000000dde56fdc70:   0000000000000000 0000000000000000
0x000000dde56fdc80:   0000000000000000 0000000000000000 

Instructions: (pc=0x00007ffe8e89f5af)
0x00007ffe8e89f4af:   75 7b 48 83 b9 00 03 00 00 00 74 71 41 8b 50 28
0x00007ffe8e89f4bf:   e8 2c bb f8 ff 48 8b f0 48 85 c0 74 60 48 83 38
0x00007ffe8e89f4cf:   00 74 5a 8b 53 28 48 8b cf e8 13 bb f8 ff 48 85
0x00007ffe8e89f4df:   c0 74 2d 48 8b 00 48 85 c0 74 25 8b 53 28 4c 8d
0x00007ffe8e89f4ef:   44 24 40 48 8b cf 48 89 44 24 40 e8 71 75 00 00
0x00007ffe8e89f4ff:   48 8b 5c 24 30 48 8b 74 24 38 48 83 c4 20 5f c3
0x00007ffe8e89f50f:   8b 53 28 4c 8b c6 48 8b cf 48 8b 5c 24 30 48 8b
0x00007ffe8e89f51f:   74 24 38 48 83 c4 20 5f e9 44 75 00 00 48 8b 5c
0x00007ffe8e89f52f:   24 30 32 c0 48 8b 74 24 38 48 83 c4 20 5f c3 cc
0x00007ffe8e89f53f:   cc 48 89 5c 24 10 48 89 6c 24 18 56 57 41 55 41
0x00007ffe8e89f54f:   56 41 57 48 83 ec 20 33 ed 4c 89 64 24 50 4d 8b
0x00007ffe8e89f55f:   e8 48 8b fa 48 8b d9 44 8b e5 39 6a 18 0f 86 04
0x00007ffe8e89f56f:   01 00 00 48 8b 47 10 41 8b cc 41 ff c4 48 8b 34
0x00007ffe8e89f57f:   c8 8b 46 2c 83 e0 03 3c 03 75 09 48 8d 4e 48 e8
0x00007ffe8e89f58f:   9d e2 4b 00 44 8b 4e 20 44 8b c5 45 85 c9 7e 4d
0x00007ffe8e89f59f:   90 4c 8b 56 10 41 8b c0 4d 8d 1c c2 49 8b 04 c2
0x00007ffe8e89f5af:   8b 48 28 8b c1 c1 e8 05 3b 47 20 73 11 8b d0 83
0x00007ffe8e89f5bf:   e1 1f 48 8b 47 28 8b 04 90 0f a3 c8 72 13 ff 4e
0x00007ffe8e89f5cf:   20 41 ff c8 8b 46 20 41 ff c9 49 8b 04 c2 49 89
0x00007ffe8e89f5df:   03 41 ff c0 45 3b c1 7c b8 44 8b 4e 20 41 83 f9
0x00007ffe8e89f5ef:   01 75 7a 48 8b ce e8 16 7e 44 00 84 c0 74 6e 48
0x00007ffe8e89f5ff:   8b 46 10 4c 8b 38 45 8b 77 28 41 8b f6 c1 ee 05
0x00007ffe8e89f60f:   41 3b 75 20 72 0b 8b d6 49 8d 4d 20 e8 c0 c8 60
0x00007ffe8e89f61f:   00 49 8b 45 28 41 83 e6 1f 48 8d 14 b0 41 0f b6
0x00007ffe8e89f62f:   ce 41 b8 01 00 00 00 41 d3 e0 8b 0a 8b c1 41 0b
0x00007ffe8e89f63f:   c0 89 02 41 85 c8 75 23 41 8b 75 18 8d 46 01 41
0x00007ffe8e89f64f:   89 45 18 41 3b 75 08 72 0a 8b d6 49 8b cd e8 be
0x00007ffe8e89f65f:   7b 44 00 49 8b 45 10 4c 89 3c f0 33 ed 44 3b 67
0x00007ffe8e89f66f:   18 0f 82 fc fe ff ff 44 8b 83 a8 01 00 00 41 83
0x00007ffe8e89f67f:   e8 01 4d 63 c8 78 5a 66 66 0f 1f 84 00 00 00 00
0x00007ffe8e89f68f:   00 4c 8b 93 b0 01 00 00 4b 8b 04 ca 8b 48 28 8b
0x00007ffe8e89f69f:   c1 c1 e8 05 3b 47 20 73 11 8b d0 83 e1 1f 48 8b 


Stack slot to memory mapping:
stack at sp + 0 slots: 0x000000dde56febd0 is pointing into the stack for thread: 0x000002c5778db730
stack at sp + 1 slots: 0x000002c57efb00f8 points into unknown readable memory: 0x00007ffe8efa99c8 | c8 99 fa 8e fe 7f 00 00
stack at sp + 2 slots: 0x000000dde56febd0 is pointing into the stack for thread: 0x000002c5778db730
stack at sp + 3 slots: 0x0000000000004221 is an unknown value
stack at sp + 4 slots: 0x0000000000000003 is an unknown value
stack at sp + 5 slots: 0x000000dde56fdd10 is pointing into the stack for thread: 0x000002c5778db730
stack at sp + 6 slots: 0x000002c574d83280 points into unknown readable memory: 0x0000000000000000 | 00 00 00 00 00 00 00 00
stack at sp + 7 slots: 0x000000dde56fe170 is pointing into the stack for thread: 0x000002c5778db730


---------------  P R O C E S S  ---------------

Threads class SMR info:
_java_thread_list=0x000002c57ece6db0, length=20, elements={
0x000002c54efd5fb0, 0x000002c574d9a160, 0x000002c574d9afe0, 0x000002c574daea70,
0x000002c5778d66a0, 0x000002c5778da080, 0x000002c5778daa40, 0x000002c5778db730,
0x000002c5778f09d0, 0x000002c5778f22f0, 0x000002c5779f7e70, 0x000002c577a25b30,
0x000002c57c0936c0, 0x000002c57c52f820, 0x000002c57c570900, 0x000002c57e201c40,
0x000002c57e202b70, 0x000002c57e202150, 0x000002c57e202660, 0x000002c57e203080
}

Java Threads: ( => current thread )
  0x000002c54efd5fb0 JavaThread "main" [_thread_blocked, id=22204, stack(0x000000dde4900000,0x000000dde4a00000)]
  0x000002c574d9a160 JavaThread "Reference Handler" daemon [_thread_blocked, id=7172, stack(0x000000dde5000000,0x000000dde5100000)]
  0x000002c574d9afe0 JavaThread "Finalizer" daemon [_thread_blocked, id=18756, stack(0x000000dde5100000,0x000000dde5200000)]
  0x000002c574daea70 JavaThread "Signal Dispatcher" daemon [_thread_blocked, id=27680, stack(0x000000dde5200000,0x000000dde5300000)]
  0x000002c5778d66a0 JavaThread "Attach Listener" daemon [_thread_blocked, id=12776, stack(0x000000dde5300000,0x000000dde5400000)]
  0x000002c5778da080 JavaThread "Service Thread" daemon [_thread_blocked, id=10472, stack(0x000000dde5400000,0x000000dde5500000)]
  0x000002c5778daa40 JavaThread "Monitor Deflation Thread" daemon [_thread_blocked, id=8736, stack(0x000000dde5500000,0x000000dde5600000)]
=>0x000002c5778db730 JavaThread "C2 CompilerThread0" daemon [_thread_in_native, id=2876, stack(0x000000dde5600000,0x000000dde5700000)]
  0x000002c5778f09d0 JavaThread "C1 CompilerThread0" daemon [_thread_in_vm, id=2824, stack(0x000000dde5700000,0x000000dde5800000)]
  0x000002c5778f22f0 JavaThread "Sweeper thread" daemon [_thread_blocked, id=8900, stack(0x000000dde5800000,0x000000dde5900000)]
  0x000002c5779f7e70 JavaThread "Common-Cleaner" daemon [_thread_blocked, id=24720, stack(0x000000dde5900000,0x000000dde5a00000)]
  0x000002c577a25b30 JavaThread "Notification Thread" daemon [_thread_blocked, id=26580, stack(0x000000dde5c00000,0x000000dde5d00000)]
  0x000002c57c0936c0 JavaThread "QuantumRenderer-0" daemon [_thread_blocked, id=9156, stack(0x000000dde5e00000,0x000000dde5f00000)]
  0x000002c57c52f820 JavaThread "InvokeLaterDispatcher" daemon [_thread_blocked, id=17632, stack(0x000000dde6000000,0x000000dde6100000)]
  0x000002c57c570900 JavaThread "JavaFX Application Thread" [_thread_in_Java, id=21376, stack(0x000000dde6100000,0x000000dde6200000)]
  0x000002c57e201c40 JavaThread "JavaFX-Launcher" [_thread_blocked, id=18312, stack(0x000000dde6400000,0x000000dde6500000)]
  0x000002c57e202b70 JavaThread "Thread-2" daemon [_thread_in_native, id=20024, stack(0x000000dde6300000,0x000000dde6400000)]
  0x000002c57e202150 JavaThread "mysql-cj-abandoned-connection-cleanup" daemon [_thread_blocked, id=4348, stack(0x000000dde6e00000,0x000000dde6f00000)]
  0x000002c57e202660 JavaThread "Prism Font Disposer" daemon [_thread_blocked, id=5152, stack(0x000000dde7300000,0x000000dde7400000)]
  0x000002c57e203080 JavaThread "Cleaner-0" daemon [_thread_blocked, id=28480, stack(0x000000dde7400000,0x000000dde7500000)]

Other Threads:
  0x000002c574d93630 VMThread "VM Thread" [stack: 0x000000dde4f00000,0x000000dde5000000] [id=18316]
  0x000002c57c0a7f40 WatcherThread [stack: 0x000000dde5d00000,0x000000dde5e00000] [id=8720]
  0x000002c54f0829e0 GCTaskThread "GC Thread#0" [stack: 0x000000dde4a00000,0x000000dde4b00000] [id=7424]
  0x000002c57e1cfc90 GCTaskThread "GC Thread#1" [stack: 0x000000dde6500000,0x000000dde6600000] [id=15764]
  0x000002c57e334240 GCTaskThread "GC Thread#2" [stack: 0x000000dde6600000,0x000000dde6700000] [id=22064]
  0x000002c57c51b0e0 GCTaskThread "GC Thread#3" [stack: 0x000000dde6700000,0x000000dde6800000] [id=26956]
  0x000002c57e456c20 GCTaskThread "GC Thread#4" [stack: 0x000000dde6800000,0x000000dde6900000] [id=8836]
  0x000002c57e4563e0 GCTaskThread "GC Thread#5" [stack: 0x000000dde6900000,0x000000dde6a00000] [id=1064]
  0x000002c57e456ee0 GCTaskThread "GC Thread#6" [stack: 0x000000dde6a00000,0x000000dde6b00000] [id=16652]
  0x000002c57e457ca0 GCTaskThread "GC Thread#7" [stack: 0x000000dde6b00000,0x000000dde6c00000] [id=9008]
  0x000002c57e456120 GCTaskThread "GC Thread#8" [stack: 0x000000dde6c00000,0x000000dde6d00000] [id=14600]
  0x000002c57e457460 GCTaskThread "GC Thread#9" [stack: 0x000000dde6d00000,0x000000dde6e00000] [id=20756]
  0x000002c574bb8000 ConcurrentGCThread "G1 Main Marker" [stack: 0x000000dde4b00000,0x000000dde4c00000] [id=10964]
  0x000002c574bb8a20 ConcurrentGCThread "G1 Conc#0" [stack: 0x000000dde4c00000,0x000000dde4d00000] [id=15924]
  0x000002c574ccef70 ConcurrentGCThread "G1 Refine#0" [stack: 0x000000dde4d00000,0x000000dde4e00000] [id=12868]
  0x000002c57eaf7d80 ConcurrentGCThread "G1 Refine#1" [stack: 0x000000dde7200000,0x000000dde7300000] [id=8752]
  0x000002c574ccf9a0 ConcurrentGCThread "G1 Service" [stack: 0x000000dde4e00000,0x000000dde4f00000] [id=23548]

Threads with active compile tasks:
C2 CompilerThread0     7070 2714       4       java.lang.invoke.MethodType::makeImpl (109 bytes)
C1 CompilerThread0     7070 2785   !   3       jdk.internal.loader.Resource::getBytes (244 bytes)

VM state: not at safepoint (normal execution)

VM Mutex/Monitor currently owned by a thread: None

Heap address: 0x0000000602400000, size: 8156 MB, Compressed Oops mode: Zero based, Oop shift amount: 3

CDS archive(s) mapped at: [0x000002c500000000-0x000002c500c00000-0x000002c500c00000), size 12582912, SharedBaseAddress: 0x000002c500000000, ArchiveRelocationMode: 1.
Compressed class space mapped at: 0x000002c501000000-0x000002c541000000, reserved size: 1073741824
Narrow klass base: 0x000002c500000000, Narrow klass shift: 0, Narrow klass range: 0x100000000

GC Precious Log:
 CPUs: 12 total, 12 available
 Memory: 32609M
 Large Page Support: Disabled
 NUMA Support: Disabled
 Compressed Oops: Enabled (Zero based)
 Heap Region Size: 4M
 Heap Min Capacity: 8M
 Heap Initial Capacity: 512M
 Heap Max Capacity: 8156M
 Pre-touch: Disabled
 Parallel Workers: 10
 Concurrent Workers: 3
 Concurrent Refinement Workers: 10
 Periodic GC: Disabled

Heap:
 garbage-first heap   total 524288K, used 30389K [0x0000000602400000, 0x0000000800000000)
  region size 4096K, 8 young (32768K), 2 survivors (8192K)
 Metaspace       used 20086K, committed 20288K, reserved 1114112K
  class space    used 2907K, committed 3008K, reserved 1048576K

Heap Regions: E=young(eden), S=young(survivor), O=old, HS=humongous(starts), HC=humongous(continues), CS=collection set, F=free, OA=open archive, CA=closed archive, TAMS=top-at-mark-start (previous, next)
|   0|0x0000000602400000, 0x00000006025ad600, 0x0000000602800000| 41%| O|  |TAMS 0x0000000602400000, 0x0000000602400000| Untracked 
|   1|0x0000000602800000, 0x0000000602800000, 0x0000000602c00000|  0%| F|  |TAMS 0x0000000602800000, 0x0000000602800000| Untracked 
|   2|0x0000000602c00000, 0x0000000602c00000, 0x0000000603000000|  0%| F|  |TAMS 0x0000000602c00000, 0x0000000602c00000| Untracked 
|   3|0x0000000603000000, 0x0000000603000000, 0x0000000603400000|  0%| F|  |TAMS 0x0000000603000000, 0x0000000603000000| Untracked 
|   4|0x0000000603400000, 0x0000000603400000, 0x0000000603800000|  0%| F|  |TAMS 0x0000000603400000, 0x0000000603400000| Untracked 
|   5|0x0000000603800000, 0x0000000603800000, 0x0000000603c00000|  0%| F|  |TAMS 0x0000000603800000, 0x0000000603800000| Untracked 
|   6|0x0000000603c00000, 0x0000000603c00000, 0x0000000604000000|  0%| F|  |TAMS 0x0000000603c00000, 0x0000000603c00000| Untracked 
|   7|0x0000000604000000, 0x0000000604000000, 0x0000000604400000|  0%| F|  |TAMS 0x0000000604000000, 0x0000000604000000| Untracked 
|   8|0x0000000604400000, 0x0000000604400000, 0x0000000604800000|  0%| F|  |TAMS 0x0000000604400000, 0x0000000604400000| Untracked 
|   9|0x0000000604800000, 0x0000000604800000, 0x0000000604c00000|  0%| F|  |TAMS 0x0000000604800000, 0x0000000604800000| Untracked 
|  10|0x0000000604c00000, 0x0000000604c00000, 0x0000000605000000|  0%| F|  |TAMS 0x0000000604c00000, 0x0000000604c00000| Untracked 
|  11|0x0000000605000000, 0x0000000605000000, 0x0000000605400000|  0%| F|  |TAMS 0x0000000605000000, 0x0000000605000000| Untracked 
|  12|0x0000000605400000, 0x0000000605400000, 0x0000000605800000|  0%| F|  |TAMS 0x0000000605400000, 0x0000000605400000| Untracked 
|  13|0x0000000605800000, 0x0000000605800000, 0x0000000605c00000|  0%| F|  |TAMS 0x0000000605800000, 0x0000000605800000| Untracked 
|  14|0x0000000605c00000, 0x0000000605c00000, 0x0000000606000000|  0%| F|  |TAMS 0x0000000605c00000, 0x0000000605c00000| Untracked 
|  15|0x0000000606000000, 0x0000000606000000, 0x0000000606400000|  0%| F|  |TAMS 0x0000000606000000, 0x0000000606000000| Untracked 
|  16|0x0000000606400000, 0x0000000606400000, 0x0000000606800000|  0%| F|  |TAMS 0x0000000606400000, 0x0000000606400000| Untracked 
|  17|0x0000000606800000, 0x0000000606800000, 0x0000000606c00000|  0%| F|  |TAMS 0x0000000606800000, 0x0000000606800000| Untracked 
|  18|0x0000000606c00000, 0x0000000606c00000, 0x0000000607000000|  0%| F|  |TAMS 0x0000000606c00000, 0x0000000606c00000| Untracked 
|  19|0x0000000607000000, 0x0000000607000000, 0x0000000607400000|  0%| F|  |TAMS 0x0000000607000000, 0x0000000607000000| Untracked 
|  20|0x0000000607400000, 0x0000000607400000, 0x0000000607800000|  0%| F|  |TAMS 0x0000000607400000, 0x0000000607400000| Untracked 
|  21|0x0000000607800000, 0x0000000607800000, 0x0000000607c00000|  0%| F|  |TAMS 0x0000000607800000, 0x0000000607800000| Untracked 
|  22|0x0000000607c00000, 0x0000000607c00000, 0x0000000608000000|  0%| F|  |TAMS 0x0000000607c00000, 0x0000000607c00000| Untracked 
|  23|0x0000000608000000, 0x0000000608000000, 0x0000000608400000|  0%| F|  |TAMS 0x0000000608000000, 0x0000000608000000| Untracked 
|  24|0x0000000608400000, 0x0000000608400000, 0x0000000608800000|  0%| F|  |TAMS 0x0000000608400000, 0x0000000608400000| Untracked 
|  25|0x0000000608800000, 0x0000000608800000, 0x0000000608c00000|  0%| F|  |TAMS 0x0000000608800000, 0x0000000608800000| Untracked 
|  26|0x0000000608c00000, 0x0000000608c00000, 0x0000000609000000|  0%| F|  |TAMS 0x0000000608c00000, 0x0000000608c00000| Untracked 
|  27|0x0000000609000000, 0x0000000609000000, 0x0000000609400000|  0%| F|  |TAMS 0x0000000609000000, 0x0000000609000000| Untracked 
|  28|0x0000000609400000, 0x0000000609400000, 0x0000000609800000|  0%| F|  |TAMS 0x0000000609400000, 0x0000000609400000| Untracked 
|  29|0x0000000609800000, 0x0000000609800000, 0x0000000609c00000|  0%| F|  |TAMS 0x0000000609800000, 0x0000000609800000| Untracked 
|  30|0x0000000609c00000, 0x0000000609c00000, 0x000000060a000000|  0%| F|  |TAMS 0x0000000609c00000, 0x0000000609c00000| Untracked 
|  31|0x000000060a000000, 0x000000060a000000, 0x000000060a400000|  0%| F|  |TAMS 0x000000060a000000, 0x000000060a000000| Untracked 
|  32|0x000000060a400000, 0x000000060a400000, 0x000000060a800000|  0%| F|  |TAMS 0x000000060a400000, 0x000000060a400000| Untracked 
|  33|0x000000060a800000, 0x000000060a800000, 0x000000060ac00000|  0%| F|  |TAMS 0x000000060a800000, 0x000000060a800000| Untracked 
|  34|0x000000060ac00000, 0x000000060ac00000, 0x000000060b000000|  0%| F|  |TAMS 0x000000060ac00000, 0x000000060ac00000| Untracked 
|  35|0x000000060b000000, 0x000000060b000000, 0x000000060b400000|  0%| F|  |TAMS 0x000000060b000000, 0x000000060b000000| Untracked 
|  36|0x000000060b400000, 0x000000060b400000, 0x000000060b800000|  0%| F|  |TAMS 0x000000060b400000, 0x000000060b400000| Untracked 
|  37|0x000000060b800000, 0x000000060b800000, 0x000000060bc00000|  0%| F|  |TAMS 0x000000060b800000, 0x000000060b800000| Untracked 
|  38|0x000000060bc00000, 0x000000060bc00000, 0x000000060c000000|  0%| F|  |TAMS 0x000000060bc00000, 0x000000060bc00000| Untracked 
|  39|0x000000060c000000, 0x000000060c000000, 0x000000060c400000|  0%| F|  |TAMS 0x000000060c000000, 0x000000060c000000| Untracked 
|  40|0x000000060c400000, 0x000000060c400000, 0x000000060c800000|  0%| F|  |TAMS 0x000000060c400000, 0x000000060c400000| Untracked 
|  41|0x000000060c800000, 0x000000060c800000, 0x000000060cc00000|  0%| F|  |TAMS 0x000000060c800000, 0x000000060c800000| Untracked 
|  42|0x000000060cc00000, 0x000000060cc00000, 0x000000060d000000|  0%| F|  |TAMS 0x000000060cc00000, 0x000000060cc00000| Untracked 
|  43|0x000000060d000000, 0x000000060d000000, 0x000000060d400000|  0%| F|  |TAMS 0x000000060d000000, 0x000000060d000000| Untracked 
|  44|0x000000060d400000, 0x000000060d400000, 0x000000060d800000|  0%| F|  |TAMS 0x000000060d400000, 0x000000060d400000| Untracked 
|  45|0x000000060d800000, 0x000000060d800000, 0x000000060dc00000|  0%| F|  |TAMS 0x000000060d800000, 0x000000060d800000| Untracked 
|  46|0x000000060dc00000, 0x000000060dc00000, 0x000000060e000000|  0%| F|  |TAMS 0x000000060dc00000, 0x000000060dc00000| Untracked 
|  47|0x000000060e000000, 0x000000060e000000, 0x000000060e400000|  0%| F|  |TAMS 0x000000060e000000, 0x000000060e000000| Untracked 
|  48|0x000000060e400000, 0x000000060e400000, 0x000000060e800000|  0%| F|  |TAMS 0x000000060e400000, 0x000000060e400000| Untracked 
|  49|0x000000060e800000, 0x000000060e800000, 0x000000060ec00000|  0%| F|  |TAMS 0x000000060e800000, 0x000000060e800000| Untracked 
|  50|0x000000060ec00000, 0x000000060ec00000, 0x000000060f000000|  0%| F|  |TAMS 0x000000060ec00000, 0x000000060ec00000| Untracked 
|  51|0x000000060f000000, 0x000000060f000000, 0x000000060f400000|  0%| F|  |TAMS 0x000000060f000000, 0x000000060f000000| Untracked 
|  52|0x000000060f400000, 0x000000060f400000, 0x000000060f800000|  0%| F|  |TAMS 0x000000060f400000, 0x000000060f400000| Untracked 
|  53|0x000000060f800000, 0x000000060f800000, 0x000000060fc00000|  0%| F|  |TAMS 0x000000060f800000, 0x000000060f800000| Untracked 
|  54|0x000000060fc00000, 0x000000060fc00000, 0x0000000610000000|  0%| F|  |TAMS 0x000000060fc00000, 0x000000060fc00000| Untracked 
|  55|0x0000000610000000, 0x0000000610000000, 0x0000000610400000|  0%| F|  |TAMS 0x0000000610000000, 0x0000000610000000| Untracked 
|  56|0x0000000610400000, 0x0000000610400000, 0x0000000610800000|  0%| F|  |TAMS 0x0000000610400000, 0x0000000610400000| Untracked 
|  57|0x0000000610800000, 0x0000000610800000, 0x0000000610c00000|  0%| F|  |TAMS 0x0000000610800000, 0x0000000610800000| Untracked 
|  58|0x0000000610c00000, 0x0000000610c00000, 0x0000000611000000|  0%| F|  |TAMS 0x0000000610c00000, 0x0000000610c00000| Untracked 
|  59|0x0000000611000000, 0x0000000611000000, 0x0000000611400000|  0%| F|  |TAMS 0x0000000611000000, 0x0000000611000000| Untracked 
|  60|0x0000000611400000, 0x0000000611400000, 0x0000000611800000|  0%| F|  |TAMS 0x0000000611400000, 0x0000000611400000| Untracked 
|  61|0x0000000611800000, 0x0000000611800000, 0x0000000611c00000|  0%| F|  |TAMS 0x0000000611800000, 0x0000000611800000| Untracked 
|  62|0x0000000611c00000, 0x0000000611c00000, 0x0000000612000000|  0%| F|  |TAMS 0x0000000611c00000, 0x0000000611c00000| Untracked 
|  63|0x0000000612000000, 0x0000000612000000, 0x0000000612400000|  0%| F|  |TAMS 0x0000000612000000, 0x0000000612000000| Untracked 
|  64|0x0000000612400000, 0x0000000612400000, 0x0000000612800000|  0%| F|  |TAMS 0x0000000612400000, 0x0000000612400000| Untracked 
|  65|0x0000000612800000, 0x0000000612800000, 0x0000000612c00000|  0%| F|  |TAMS 0x0000000612800000, 0x0000000612800000| Untracked 
|  66|0x0000000612c00000, 0x0000000612c00000, 0x0000000613000000|  0%| F|  |TAMS 0x0000000612c00000, 0x0000000612c00000| Untracked 
|  67|0x0000000613000000, 0x0000000613000000, 0x0000000613400000|  0%| F|  |TAMS 0x0000000613000000, 0x0000000613000000| Untracked 
|  68|0x0000000613400000, 0x0000000613400000, 0x0000000613800000|  0%| F|  |TAMS 0x0000000613400000, 0x0000000613400000| Untracked 
|  69|0x0000000613800000, 0x0000000613800000, 0x0000000613c00000|  0%| F|  |TAMS 0x0000000613800000, 0x0000000613800000| Untracked 
|  70|0x0000000613c00000, 0x0000000613c00000, 0x0000000614000000|  0%| F|  |TAMS 0x0000000613c00000, 0x0000000613c00000| Untracked 
|  71|0x0000000614000000, 0x0000000614000000, 0x0000000614400000|  0%| F|  |TAMS 0x0000000614000000, 0x0000000614000000| Untracked 
|  72|0x0000000614400000, 0x0000000614400000, 0x0000000614800000|  0%| F|  |TAMS 0x0000000614400000, 0x0000000614400000| Untracked 
|  73|0x0000000614800000, 0x0000000614800000, 0x0000000614c00000|  0%| F|  |TAMS 0x0000000614800000, 0x0000000614800000| Untracked 
|  74|0x0000000614c00000, 0x0000000614c00000, 0x0000000615000000|  0%| F|  |TAMS 0x0000000614c00000, 0x0000000614c00000| Untracked 
|  75|0x0000000615000000, 0x0000000615000000, 0x0000000615400000|  0%| F|  |TAMS 0x0000000615000000, 0x0000000615000000| Untracked 
|  76|0x0000000615400000, 0x0000000615400000, 0x0000000615800000|  0%| F|  |TAMS 0x0000000615400000, 0x0000000615400000| Untracked 
|  77|0x0000000615800000, 0x0000000615800000, 0x0000000615c00000|  0%| F|  |TAMS 0x0000000615800000, 0x0000000615800000| Untracked 
|  78|0x0000000615c00000, 0x0000000615c00000, 0x0000000616000000|  0%| F|  |TAMS 0x0000000615c00000, 0x0000000615c00000| Untracked 
|  79|0x0000000616000000, 0x0000000616000000, 0x0000000616400000|  0%| F|  |TAMS 0x0000000616000000, 0x0000000616000000| Untracked 
|  80|0x0000000616400000, 0x0000000616400000, 0x0000000616800000|  0%| F|  |TAMS 0x0000000616400000, 0x0000000616400000| Untracked 
|  81|0x0000000616800000, 0x0000000616800000, 0x0000000616c00000|  0%| F|  |TAMS 0x0000000616800000, 0x0000000616800000| Untracked 
|  82|0x0000000616c00000, 0x0000000616c00000, 0x0000000617000000|  0%| F|  |TAMS 0x0000000616c00000, 0x0000000616c00000| Untracked 
|  83|0x0000000617000000, 0x0000000617000000, 0x0000000617400000|  0%| F|  |TAMS 0x0000000617000000, 0x0000000617000000| Untracked 
|  84|0x0000000617400000, 0x0000000617400000, 0x0000000617800000|  0%| F|  |TAMS 0x0000000617400000, 0x0000000617400000| Untracked 
|  85|0x0000000617800000, 0x0000000617800000, 0x0000000617c00000|  0%| F|  |TAMS 0x0000000617800000, 0x0000000617800000| Untracked 
|  86|0x0000000617c00000, 0x0000000617c00000, 0x0000000618000000|  0%| F|  |TAMS 0x0000000617c00000, 0x0000000617c00000| Untracked 
|  87|0x0000000618000000, 0x0000000618000000, 0x0000000618400000|  0%| F|  |TAMS 0x0000000618000000, 0x0000000618000000| Untracked 
|  88|0x0000000618400000, 0x0000000618400000, 0x0000000618800000|  0%| F|  |TAMS 0x0000000618400000, 0x0000000618400000| Untracked 
|  89|0x0000000618800000, 0x0000000618800000, 0x0000000618c00000|  0%| F|  |TAMS 0x0000000618800000, 0x0000000618800000| Untracked 
|  90|0x0000000618c00000, 0x0000000618c00000, 0x0000000619000000|  0%| F|  |TAMS 0x0000000618c00000, 0x0000000618c00000| Untracked 
|  91|0x0000000619000000, 0x0000000619000000, 0x0000000619400000|  0%| F|  |TAMS 0x0000000619000000, 0x0000000619000000| Untracked 
|  92|0x0000000619400000, 0x0000000619400000, 0x0000000619800000|  0%| F|  |TAMS 0x0000000619400000, 0x0000000619400000| Untracked 
|  93|0x0000000619800000, 0x0000000619800000, 0x0000000619c00000|  0%| F|  |TAMS 0x0000000619800000, 0x0000000619800000| Untracked 
|  94|0x0000000619c00000, 0x0000000619c00000, 0x000000061a000000|  0%| F|  |TAMS 0x0000000619c00000, 0x0000000619c00000| Untracked 
|  95|0x000000061a000000, 0x000000061a000000, 0x000000061a400000|  0%| F|  |TAMS 0x000000061a000000, 0x000000061a000000| Untracked 
|  96|0x000000061a400000, 0x000000061a400000, 0x000000061a800000|  0%| F|  |TAMS 0x000000061a400000, 0x000000061a400000| Untracked 
|  97|0x000000061a800000, 0x000000061a800000, 0x000000061ac00000|  0%| F|  |TAMS 0x000000061a800000, 0x000000061a800000| Untracked 
|  98|0x000000061ac00000, 0x000000061ac00000, 0x000000061b000000|  0%| F|  |TAMS 0x000000061ac00000, 0x000000061ac00000| Untracked 
|  99|0x000000061b000000, 0x000000061b000000, 0x000000061b400000|  0%| F|  |TAMS 0x000000061b000000, 0x000000061b000000| Untracked 
| 100|0x000000061b400000, 0x000000061b400000, 0x000000061b800000|  0%| F|  |TAMS 0x000000061b400000, 0x000000061b400000| Untracked 
| 101|0x000000061b800000, 0x000000061b800000, 0x000000061bc00000|  0%| F|  |TAMS 0x000000061b800000, 0x000000061b800000| Untracked 
| 102|0x000000061bc00000, 0x000000061bc00000, 0x000000061c000000|  0%| F|  |TAMS 0x000000061bc00000, 0x000000061bc00000| Untracked 
| 103|0x000000061c000000, 0x000000061c000000, 0x000000061c400000|  0%| F|  |TAMS 0x000000061c000000, 0x000000061c000000| Untracked 
| 104|0x000000061c400000, 0x000000061c400000, 0x000000061c800000|  0%| F|  |TAMS 0x000000061c400000, 0x000000061c400000| Untracked 
| 105|0x000000061c800000, 0x000000061c800000, 0x000000061cc00000|  0%| F|  |TAMS 0x000000061c800000, 0x000000061c800000| Untracked 
| 106|0x000000061cc00000, 0x000000061cc00000, 0x000000061d000000|  0%| F|  |TAMS 0x000000061cc00000, 0x000000061cc00000| Untracked 
| 107|0x000000061d000000, 0x000000061d000000, 0x000000061d400000|  0%| F|  |TAMS 0x000000061d000000, 0x000000061d000000| Untracked 
| 108|0x000000061d400000, 0x000000061d400000, 0x000000061d800000|  0%| F|  |TAMS 0x000000061d400000, 0x000000061d400000| Untracked 
| 109|0x000000061d800000, 0x000000061d800000, 0x000000061dc00000|  0%| F|  |TAMS 0x000000061d800000, 0x000000061d800000| Untracked 
| 110|0x000000061dc00000, 0x000000061dc00000, 0x000000061e000000|  0%| F|  |TAMS 0x000000061dc00000, 0x000000061dc00000| Untracked 
| 111|0x000000061e000000, 0x000000061e000000, 0x000000061e400000|  0%| F|  |TAMS 0x000000061e000000, 0x000000061e000000| Untracked 
| 112|0x000000061e400000, 0x000000061e400000, 0x000000061e800000|  0%| F|  |TAMS 0x000000061e400000, 0x000000061e400000| Untracked 
| 113|0x000000061e800000, 0x000000061e800000, 0x000000061ec00000|  0%| F|  |TAMS 0x000000061e800000, 0x000000061e800000| Untracked 
| 114|0x000000061ec00000, 0x000000061ec00000, 0x000000061f000000|  0%| F|  |TAMS 0x000000061ec00000, 0x000000061ec00000| Untracked 
| 115|0x000000061f000000, 0x000000061f000000, 0x000000061f400000|  0%| F|  |TAMS 0x000000061f000000, 0x000000061f000000| Untracked 
| 116|0x000000061f400000, 0x000000061f800000, 0x000000061f800000|100%| S|CS|TAMS 0x000000061f400000, 0x000000061f400000| Complete 
| 117|0x000000061f800000, 0x000000061fc00000, 0x000000061fc00000|100%| S|CS|TAMS 0x000000061f800000, 0x000000061f800000| Complete 
| 118|0x000000061fc00000, 0x000000061fc00000, 0x0000000620000000|  0%| F|  |TAMS 0x000000061fc00000, 0x000000061fc00000| Untracked 
| 119|0x0000000620000000, 0x0000000620000000, 0x0000000620400000|  0%| F|  |TAMS 0x0000000620000000, 0x0000000620000000| Untracked 
| 120|0x0000000620400000, 0x0000000620400000, 0x0000000620800000|  0%| F|  |TAMS 0x0000000620400000, 0x0000000620400000| Untracked 
| 121|0x0000000620800000, 0x0000000620800000, 0x0000000620c00000|  0%| F|  |TAMS 0x0000000620800000, 0x0000000620800000| Untracked 
| 122|0x0000000620c00000, 0x0000000620d5e300, 0x0000000621000000| 34%| E|  |TAMS 0x0000000620c00000, 0x0000000620c00000| Complete 
| 123|0x0000000621000000, 0x0000000621400000, 0x0000000621400000|100%| E|CS|TAMS 0x0000000621000000, 0x0000000621000000| Complete 
| 124|0x0000000621400000, 0x0000000621800000, 0x0000000621800000|100%| E|CS|TAMS 0x0000000621400000, 0x0000000621400000| Complete 
| 125|0x0000000621800000, 0x0000000621c00000, 0x0000000621c00000|100%| E|CS|TAMS 0x0000000621800000, 0x0000000621800000| Complete 
| 126|0x0000000621c00000, 0x0000000622000000, 0x0000000622000000|100%| E|CS|TAMS 0x0000000621c00000, 0x0000000621c00000| Complete 
| 127|0x0000000622000000, 0x0000000622400000, 0x0000000622400000|100%| E|CS|TAMS 0x0000000622000000, 0x0000000622000000| Complete 

Card table byte_map: [0x000002c562cf0000,0x000002c563ce0000] _byte_map_base: 0x000002c55fcde000

Marking Bits (Prev, Next): (CMBitMap*) 0x000002c54f083000, (CMBitMap*) 0x000002c54f083040
 Prev Bits: [0x000002c564cd0000, 0x000002c56cc40000)
 Next Bits: [0x000002c56cc40000, 0x000002c574bb0000)

Polling page: 0x000002c54e790000

Metaspace:

Usage:
  Non-class:     16.83 MB used.
      Class:      2.84 MB used.
       Both:     19.67 MB used.

Virtual space:
  Non-class space:       64.00 MB reserved,      16.94 MB ( 26%) committed,  1 nodes.
      Class space:        1.00 GB reserved,       2.94 MB ( <1%) committed,  1 nodes.
             Both:        1.06 GB reserved,      19.88 MB (  2%) committed. 

Chunk freelists:
   Non-Class:  14.86 MB
       Class:  13.00 MB
        Both:  27.86 MB

MaxMetaspaceSize: unlimited
CompressedClassSpaceSize: 1.00 GB
Initial GC threshold: 21.00 MB
Current GC threshold: 21.00 MB
CDS: on
MetaspaceReclaimPolicy: balanced
 - commit_granule_bytes: 65536.
 - commit_granule_words: 8192.
 - virtual_space_node_default_size: 8388608.
 - enlarge_chunks_in_place: 1.
 - new_chunks_are_fully_committed: 0.
 - uncommit_free_chunks: 1.
 - use_allocation_guard: 0.
 - handle_deallocations: 1.


Internal statistics:

num_allocs_failed_limit: 0.
num_arena_births: 184.
num_arena_deaths: 0.
num_vsnodes_births: 2.
num_vsnodes_deaths: 0.
num_space_committed: 318.
num_space_uncommitted: 0.
num_chunks_returned_to_freelist: 0.
num_chunks_taken_from_freelist: 819.
num_chunk_merges: 0.
num_chunk_splits: 606.
num_chunks_enlarged: 496.
num_inconsistent_stats: 0.

CodeHeap 'non-profiled nmethods': size=120000Kb used=1062Kb max_used=1062Kb free=118937Kb
 bounds [0x000002c55a280000, 0x000002c55a4f0000, 0x000002c5617b0000]
CodeHeap 'profiled nmethods': size=120000Kb used=5092Kb max_used=5092Kb free=114907Kb
 bounds [0x000002c5527b0000, 0x000002c552cb0000, 0x000002c559ce0000]
CodeHeap 'non-nmethods': size=5760Kb used=1463Kb max_used=1476Kb free=4296Kb
 bounds [0x000002c559ce0000, 0x000002c559f50000, 0x000002c55a280000]
 total_blobs=3617 nmethods=2782 adapters=747
 compilation: enabled
              stopped_count=0, restarted_count=0
 full_count=0

Compilation events (20 events):
Event: 6.848 Thread 0x000002c5778f09d0 nmethod 2754 0x000002c552c94610 code [0x000002c552c94820, 0x000002c552c95038]
Event: 6.848 Thread 0x000002c5778f09d0 2755       3       sun.util.locale.LanguageTag::<init> (50 bytes)
Event: 6.848 Thread 0x000002c5778f09d0 nmethod 2755 0x000002c552c95210 code [0x000002c552c95400, 0x000002c552c959b8]
Event: 6.848 Thread 0x000002c5778f09d0 2756       3       sun.util.locale.LanguageTag::isLanguage (29 bytes)
Event: 6.848 Thread 0x000002c5778f09d0 nmethod 2756 0x000002c552c95b10 code [0x000002c552c95d40, 0x000002c552c966f8]
Event: 6.848 Thread 0x000002c5778f09d0 2766       3       java.util.Locale::equals (75 bytes)
Event: 6.848 Thread 0x000002c5778f09d0 nmethod 2766 0x000002c552c96a90 code [0x000002c552c96ca0, 0x000002c552c97438]
Event: 6.848 Thread 0x000002c5778f09d0 2765       3       sun.util.locale.BaseLocale$Cache::normalizeKey (9 bytes)
Event: 6.849 Thread 0x000002c5778f09d0 nmethod 2765 0x000002c552c97610 code [0x000002c552c977c0, 0x000002c552c97a68]
Event: 6.849 Thread 0x000002c5778f09d0 2767       3       sun.util.locale.BaseLocale::equals (71 bytes)
Event: 6.849 Thread 0x000002c5778f09d0 nmethod 2767 0x000002c552c97b90 code [0x000002c552c97d60, 0x000002c552c98278]
Event: 6.849 Thread 0x000002c5778f09d0 2757       3       sun.util.locale.LanguageTag::getVariants (24 bytes)
Event: 6.849 Thread 0x000002c5778f09d0 nmethod 2757 0x000002c552c98390 code [0x000002c552c98560, 0x000002c552c98838]
Event: 6.849 Thread 0x000002c5778f09d0 2758       3       sun.util.locale.LanguageTag::getExtensions (24 bytes)
Event: 6.849 Thread 0x000002c5778f09d0 nmethod 2758 0x000002c552c98910 code [0x000002c552c98ae0, 0x000002c552c98db8]
Event: 6.849 Thread 0x000002c5778f09d0 2759       3       sun.util.locale.InternalLocaleBuilder::<init> (29 bytes)
Event: 6.849 Thread 0x000002c5778f09d0 nmethod 2759 0x000002c552c98e90 code [0x000002c552c99040, 0x000002c552c99398]
Event: 6.849 Thread 0x000002c5778f09d0 2762       3       java.util.Locale::forLanguageTag (74 bytes)
Event: 6.849 Thread 0x000002c5778f09d0 nmethod 2762 0x000002c552c99490 code [0x000002c552c996c0, 0x000002c552c99dd8]
Event: 6.849 Thread 0x000002c5778f09d0 2763       3       sun.util.locale.LanguageTag::parse (205 bytes)

GC Heap History (4 events):
Event: 0.399 GC heap before
{Heap before GC invocations=0 (full 0):
 garbage-first heap   total 524288K, used 20480K [0x0000000602400000, 0x0000000800000000)
  region size 4096K, 6 young (24576K), 0 survivors (0K)
 Metaspace       used 4878K, committed 5056K, reserved 1114112K
  class space    used 570K, committed 640K, reserved 1048576K
}
Event: 0.401 GC heap after
{Heap after GC invocations=1 (full 0):
 garbage-first heap   total 524288K, used 3704K [0x0000000602400000, 0x0000000800000000)
  region size 4096K, 1 young (4096K), 1 survivors (4096K)
 Metaspace       used 4878K, committed 5056K, reserved 1114112K
  class space    used 570K, committed 640K, reserved 1048576K
}
Event: 0.713 GC heap before
{Heap before GC invocations=1 (full 0):
 garbage-first heap   total 524288K, used 36472K [0x0000000602400000, 0x0000000800000000)
  region size 4096K, 10 young (40960K), 1 survivors (4096K)
 Metaspace       used 14977K, committed 15168K, reserved 1114112K
  class space    used 2032K, committed 2112K, reserved 1048576K
}
Event: 0.716 GC heap after
{Heap after GC invocations=2 (full 0):
 garbage-first heap   total 524288K, used 9909K [0x0000000602400000, 0x0000000800000000)
  region size 4096K, 2 young (8192K), 2 survivors (8192K)
 Metaspace       used 14977K, committed 15168K, reserved 1114112K
  class space    used 2032K, committed 2112K, reserved 1048576K
}

Dll operation events (2 events):
Event: 0.003 Loaded shared library C:\Users\Mega-PC\.jdks\jbr-17.0.12\bin\java.dll
Event: 0.013 Loaded shared library C:\Users\Mega-PC\.jdks\jbr-17.0.12\bin\jsvml.dll

Deoptimization events (20 events):
Event: 5.762 Thread 0x000002c57c570900 Uncommon trap: trap_request=0xffffff45 fr.pc=0x000002c55a28e91c relative=0x000000000000019c
Event: 5.762 Thread 0x000002c57c570900 Uncommon trap: reason=unstable_if action=reinterpret pc=0x000002c55a28e91c method=java.lang.String.isLatin1()Z @ 10 c2
Event: 5.762 Thread 0x000002c57c570900 DEOPT PACKING pc=0x000002c55a28e91c sp=0x000000dde61fcd00
Event: 5.762 Thread 0x000002c57c570900 DEOPT UNPACKING pc=0x000002c559d369a3 sp=0x000000dde61fcc38 mode 2
Event: 5.762 Thread 0x000002c57c570900 Uncommon trap: trap_request=0xffffff45 fr.pc=0x000002c55a28bbc8 relative=0x0000000000000048
Event: 5.762 Thread 0x000002c57c570900 Uncommon trap: reason=unstable_if action=reinterpret pc=0x000002c55a28bbc8 method=java.lang.CharacterData.of(I)Ljava/lang/CharacterData; @ 4 c2
Event: 5.762 Thread 0x000002c57c570900 DEOPT PACKING pc=0x000002c55a28bbc8 sp=0x000000dde61fbf90
Event: 5.762 Thread 0x000002c57c570900 DEOPT UNPACKING pc=0x000002c559d369a3 sp=0x000000dde61fbf28 mode 2
Event: 5.997 Thread 0x000002c57c570900 Uncommon trap: trap_request=0xffffff45 fr.pc=0x000002c55a2cd9ac relative=0x000000000000040c
Event: 5.997 Thread 0x000002c57c570900 Uncommon trap: reason=unstable_if action=reinterpret pc=0x000002c55a2cd9ac method=java.lang.StringLatin1.canEncode(I)Z @ 4 c2
Event: 5.997 Thread 0x000002c57c570900 DEOPT PACKING pc=0x000002c55a2cd9ac sp=0x000000dde61fc950
Event: 5.997 Thread 0x000002c57c570900 DEOPT UNPACKING pc=0x000002c559d369a3 sp=0x000000dde61fc8d0 mode 2
Event: 5.997 Thread 0x000002c57c570900 Uncommon trap: trap_request=0xffffff45 fr.pc=0x000002c55a281c5c relative=0x000000000000005c
Event: 5.997 Thread 0x000002c57c570900 Uncommon trap: reason=unstable_if action=reinterpret pc=0x000002c55a281c5c method=java.lang.String.isLatin1()Z @ 10 c2
Event: 5.997 Thread 0x000002c57c570900 DEOPT PACKING pc=0x000002c55a281c5c sp=0x000000dde61fccb0
Event: 5.997 Thread 0x000002c57c570900 DEOPT UNPACKING pc=0x000002c559d369a3 sp=0x000000dde61fcc40 mode 2
Event: 6.463 Thread 0x000002c57c0936c0 DEOPT PACKING pc=0x000002c552b9eeed sp=0x000000dde5efdc20
Event: 6.463 Thread 0x000002c57c0936c0 DEOPT UNPACKING pc=0x000002c559d37143 sp=0x000000dde5efd088 mode 0
Event: 6.464 Thread 0x000002c57c0936c0 DEOPT PACKING pc=0x000002c552b9ef89 sp=0x000000dde5efdc20
Event: 6.464 Thread 0x000002c57c0936c0 DEOPT UNPACKING pc=0x000002c559d37143 sp=0x000000dde5efd088 mode 0

Classes loaded (20 events):
Event: 0.834 Loading class jdk/internal/reflect/UnsafeQualifiedStaticObjectFieldAccessorImpl
Event: 0.834 Loading class jdk/internal/reflect/UnsafeQualifiedStaticFieldAccessorImpl
Event: 0.835 Loading class jdk/internal/reflect/UnsafeQualifiedStaticFieldAccessorImpl done
Event: 0.835 Loading class jdk/internal/reflect/UnsafeQualifiedStaticObjectFieldAccessorImpl done
Event: 0.959 Loading class java/util/EnumMap$Values
Event: 0.959 Loading class java/util/EnumMap$Values done
Event: 0.959 Loading class java/util/EnumMap$ValueIterator
Event: 0.959 Loading class java/util/EnumMap$EnumMapIterator
Event: 0.959 Loading class java/util/EnumMap$EnumMapIterator done
Event: 0.959 Loading class java/util/EnumMap$ValueIterator done
Event: 4.674 Loading class java/io/ObjectInput
Event: 4.674 Loading class java/io/ObjectInput done
Event: 4.674 Loading class java/io/ObjectOutput
Event: 4.674 Loading class java/io/ObjectOutput done
Event: 4.674 Loading class java/util/regex/Pattern$SliceI
Event: 4.674 Loading class java/util/regex/Pattern$SliceI done
Event: 4.679 Loading class sun/nio/cs/UTF_16LE$Decoder
Event: 4.679 Loading class sun/nio/cs/UTF_16LE$Decoder done
Event: 6.836 Loading class java/util/TimerTask
Event: 6.836 Loading class java/util/TimerTask done

Classes unloaded (0 events):
No events

Classes redefined (0 events):
No events

Internal exceptions (20 events):
Event: 0.594 Thread 0x000002c57c570900 Exception <a 'java/lang/ClassNotFoundException'{0x0000000620c24820}: com/sun/glass/ui/win/themes_en> (0x0000000620c24820) 
thrown [s\src\hotspot\share\prims\jni.cpp, line 550]
Event: 0.594 Thread 0x000002c57c570900 Exception <a 'java/lang/ClassNotFoundException'{0x0000000620c2c850}: com/sun/glass/ui/win/themes_en_US> (0x0000000620c2c850) 
thrown [s\src\hotspot\share\prims\jni.cpp, line 550]
Event: 0.625 Thread 0x000002c57c570900 Exception <a 'java/lang/NoSuchMethodError'{0x0000000620619640}: 'void java.lang.invoke.DirectMethodHandle$Holder.invokeStaticInit(java.lang.Object, java.lang.Object)'> (0x0000000620619640) 
thrown [s\src\hotspot\share\interpreter\linkResolver.cpp, line 771]
Event: 0.627 Thread 0x000002c57c570900 Exception <a 'java/lang/NoSuchMethodError'{0x000000062064e840}: 'void java.lang.invoke.DirectMethodHandle$Holder.invokeSpecial(java.lang.Object, java.lang.Object, java.lang.Object, java.lang.Object, java.lang.Object)'> (0x000000062064e840) 
thrown [s\src\hotspot\share\interpreter\linkResolver.cpp, line 771]
Event: 0.671 Thread 0x000002c57c570900 Implicit null exception at 0x000002c55a29f03e to 0x000002c55a29fdc0
Event: 0.684 Thread 0x000002c57c570900 Implicit null exception at 0x000002c55a31970d to 0x000002c55a319c70
Event: 0.685 Thread 0x000002c57c570900 Implicit null exception at 0x000002c55a318b8d to 0x000002c55a3190f0
Event: 0.685 Thread 0x000002c57c570900 Implicit null exception at 0x000002c55a2a078f to 0x000002c55a2a0809
Event: 0.734 Thread 0x000002c57c570900 Exception <a 'java/lang/NoSuchMethodError'{0x0000000622292cc8}: 'java.lang.Object java.lang.invoke.DirectMethodHandle$Holder.invokeInterface(java.lang.Object, java.lang.Object, java.lang.Object)'> (0x0000000622292cc8) 
thrown [s\src\hotspot\share\interpreter\linkResolver.cpp, line 771]
Event: 0.734 Thread 0x000002c57c570900 Exception <a 'java/lang/IncompatibleClassChangeError'{0x0000000622296390}: Found class java.lang.Object, but interface was expected> (0x0000000622296390) 
thrown [s\src\hotspot\share\interpreter\linkResolver.cpp, line 838]
Event: 0.753 Thread 0x000002c57c570900 Exception <a 'java/lang/ClassNotFoundException'{0x0000000621cf8298}: com/sun/javafx/scene/control/skin/resources/controls> (0x0000000621cf8298) 
thrown [s\src\hotspot\share\prims\jni.cpp, line 550]
Event: 0.753 Thread 0x000002c57c570900 Exception <a 'java/lang/ClassNotFoundException'{0x0000000621d066b0}: com/sun/javafx/scene/control/skin/resources/controls_en> (0x0000000621d066b0) 
thrown [s\src\hotspot\share\prims\jni.cpp, line 550]
Event: 0.754 Thread 0x000002c57c570900 Exception <a 'java/lang/ClassNotFoundException'{0x0000000621d08310}: com/sun/javafx/scene/control/skin/resources/controls_en_US> (0x0000000621d08310) 
thrown [s\src\hotspot\share\prims\jni.cpp, line 550]
Event: 0.765 Thread 0x000002c57c570900 Exception <a 'java/lang/NoSuchMethodError'{0x0000000621e8f610}: 'void java.lang.invoke.DirectMethodHandle$Holder.invokeSpecial(java.lang.Object, java.lang.Object, java.lang.Object, java.lang.Object, java.lang.Object, java.lang.Object)'> (0x0000000621e8f610) 
thrown [s\src\hotspot\share\interpreter\linkResolver.cpp, line 771]
Event: 0.798 Thread 0x000002c57c570900 Exception <a 'java/lang/NoSuchMethodError'{0x0000000621a18d40}: 'java.lang.Object java.lang.invoke.DirectMethodHandle$Holder.newInvokeSpecial(java.lang.Object, java.lang.Object, int)'> (0x0000000621a18d40) 
thrown [s\src\hotspot\share\interpreter\linkResolver.cpp, line 771]
Event: 0.817 Thread 0x000002c57c0936c0 Exception <a 'java/lang/NoSuchMethodError'{0x0000000621bcf910}: 'int java.lang.invoke.DirectMethodHandle$Holder.invokeStaticInit(java.lang.Object, java.lang.Object)'> (0x0000000621bcf910) 
thrown [s\src\hotspot\share\interpreter\linkResolver.cpp, line 771]
Event: 1.711 Thread 0x000002c57c570900 Exception <a 'java/lang/NoSuchMethodError'{0x000000062114d550}: 'long java.lang.invoke.DirectMethodHandle$Holder.invokeStatic(java.lang.Object, java.lang.Object, java.lang.Object)'> (0x000000062114d550) 
thrown [s\src\hotspot\share\interpreter\linkResolver.cpp, line 771]
Event: 1.711 Thread 0x000002c57c570900 Exception <a 'java/lang/NoSuchMethodError'{0x0000000621150cf8}: 'long java.lang.invoke.DirectMethodHandle$Holder.invokeStaticInit(java.lang.Object, java.lang.Object, java.lang.Object)'> (0x0000000621150cf8) 
thrown [s\src\hotspot\share\interpreter\linkResolver.cpp, line 771]
Event: 1.712 Thread 0x000002c57c570900 Exception <a 'java/lang/NoSuchMethodError'{0x0000000621168878}: 'java.lang.Object java.lang.invoke.DirectMethodHandle$Holder.newInvokeSpecial(java.lang.Object, java.lang.Object, long)'> (0x0000000621168878) 
thrown [s\src\hotspot\share\interpreter\linkResolver.cpp, line 771]
Event: 1.712 Thread 0x000002c57c570900 Exception <a 'java/lang/NoSuchMethodError'{0x000000062116c3e8}: 'java.lang.Object java.lang.invoke.Invokers$Holder.linkToTargetMethod(java.lang.Object, long, java.lang.Object)'> (0x000000062116c3e8) 
thrown [s\src\hotspot\share\interpreter\linkResolver.cpp, line 771]

VM Operations (20 events):
Event: 0.533 Executing VM operation: HandshakeAllThreads
Event: 0.533 Executing VM operation: HandshakeAllThreads done
Event: 0.621 Executing VM operation: ICBufferFull
Event: 0.621 Executing VM operation: ICBufferFull done
Event: 0.630 Executing VM operation: HandshakeAllThreads
Event: 0.630 Executing VM operation: HandshakeAllThreads done
Event: 0.713 Executing VM operation: G1CollectForAllocation
Event: 0.716 Executing VM operation: G1CollectForAllocation done
Event: 1.217 Executing VM operation: ICBufferFull
Event: 1.217 Executing VM operation: ICBufferFull done
Event: 3.217 Executing VM operation: Cleanup
Event: 3.217 Executing VM operation: Cleanup done
Event: 4.217 Executing VM operation: Cleanup
Event: 4.217 Executing VM operation: Cleanup done
Event: 5.218 Executing VM operation: Cleanup
Event: 5.218 Executing VM operation: Cleanup done
Event: 5.762 Executing VM operation: HandshakeAllThreads
Event: 5.762 Executing VM operation: HandshakeAllThreads done
Event: 6.761 Executing VM operation: Cleanup
Event: 6.761 Executing VM operation: Cleanup done

Events (20 events):
Event: 0.171 Loaded shared library C:\Users\Mega-PC\.openjfx\cache\21.0.2+5\amd64\vcruntime140_1.dll
Event: 0.175 Loaded shared library C:\Users\Mega-PC\.openjfx\cache\21.0.2+5\amd64\msvcp140.dll
Event: 0.176 Loaded shared library C:\Users\Mega-PC\.openjfx\cache\21.0.2+5\amd64\msvcp140_1.dll
Event: 0.179 Loaded shared library C:\Users\Mega-PC\.openjfx\cache\21.0.2+5\amd64\msvcp140_2.dll
Event: 0.194 Thread 0x000002c57c0936c0 Thread added: 0x000002c57c0936c0
Event: 0.198 Loaded shared library C:\Users\Mega-PC\.openjfx\cache\21.0.2+5\amd64\prism_d3d.dll
Event: 0.281 Loaded shared library C:\Users\Mega-PC\.openjfx\cache\21.0.2+5\amd64\glass.dll
Event: 0.282 Thread 0x000002c57c52f820 Thread added: 0x000002c57c52f820
Event: 0.284 Thread 0x000002c57c570900 Thread added: 0x000002c57c570900
Event: 0.368 Thread 0x000002c57e201c40 Thread added: 0x000002c57e201c40
Event: 0.380 Loaded shared library C:\Users\Mega-PC\.jdks\jbr-17.0.12\bin\jimage.dll
Event: 0.382 Thread 0x000002c57e202b70 Thread added: 0x000002c57e202b70
Event: 0.442 Thread 0x000002c57e202150 Thread added: 0x000002c57e202150
Event: 0.505 Loaded shared library C:\Users\Mega-PC\.jdks\jbr-17.0.12\bin\extnet.dll
Event: 0.604 Loaded shared library C:\Users\Mega-PC\.openjfx\cache\21.0.2+5\amd64\javafx_font.dll
Event: 0.731 Thread 0x000002c57e202660 Thread added: 0x000002c57e202660
Event: 0.832 Thread 0x000002c57e203080 Thread added: 0x000002c57e203080
Event: 0.960 Thread 0x000002c577b36110 Thread exited: 0x000002c577b36110
Event: 0.960 Thread 0x000002c577a205c0 Thread exited: 0x000002c577a205c0
Event: 6.845 Thread 0x000002c5473f5510 Thread added: 0x000002c5473f5510


Dynamic libraries:
0x00007ff7dac60000 - 0x00007ff7dac6a000 	C:\Users\Mega-PC\.jdks\jbr-17.0.12\bin\java.exe
0x00007fff23cb0000 - 0x00007fff23ea8000 	C:\Windows\SYSTEM32\ntdll.dll
0x00007fff23ba0000 - 0x00007fff23c62000 	C:\Windows\System32\KERNEL32.DLL
0x00007fff21460000 - 0x00007fff2175f000 	C:\Windows\System32\KERNELBASE.dll
0x00007fff217d0000 - 0x00007fff218d0000 	C:\Windows\System32\ucrtbase.dll
0x00007fff06870000 - 0x00007fff06887000 	C:\Users\Mega-PC\.jdks\jbr-17.0.12\bin\jli.dll
0x00007fff06890000 - 0x00007fff068ab000 	C:\Users\Mega-PC\.jdks\jbr-17.0.12\bin\VCRUNTIME140.dll
0x00007fff23390000 - 0x00007fff2352d000 	C:\Windows\System32\USER32.dll
0x00007fff20710000 - 0x00007fff209aa000 	C:\Windows\WinSxS\amd64_microsoft.windows.common-controls_6595b64144ccf1df_6.0.19041.4355_none_60b8b9eb71f62e16\COMCTL32.dll
0x00007fff213e0000 - 0x00007fff21402000 	C:\Windows\System32\win32u.dll
0x00007fff23120000 - 0x00007fff2314b000 	C:\Windows\System32\GDI32.dll
0x00007fff231f0000 - 0x00007fff2328e000 	C:\Windows\System32\msvcrt.dll
0x00007fff21970000 - 0x00007fff21a8a000 	C:\Windows\System32\gdi32full.dll
0x00007fff218d0000 - 0x00007fff2196d000 	C:\Windows\System32\msvcp_win.dll
0x00007fff21fc0000 - 0x00007fff21fef000 	C:\Windows\System32\IMM32.DLL
0x00007fff14fe0000 - 0x00007fff14fec000 	C:\Users\Mega-PC\.jdks\jbr-17.0.12\bin\vcruntime140_1.dll
0x00007ffef7ae0000 - 0x00007ffef7b6d000 	C:\Users\Mega-PC\.jdks\jbr-17.0.12\bin\msvcp140.dll
0x00007ffe8e680000 - 0x00007ffe8f30a000 	C:\Users\Mega-PC\.jdks\jbr-17.0.12\bin\server\jvm.dll
0x00007fff23660000 - 0x00007fff2370f000 	C:\Windows\System32\ADVAPI32.dll
0x00007fff21cf0000 - 0x00007fff21d8f000 	C:\Windows\System32\sechost.dll
0x00007fff23530000 - 0x00007fff23653000 	C:\Windows\System32\RPCRT4.dll
0x00007fff21ca0000 - 0x00007fff21cc7000 	C:\Windows\System32\bcrypt.dll
0x00007fff22620000 - 0x00007fff2268b000 	C:\Windows\System32\WS2_32.dll
0x00007fff20d10000 - 0x00007fff20d5b000 	C:\Windows\SYSTEM32\POWRPROF.dll
0x00007fff18af0000 - 0x00007fff18b17000 	C:\Windows\SYSTEM32\WINMM.dll
0x00007fff1a080000 - 0x00007fff1a08a000 	C:\Windows\SYSTEM32\VERSION.dll
0x00007fff209b0000 - 0x00007fff209c2000 	C:\Windows\SYSTEM32\UMPDC.dll
0x00007fff1e4e0000 - 0x00007fff1e4f2000 	C:\Windows\SYSTEM32\kernel.appcore.dll
0x00007fff07070000 - 0x00007fff0707a000 	C:\Users\Mega-PC\.jdks\jbr-17.0.12\bin\jimage.dll
0x00007fff20b20000 - 0x00007fff20d04000 	C:\Windows\SYSTEM32\DBGHELP.DLL
0x00007fff20ac0000 - 0x00007fff20af4000 	C:\Windows\SYSTEM32\dbgcore.DLL
0x00007fff21350000 - 0x00007fff213d2000 	C:\Windows\System32\bcryptPrimitives.dll
0x00007ffefb9c0000 - 0x00007ffefb9e5000 	C:\Users\Mega-PC\.jdks\jbr-17.0.12\bin\java.dll
0x00007ffef64a0000 - 0x00007ffef6577000 	C:\Users\Mega-PC\.jdks\jbr-17.0.12\bin\jsvml.dll
0x00007fff22950000 - 0x00007fff230bd000 	C:\Windows\System32\SHELL32.dll
0x00007fff1ed70000 - 0x00007fff1f513000 	C:\Windows\SYSTEM32\windows.storage.dll
0x00007fff23840000 - 0x00007fff23b95000 	C:\Windows\System32\combase.dll
0x00007fff20670000 - 0x00007fff2069b000 	C:\Windows\SYSTEM32\Wldp.dll
0x00007fff22880000 - 0x00007fff2294d000 	C:\Windows\System32\OLEAUT32.dll
0x00007fff21f10000 - 0x00007fff21fbd000 	C:\Windows\System32\SHCORE.dll
0x00007fff22740000 - 0x00007fff22795000 	C:\Windows\System32\shlwapi.dll
0x00007fff21280000 - 0x00007fff212a5000 	C:\Windows\SYSTEM32\profapi.dll
0x00007ffefbae0000 - 0x00007ffefbaf9000 	C:\Users\Mega-PC\.jdks\jbr-17.0.12\bin\net.dll
0x00007fff1a240000 - 0x00007fff1a34a000 	C:\Windows\SYSTEM32\WINHTTP.dll
0x00007fff20570000 - 0x00007fff205dc000 	C:\Windows\system32\mswsock.dll
0x00007ffef8ab0000 - 0x00007ffef8ac6000 	C:\Users\Mega-PC\.jdks\jbr-17.0.12\bin\nio.dll
0x00007ffefc4d0000 - 0x00007ffefc4e8000 	C:\Users\Mega-PC\.jdks\jbr-17.0.12\bin\zip.dll
0x000002c577e80000 - 0x000002c577e83000 	C:\Users\Mega-PC\.openjfx\cache\21.0.2+5\amd64\api-ms-win-core-console-l1-1-0.dll
0x000002c577e90000 - 0x000002c577e93000 	C:\Users\Mega-PC\.openjfx\cache\21.0.2+5\amd64\api-ms-win-core-console-l1-2-0.dll
0x000002c577ea0000 - 0x000002c577ea3000 	C:\Users\Mega-PC\.openjfx\cache\21.0.2+5\amd64\api-ms-win-core-datetime-l1-1-0.dll
0x000002c577eb0000 - 0x000002c577eb3000 	C:\Users\Mega-PC\.openjfx\cache\21.0.2+5\amd64\api-ms-win-core-debug-l1-1-0.dll
0x000002c577ec0000 - 0x000002c577ec3000 	C:\Users\Mega-PC\.openjfx\cache\21.0.2+5\amd64\api-ms-win-core-errorhandling-l1-1-0.dll
0x000002c577ed0000 - 0x000002c577ed4000 	C:\Users\Mega-PC\.openjfx\cache\21.0.2+5\amd64\api-ms-win-core-file-l1-1-0.dll
0x000002c577ee0000 - 0x000002c577ee3000 	C:\Users\Mega-PC\.openjfx\cache\21.0.2+5\amd64\api-ms-win-core-file-l1-2-0.dll
0x000002c577ef0000 - 0x000002c577ef3000 	C:\Users\Mega-PC\.openjfx\cache\21.0.2+5\amd64\api-ms-win-core-file-l2-1-0.dll
0x000002c577f00000 - 0x000002c577f03000 	C:\Users\Mega-PC\.openjfx\cache\21.0.2+5\amd64\api-ms-win-core-handle-l1-1-0.dll
0x000002c577f10000 - 0x000002c577f13000 	C:\Users\Mega-PC\.openjfx\cache\21.0.2+5\amd64\api-ms-win-core-heap-l1-1-0.dll
0x000002c577f20000 - 0x000002c577f23000 	C:\Users\Mega-PC\.openjfx\cache\21.0.2+5\amd64\api-ms-win-core-interlocked-l1-1-0.dll
0x000002c577f30000 - 0x000002c577f33000 	C:\Users\Mega-PC\.openjfx\cache\21.0.2+5\amd64\api-ms-win-core-libraryloader-l1-1-0.dll
0x000002c577f40000 - 0x000002c577f43000 	C:\Users\Mega-PC\.openjfx\cache\21.0.2+5\amd64\api-ms-win-core-localization-l1-2-0.dll
0x000002c577f50000 - 0x000002c577f53000 	C:\Users\Mega-PC\.openjfx\cache\21.0.2+5\amd64\api-ms-win-core-memory-l1-1-0.dll
0x000002c577f60000 - 0x000002c577f63000 	C:\Users\Mega-PC\.openjfx\cache\21.0.2+5\amd64\api-ms-win-core-namedpipe-l1-1-0.dll
0x000002c577f70000 - 0x000002c577f73000 	C:\Users\Mega-PC\.openjfx\cache\21.0.2+5\amd64\api-ms-win-core-processenvironment-l1-1-0.dll
0x000002c577f80000 - 0x000002c577f83000 	C:\Users\Mega-PC\.openjfx\cache\21.0.2+5\amd64\api-ms-win-core-processthreads-l1-1-0.dll
0x000002c577f90000 - 0x000002c577f93000 	C:\Users\Mega-PC\.openjfx\cache\21.0.2+5\amd64\api-ms-win-core-processthreads-l1-1-1.dll
0x000002c577fa0000 - 0x000002c577fa3000 	C:\Users\Mega-PC\.openjfx\cache\21.0.2+5\amd64\api-ms-win-core-profile-l1-1-0.dll
0x000002c577fb0000 - 0x000002c577fb3000 	C:\Users\Mega-PC\.openjfx\cache\21.0.2+5\amd64\api-ms-win-core-rtlsupport-l1-1-0.dll
0x000002c577fc0000 - 0x000002c577fc3000 	C:\Users\Mega-PC\.openjfx\cache\21.0.2+5\amd64\api-ms-win-core-string-l1-1-0.dll
0x000002c577fd0000 - 0x000002c577fd3000 	C:\Users\Mega-PC\.openjfx\cache\21.0.2+5\amd64\api-ms-win-core-synch-l1-1-0.dll
0x000002c577fe0000 - 0x000002c577fe3000 	C:\Users\Mega-PC\.openjfx\cache\21.0.2+5\amd64\api-ms-win-core-synch-l1-2-0.dll
0x000002c577ff0000 - 0x000002c577ff3000 	C:\Users\Mega-PC\.openjfx\cache\21.0.2+5\amd64\api-ms-win-core-sysinfo-l1-1-0.dll
0x000002c57c800000 - 0x000002c57c803000 	C:\Users\Mega-PC\.openjfx\cache\21.0.2+5\amd64\api-ms-win-core-timezone-l1-1-0.dll
0x000002c57c810000 - 0x000002c57c813000 	C:\Users\Mega-PC\.openjfx\cache\21.0.2+5\amd64\api-ms-win-core-util-l1-1-0.dll
0x000002c57c820000 - 0x000002c57c823000 	C:\Users\Mega-PC\.openjfx\cache\21.0.2+5\amd64\api-ms-win-crt-conio-l1-1-0.dll
0x000002c57c830000 - 0x000002c57c834000 	C:\Users\Mega-PC\.openjfx\cache\21.0.2+5\amd64\api-ms-win-crt-convert-l1-1-0.dll
0x000002c57c840000 - 0x000002c57c843000 	C:\Users\Mega-PC\.openjfx\cache\21.0.2+5\amd64\api-ms-win-crt-environment-l1-1-0.dll
0x000002c57c850000 - 0x000002c57c853000 	C:\Users\Mega-PC\.openjfx\cache\21.0.2+5\amd64\api-ms-win-crt-filesystem-l1-1-0.dll
0x000002c57c860000 - 0x000002c57c863000 	C:\Users\Mega-PC\.openjfx\cache\21.0.2+5\amd64\api-ms-win-crt-heap-l1-1-0.dll
0x000002c57c870000 - 0x000002c57c873000 	C:\Users\Mega-PC\.openjfx\cache\21.0.2+5\amd64\api-ms-win-crt-locale-l1-1-0.dll
0x000002c57c880000 - 0x000002c57c885000 	C:\Users\Mega-PC\.openjfx\cache\21.0.2+5\amd64\api-ms-win-crt-math-l1-1-0.dll
0x000002c57c890000 - 0x000002c57c895000 	C:\Users\Mega-PC\.openjfx\cache\21.0.2+5\amd64\api-ms-win-crt-multibyte-l1-1-0.dll
0x000002c57c8a0000 - 0x000002c57c8b0000 	C:\Users\Mega-PC\.openjfx\cache\21.0.2+5\amd64\api-ms-win-crt-private-l1-1-0.dll
0x000002c57c8b0000 - 0x000002c57c8b3000 	C:\Users\Mega-PC\.openjfx\cache\21.0.2+5\amd64\api-ms-win-crt-process-l1-1-0.dll
0x000002c57c8c0000 - 0x000002c57c8c4000 	C:\Users\Mega-PC\.openjfx\cache\21.0.2+5\amd64\api-ms-win-crt-runtime-l1-1-0.dll
0x000002c57c8d0000 - 0x000002c57c8d4000 	C:\Users\Mega-PC\.openjfx\cache\21.0.2+5\amd64\api-ms-win-crt-stdio-l1-1-0.dll
0x000002c57c8e0000 - 0x000002c57c8e4000 	C:\Users\Mega-PC\.openjfx\cache\21.0.2+5\amd64\api-ms-win-crt-string-l1-1-0.dll
0x000002c57c8f0000 - 0x000002c57c8f3000 	C:\Users\Mega-PC\.openjfx\cache\21.0.2+5\amd64\api-ms-win-crt-time-l1-1-0.dll
0x000002c57c900000 - 0x000002c57c903000 	C:\Users\Mega-PC\.openjfx\cache\21.0.2+5\amd64\api-ms-win-crt-utility-l1-1-0.dll
0x00007ffef63a0000 - 0x00007ffef649c000 	C:\Users\Mega-PC\.openjfx\cache\21.0.2+5\amd64\ucrtbase.dll
0x00007ffef7ac0000 - 0x00007ffef7adb000 	C:\Users\Mega-PC\.openjfx\cache\21.0.2+5\amd64\vcruntime140.dll
0x00007ffefbc60000 - 0x00007ffefbc6c000 	C:\Users\Mega-PC\.openjfx\cache\21.0.2+5\amd64\vcruntime140_1.dll
0x00007ffef6310000 - 0x00007ffef639e000 	C:\Users\Mega-PC\.openjfx\cache\21.0.2+5\amd64\msvcp140.dll
0x00007ffefb900000 - 0x00007ffefb909000 	C:\Users\Mega-PC\.openjfx\cache\21.0.2+5\amd64\msvcp140_1.dll
0x00007ffef62c0000 - 0x00007ffef6301000 	C:\Users\Mega-PC\.openjfx\cache\21.0.2+5\amd64\msvcp140_2.dll
0x00007ffef6290000 - 0x00007ffef62c0000 	C:\Users\Mega-PC\.openjfx\cache\21.0.2+5\amd64\prism_d3d.dll
0x00007fff0f2c0000 - 0x00007fff0f491000 	C:\Windows\system32\d3d9.dll
0x00007fff1e300000 - 0x00007fff1e32f000 	C:\Windows\SYSTEM32\dwmapi.dll
0x00007fff1e0e0000 - 0x00007fff1e17e000 	C:\Windows\system32\uxtheme.dll
0x00007fff14bb0000 - 0x00007fff14c72000 	C:\Windows\System32\DriverStore\FileRepository\nv_dispi.inf_amd64_521f36110c1a672d\nvldumdx.dll
0x00007fff20b00000 - 0x00007fff20b12000 	C:\Windows\SYSTEM32\msasn1.dll
0x00007fff1a020000 - 0x00007fff1a051000 	C:\Windows\SYSTEM32\cryptnet.dll
0x00007fff21a90000 - 0x00007fff21bec000 	C:\Windows\System32\CRYPT32.dll
0x00007fff20660000 - 0x00007fff2066c000 	C:\Windows\SYSTEM32\cryptbase.dll
0x00007fff19d40000 - 0x00007fff19e87000 	C:\Windows\SYSTEM32\drvstore.dll
0x00007fff21100000 - 0x00007fff21133000 	C:\Windows\SYSTEM32\devobj.dll
0x00007fff21410000 - 0x00007fff2145e000 	C:\Windows\System32\cfgmgr32.dll
0x00007fff21760000 - 0x00007fff217c8000 	C:\Windows\System32\wintrust.dll
0x00007fff21cd0000 - 0x00007fff21ced000 	C:\Windows\System32\imagehlp.dll
0x00007fff210c0000 - 0x00007fff210d8000 	C:\Windows\SYSTEM32\CRYPTSP.dll
0x00007fff1fcf0000 - 0x00007fff1fd28000 	C:\Windows\system32\rsaenh.dll
0x00007fff10290000 - 0x00007fff13a2a000 	C:\Windows\System32\DriverStore\FileRepository\nv_dispi.inf_amd64_521f36110c1a672d\nvgpucomp64.dll
0x00007fff23710000 - 0x00007fff2383b000 	C:\Windows\System32\ole32.dll
0x00007fff0efc0000 - 0x00007fff0f097000 	C:\Windows\System32\DriverStore\FileRepository\nv_dispi.inf_amd64_521f36110c1a672d\NvMemMapStoragex.dll
0x00007ffec5270000 - 0x00007ffec7337000 	C:\Windows\System32\DriverStore\FileRepository\nv_dispi.inf_amd64_521f36110c1a672d\nvd3dumx.dll
0x00007ffef6240000 - 0x00007ffef6282000 	C:\Users\Mega-PC\.openjfx\cache\21.0.2+5\amd64\glass.dll
0x00007fff227a0000 - 0x00007fff2287a000 	C:\Windows\System32\COMDLG32.dll
0x0000000180000000 - 0x00000001834b4000 	C:\Program Files (x86)\RivaTuner Statistics Server\RTSSHooks64.dll
0x00007fff21ff0000 - 0x00007fff22461000 	C:\Windows\System32\SETUPAPI.dll
0x00007fff21df0000 - 0x00007fff21f05000 	C:\Windows\System32\MSCTF.dll
0x00007ffecc580000 - 0x00007ffecc884000 	C:\Windows\system32\nvspcap64.dll
0x00007fff21080000 - 0x00007fff210b3000 	C:\Windows\SYSTEM32\ntmarta.dll
0x00007fff1f530000 - 0x00007fff1f553000 	C:\Windows\SYSTEM32\gpapi.dll
0x00007ffef4eb0000 - 0x00007ffef5064000 	C:\Windows\System32\DriverStore\FileRepository\nv_dispi.inf_amd64_521f36110c1a672d\nvppex.dll
0x00007fff19960000 - 0x00007fff1999b000 	C:\Windows\SYSTEM32\dxcore.dll
0x00007fff200f0000 - 0x00007fff201ba000 	C:\Windows\SYSTEM32\DNSAPI.dll
0x00007fff20050000 - 0x00007fff2008b000 	C:\Windows\SYSTEM32\IPHLPAPI.DLL
0x00007fff23370000 - 0x00007fff23378000 	C:\Windows\System32\NSI.dll
0x00007fff19950000 - 0x00007fff1995a000 	C:\Windows\System32\rasadhlp.dll

dbghelp: loaded successfully - version: 4.0.5 - missing functions: none
symbol engine: initialized successfully - sym options: 0x614 - pdb path: .;C:\Users\Mega-PC\.jdks\jbr-17.0.12\bin;C:\Windows\SYSTEM32;C:\Windows\WinSxS\amd64_microsoft.windows.common-controls_6595b64144ccf1df_6.0.19041.4355_none_60b8b9eb71f62e16;C:\Users\Mega-PC\.jdks\jbr-17.0.12\bin\server;C:\Users\Mega-PC\.openjfx\cache\21.0.2+5\amd64;C:\Windows\System32\DriverStore\FileRepository\nv_dispi.inf_amd64_521f36110c1a672d;C:\Program Files (x86)\RivaTuner Statistics Server;C:\Program Files\Common Files\Microsoft Shared\Ink

VM Arguments:
jvm_args: --module-path=C:\Users\Mega-PC\.m2\repository\org\openjfx\javafx-base\21.0.2\javafx-base-21.0.2-win.jar;C:\Users\Mega-PC\.m2\repository\org\openjfx\javafx-base\21.0.2\javafx-base-21.0.2.jar;C:\Users\Mega-PC\.m2\repository\org\openjfx\javafx-controls\21.0.2\javafx-controls-21.0.2-win.jar;C:\Users\Mega-PC\.m2\repository\org\openjfx\javafx-controls\21.0.2\javafx-controls-21.0.2.jar;C:\Users\Mega-PC\.m2\repository\org\openjfx\javafx-fxml\21.0.2\javafx-fxml-21.0.2-win.jar;C:\Users\Mega-PC\.m2\repository\org\openjfx\javafx-fxml\21.0.2\javafx-fxml-21.0.2.jar;C:\Users\Mega-PC\.m2\repository\org\openjfx\javafx-graphics\21.0.2\javafx-graphics-21.0.2-win.jar;C:\Users\Mega-PC\.m2\repository\org\openjfx\javafx-graphics\21.0.2\javafx-graphics-21.0.2.jar;C:\Users\Mega-PC\.m2\repository\org\openjfx\javafx-media\21.0.2\javafx-media-21.0.2-win.jar;C:\Users\Mega-PC\.m2\repository\org\openjfx\javafx-media\21.0.2\javafx-media-21.0.2.jar;C:\Users\Mega-PC\.m2\repository\org\openjfx\javafx-swing\21.0.2\javafx-swing-21.0.2-win.jar;C:\Users\Mega-PC\.m2\repository\org\openjfx\javafx-swing\21.0.2\javafx-swing-21.0.2.jar;C:\Users\Mega-PC\.m2\repository\org\openjfx\javafx-web\21.0.2\javafx-web-21.0.2-win.jar;C:\Users\Mega-PC\.m2\repository\org\openjfx\javafx-web\21.0.2\javafx-web-21.0.2.jar --add-modules=javafx.base,javafx.controls,javafx.fxml,javafx.graphics,javafx.media,javafx.swing,javafx.web 
java_command: esprit.tn.tests.MainFX
java_class_path (initial): C:\Users\Mega-PC\Desktop\pidev\PidevWorksphere\target\classes;C:\Users\Mega-PC\.m2\repository\ch\qos\logback\logback-classic\1.4.11\logback-classic-1.4.11.jar;C:\Users\Mega-PC\.m2\repository\ch\qos\logback\logback-core\1.4.11\logback-core-1.4.11.jar;C:\Users\Mega-PC\.m2\repository\com\fasterxml\jackson\core\jackson-annotations\2.18.3\jackson-annotations-2.18.3.jar;C:\Users\Mega-PC\.m2\repository\com\fasterxml\jackson\core\jackson-core\2.18.3\jackson-core-2.18.3.jar;C:\Users\Mega-PC\.m2\repository\com\fasterxml\jackson\core\jackson-databind\2.18.3\jackson-databind-2.18.3.jar;C:\Users\Mega-PC\.m2\repository\com\fasterxml\jackson\dataformat\jackson-dataformat-xml\2.13.3\jackson-dataformat-xml-2.13.3.jar;C:\Users\Mega-PC\.m2\repository\com\fasterxml\jackson\datatype\jackson-datatype-jsr310\2.13.3\jackson-datatype-jsr310-2.13.3.jar;C:\Users\Mega-PC\.m2\repository\com\fasterxml\woodstox\woodstox-core\6.2.7\woodstox-core-6.2.7.jar;C:\Users\Mega-PC\.m2\repository\com\google\api-client\google-api-client\1.31.5\google-api-client-1.31.5.jar;C:\Users\Mega-PC\.m2\repository\com\google\apis\google-api-services-calendar\v3-rev20211026-1.32.1\google-api-services-calendar-v3-rev20211026-1.32.1.jar;C:\Users\Mega-PC\.m2\repository\com\google\code\findbugs\jsr305\3.0.2\jsr305-3.0.2.jar;C:\Users\Mega-PC\.m2\repository\com\google\code\gson\gson\2.10.1\gson-2.10.1.jar;C:\Users\Mega-PC\.m2\repository\com\google\errorprone\error_prone_annotations\2.5.1\error_prone_annotations-2.5.1.jar;C:\Users\Mega-PC\.m2\repository\com\google\guava\failureaccess\1.0.1\failureaccess-1.0.1.jar;C:\Users\Mega-PC\.m2\repository\com\google\guava\guava\30.1.1-android\guava-30.1.1-android.jar;C:\Users\Mega-PC\.m2\repository\com\google\guava\listenablefuture\9999.0-empty-to-avoid-conflict-with-guava\listenablefuture-9999.0-empty-to-avoid-conflict-with-guava.jar;C:\Users\Mega-PC\.m2\repository\com\google\http-client\google-http-client\1.39.2\google-http-client-1.39.2.jar;C:\Users\Mega-P
Launcher Type: SUN_STANDARD

[Global flags]
     intx CICompilerCount                          = 4                                         {product} {ergonomic}
     uint ConcGCThreads                            = 3                                         {product} {ergonomic}
     uint G1ConcRefinementThreads                  = 10                                        {product} {ergonomic}
   size_t G1HeapRegionSize                         = 4194304                                   {product} {ergonomic}
    uintx GCDrainStackTargetSize                   = 64                                        {product} {ergonomic}
   size_t InitialHeapSize                          = 536870912                                 {product} {ergonomic}
   size_t MarkStackSize                            = 4194304                                   {product} {ergonomic}
   size_t MaxHeapSize                              = 8552185856                                {product} {ergonomic}
   size_t MaxNewSize                               = 5129633792                                {product} {ergonomic}
   size_t MinHeapDeltaBytes                        = 4194304                                   {product} {ergonomic}
   size_t MinHeapSize                              = 8388608                                   {product} {ergonomic}
    uintx NonNMethodCodeHeapSize                   = 5839372                                {pd product} {ergonomic}
    uintx NonProfiledCodeHeapSize                  = 122909434                              {pd product} {ergonomic}
    uintx ProfiledCodeHeapSize                     = 122909434                              {pd product} {ergonomic}
    uintx ReservedCodeCacheSize                    = 251658240                              {pd product} {ergonomic}
     bool SegmentedCodeCache                       = true                                      {product} {ergonomic}
   size_t SoftMaxHeapSize                          = 8552185856                             {manageable} {ergonomic}
     bool UseCompressedClassPointers               = true                           {product lp64_product} {ergonomic}
     bool UseCompressedOops                        = true                           {product lp64_product} {ergonomic}
     bool UseG1GC                                  = true                                      {product} {ergonomic}
     bool UseLargePagesIndividualAllocation        = false                                  {pd product} {ergonomic}

Logging:
Log output configuration:
 #0: stdout all=warning uptime,level,tags
 #1: stderr all=off uptime,level,tags

Environment Variables:
PATH=C:\Program Files (x86)\Common Files\Intel\Shared Libraries\redist\intel64\compiler;C:\Program Files\Python38\Scripts\;C:\Program Files\Python38\;C:\Windows\system32;C:\Windows;C:\Windows\System32\Wbem;C:\Windows\System32\WindowsPowerShell\v1.0\;C:\Windows\System32\OpenSSH\;C:\Program Files (x86)\NVIDIA Corporation\PhysX\Common;C:\Program Files\Git\cmd;C:\Program Files\dotnet\;C:\Program Files\NVIDIA Corporation\NVIDIA app\NvDLISR;C:\Program Files\nodejs\;C:\Users\Mega-PC\AppData\Local\Microsoft\WindowsApps;C:\Users\Mega-PC\AppData\Local\Programs\Microsoft VS Code\bin;C:\Users\Mega-PC\AppData\Roaming\npm;C:\Users\Mega-PC\Documents\flutterDev\flutter\bin;C:\Users\Mega-PC\AppData\Local\GitHubDesktop\bin;
USERNAME=Mega-PC
OS=Windows_NT
PROCESSOR_IDENTIFIER=Intel64 Family 6 Model 151 Stepping 5, GenuineIntel
TMP=C:\Users\Mega-PC\AppData\Local\Temp
TEMP=C:\Users\Mega-PC\AppData\Local\Temp



Periodic native trim disabled

JNI global refs:
JNI global refs: 28, weak refs: 3

JNI global refs memory usage: 843, weak refs: 841

Process memory usage:
Resident Set Size: 199536K (0% of 33392548K total physical memory with 15937888K free physical memory)

OOME stack traces (most recent first):
Classloader memory used:
Loader jdk.internal.loader.ClassLoaders$AppClassLoader                                 : 1853K
Loader bootstrap                                                                       : 637K
Loader jdk.internal.loader.ClassLoaders$PlatformClassLoader                            : 44175B
Loader jdk.internal.reflect.DelegatingClassLoader                                      : 1560B
Loader com.sun.javafx.reflect.MethodUtil                                               : 364B


---------------  S Y S T E M  ---------------

OS:
 Windows 10 , 64 bit Build 19041 (10.0.19041.5438)
OS uptime: 3 days 1:06 hours

CPU: total 12 (initial active 12) (6 cores per cpu, 2 threads per core) family 6 model 151 stepping 5 microcode 0x18, cx8, cmov, fxsr, ht, mmx, 3dnowpref, sse, sse2, sse3, ssse3, sse4.1, sse4.2, popcnt, lzcnt, tsc, tscinvbit, avx, avx2, aes, erms, clmul, bmi1, bmi2, adx, sha, fma, vzeroupper, clflush, clflushopt, clwb
Processor Information for all 12 processors :
  Max Mhz: 2500, Current Mhz: 2500, Mhz Limit: 2500

Memory: 4k page, system-wide physical 32609M (15563M free)
TotalPageFile size 37473M (AvailPageFile size 7474M)
current process WorkingSet (physical memory assigned to process): 195M, peak: 195M
current process commit charge ("private bytes"): 799M, peak: 799M

vm_info: OpenJDK 64-Bit Server VM (17.0.12+1-b1207.37) for windows-amd64 JRE (17.0.12+1-b1207.37), built on 2024-09-25 by "builduser" with MS VC++ 16.10 / 16.11 (VS2019)

END.
